HeavyFlavor_1000_1_o1x.root
HeavyFlavor_1001_1_McB.root
HeavyFlavor_1002_1_TlH.root
HeavyFlavor_1003_1_syw.root
HeavyFlavor_1004_1_a7y.root
HeavyFlavor_1005_1_xXY.root
HeavyFlavor_1006_2_x34.root
HeavyFlavor_1007_1_ss5.root
HeavyFlavor_1008_1_dgX.root
HeavyFlavor_1009_1_hMY.root
HeavyFlavor_100_1_HCL.root
HeavyFlavor_1010_1_eYK.root
HeavyFlavor_1011_1_wWp.root
HeavyFlavor_1012_1_Dp8.root
HeavyFlavor_1013_1_6q7.root
HeavyFlavor_1014_1_nvn.root
HeavyFlavor_1015_1_MgK.root
HeavyFlavor_1016_1_EYn.root
HeavyFlavor_1017_1_Zx5.root
HeavyFlavor_1018_1_vzn.root
HeavyFlavor_1019_1_ft7.root
HeavyFlavor_101_1_ZyL.root
HeavyFlavor_1020_1_tzh.root
HeavyFlavor_1021_1_uaw.root
HeavyFlavor_1022_1_838.root
HeavyFlavor_1023_1_iIh.root
HeavyFlavor_1024_1_kLk.root
HeavyFlavor_1025_2_xcD.root
HeavyFlavor_1026_1_zTb.root
HeavyFlavor_1027_1_uMP.root
HeavyFlavor_1028_1_TZn.root
HeavyFlavor_1029_1_llU.root
HeavyFlavor_102_1_3BM.root
HeavyFlavor_1030_1_Peh.root
HeavyFlavor_1031_1_PEx.root
HeavyFlavor_1032_1_RbS.root
HeavyFlavor_1033_1_wJz.root
HeavyFlavor_1034_1_1xR.root
HeavyFlavor_1035_1_B82.root
HeavyFlavor_1036_1_u3H.root
HeavyFlavor_1037_1_zkT.root
HeavyFlavor_1038_1_eIT.root
HeavyFlavor_1039_1_wAd.root
HeavyFlavor_103_1_4By.root
HeavyFlavor_1040_1_7Eh.root
HeavyFlavor_1041_1_V72.root
HeavyFlavor_1042_1_GVf.root
HeavyFlavor_1043_1_oWc.root
HeavyFlavor_1044_1_OBu.root
HeavyFlavor_1045_1_4eF.root
HeavyFlavor_1046_1_qnX.root
HeavyFlavor_1047_1_Jau.root
HeavyFlavor_1048_1_Z2E.root
HeavyFlavor_1049_1_UgH.root
HeavyFlavor_104_1_unl.root
HeavyFlavor_1050_1_hHf.root
HeavyFlavor_1051_1_fMq.root
HeavyFlavor_1052_1_BBJ.root
HeavyFlavor_1053_1_aTY.root
HeavyFlavor_1054_1_ojQ.root
HeavyFlavor_1055_1_z4K.root
HeavyFlavor_1056_1_i0K.root
HeavyFlavor_1057_1_jDo.root
HeavyFlavor_1058_1_rzA.root
HeavyFlavor_1059_1_R1G.root
HeavyFlavor_105_1_JzC.root
HeavyFlavor_1060_1_YZK.root
HeavyFlavor_1061_1_Xn6.root
HeavyFlavor_1062_1_xlt.root
HeavyFlavor_1063_1_jXA.root
HeavyFlavor_1064_1_vp7.root
HeavyFlavor_1065_1_BID.root
HeavyFlavor_1066_1_aNC.root
HeavyFlavor_1067_1_Ufg.root
HeavyFlavor_1068_1_NTg.root
HeavyFlavor_1069_1_kBT.root
HeavyFlavor_106_1_Czw.root
HeavyFlavor_1070_1_Gzz.root
HeavyFlavor_1071_1_baK.root
HeavyFlavor_1072_1_LZ1.root
HeavyFlavor_1073_1_zaF.root
HeavyFlavor_1074_1_HoH.root
HeavyFlavor_1075_1_LYz.root
HeavyFlavor_1076_1_MSy.root
HeavyFlavor_1077_1_izu.root
HeavyFlavor_1078_1_QyE.root
HeavyFlavor_1079_1_F04.root
HeavyFlavor_107_1_DVn.root
HeavyFlavor_1080_1_IJA.root
HeavyFlavor_1081_1_kvU.root
HeavyFlavor_1082_1_ROw.root
HeavyFlavor_1083_1_0OO.root
HeavyFlavor_1084_2_fLm.root
HeavyFlavor_1085_1_N8F.root
HeavyFlavor_1086_1_3QP.root
HeavyFlavor_1087_1_MnT.root
HeavyFlavor_1088_1_08r.root
HeavyFlavor_1089_1_2pB.root
HeavyFlavor_108_1_sGE.root
HeavyFlavor_1090_1_rpA.root
HeavyFlavor_1091_1_Siu.root
HeavyFlavor_1092_1_e2I.root
HeavyFlavor_1093_1_aat.root
HeavyFlavor_1094_1_Xj2.root
HeavyFlavor_1095_1_ekW.root
HeavyFlavor_1096_1_7Vc.root
HeavyFlavor_1097_1_78t.root
HeavyFlavor_1098_1_nsk.root
HeavyFlavor_1099_1_rA3.root
HeavyFlavor_109_1_HAV.root
HeavyFlavor_10_1_oOG.root
HeavyFlavor_1100_1_jTf.root
HeavyFlavor_1101_1_9Yf.root
HeavyFlavor_1102_1_jtw.root
HeavyFlavor_1103_1_QRE.root
HeavyFlavor_1104_1_jzc.root
HeavyFlavor_1105_1_Ojf.root
HeavyFlavor_1106_1_9UA.root
HeavyFlavor_1107_1_9om.root
HeavyFlavor_1108_1_X0a.root
HeavyFlavor_1109_1_11r.root
HeavyFlavor_110_1_J2C.root
HeavyFlavor_1110_1_t7q.root
HeavyFlavor_1111_1_0fY.root
HeavyFlavor_1112_1_iMw.root
HeavyFlavor_1113_1_cGs.root
HeavyFlavor_1114_2_YBR.root
HeavyFlavor_1115_1_oga.root
HeavyFlavor_1116_1_EqZ.root
HeavyFlavor_1117_1_69u.root
HeavyFlavor_1118_1_Lvj.root
HeavyFlavor_1119_1_YnI.root
HeavyFlavor_111_1_hqq.root
HeavyFlavor_1120_1_Qgz.root
HeavyFlavor_1121_1_mSy.root
HeavyFlavor_1122_1_4N6.root
HeavyFlavor_1123_1_3kX.root
HeavyFlavor_1124_1_JfV.root
HeavyFlavor_1125_1_Bex.root
HeavyFlavor_1126_1_lGF.root
HeavyFlavor_1127_1_w9l.root
HeavyFlavor_1128_1_8Kq.root
HeavyFlavor_1129_1_O8z.root
HeavyFlavor_112_1_zUY.root
HeavyFlavor_1130_1_H4F.root
HeavyFlavor_1131_1_hw3.root
HeavyFlavor_1132_1_42K.root
HeavyFlavor_1133_2_Xq1.root
HeavyFlavor_1134_1_4UT.root
HeavyFlavor_1135_1_HKX.root
HeavyFlavor_1136_1_dWD.root
HeavyFlavor_1137_1_H0W.root
HeavyFlavor_1138_1_rlL.root
HeavyFlavor_1139_1_ota.root
HeavyFlavor_113_1_so1.root
HeavyFlavor_1140_1_MwI.root
HeavyFlavor_1141_1_uKq.root
HeavyFlavor_1142_1_5dX.root
HeavyFlavor_1143_1_xBC.root
HeavyFlavor_1144_1_5rj.root
HeavyFlavor_1145_1_Dtf.root
HeavyFlavor_1146_1_eAZ.root
HeavyFlavor_1147_1_oSV.root
HeavyFlavor_1148_1_uIf.root
HeavyFlavor_1149_1_O7n.root
HeavyFlavor_114_1_uCO.root
HeavyFlavor_1150_1_4VX.root
HeavyFlavor_1151_1_cGZ.root
HeavyFlavor_1152_1_T8P.root
HeavyFlavor_1153_1_zwB.root
HeavyFlavor_1154_1_EuN.root
HeavyFlavor_1155_1_beu.root
HeavyFlavor_1156_1_Ffz.root
HeavyFlavor_1157_1_DJI.root
HeavyFlavor_1158_1_y9V.root
HeavyFlavor_1159_1_FbU.root
HeavyFlavor_115_2_snI.root
HeavyFlavor_1160_1_KKw.root
HeavyFlavor_1161_1_x3r.root
HeavyFlavor_1162_1_q1U.root
HeavyFlavor_1163_1_0xO.root
HeavyFlavor_1164_1_axT.root
HeavyFlavor_1165_1_RCj.root
HeavyFlavor_1166_1_8jN.root
HeavyFlavor_1167_1_UXz.root
HeavyFlavor_1168_1_UVz.root
HeavyFlavor_1169_1_Hbl.root
HeavyFlavor_116_2_swg.root
HeavyFlavor_1170_1_QqS.root
HeavyFlavor_1171_1_GkH.root
HeavyFlavor_1172_1_dcC.root
HeavyFlavor_1173_1_s7v.root
HeavyFlavor_1174_1_o1R.root
HeavyFlavor_1175_1_iPw.root
HeavyFlavor_1176_1_AKN.root
HeavyFlavor_1177_1_fVS.root
HeavyFlavor_1178_1_hXo.root
HeavyFlavor_1179_1_Ulr.root
HeavyFlavor_117_2_B8O.root
HeavyFlavor_1180_1_Ry7.root
HeavyFlavor_1181_1_tZM.root
HeavyFlavor_1182_1_g4k.root
HeavyFlavor_1183_1_6Fj.root
HeavyFlavor_1184_1_bVq.root
HeavyFlavor_1185_1_LK8.root
HeavyFlavor_1186_1_ZFN.root
HeavyFlavor_1187_1_nnL.root
HeavyFlavor_1188_1_RNp.root
HeavyFlavor_1189_1_ekl.root
HeavyFlavor_118_1_TK9.root
HeavyFlavor_1190_1_jLJ.root
HeavyFlavor_1191_1_58C.root
HeavyFlavor_1192_1_3HM.root
HeavyFlavor_1193_1_lN3.root
HeavyFlavor_1194_1_zwk.root
HeavyFlavor_1195_1_AtD.root
HeavyFlavor_1196_1_IV0.root
HeavyFlavor_1197_1_KsF.root
HeavyFlavor_1198_1_mf5.root
HeavyFlavor_1199_1_UZr.root
HeavyFlavor_119_1_tHZ.root
HeavyFlavor_11_1_QgJ.root
HeavyFlavor_1200_1_I7f.root
HeavyFlavor_1201_1_jwh.root
HeavyFlavor_1202_1_Kye.root
HeavyFlavor_1203_1_Yn9.root
HeavyFlavor_1204_1_zsg.root
HeavyFlavor_1205_1_L5P.root
HeavyFlavor_1206_1_ejT.root
HeavyFlavor_1207_1_oi0.root
HeavyFlavor_1208_1_Bhq.root
HeavyFlavor_1209_1_7Tb.root
HeavyFlavor_120_1_bZG.root
HeavyFlavor_1210_1_IxT.root
HeavyFlavor_1211_1_hHF.root
HeavyFlavor_1212_1_cTt.root
HeavyFlavor_1213_1_xEd.root
HeavyFlavor_1214_1_XYD.root
HeavyFlavor_1215_1_6PZ.root
HeavyFlavor_1216_1_ZCK.root
HeavyFlavor_1217_1_zm1.root
HeavyFlavor_1218_1_OM0.root
HeavyFlavor_1219_1_W7P.root
HeavyFlavor_121_1_nxP.root
HeavyFlavor_1220_2_UqW.root
HeavyFlavor_1221_1_ulo.root
HeavyFlavor_1222_1_r8E.root
HeavyFlavor_1223_1_9Yw.root
HeavyFlavor_1224_1_MkI.root
HeavyFlavor_1225_1_Ukd.root
HeavyFlavor_1226_1_gsN.root
HeavyFlavor_1227_1_vSo.root
HeavyFlavor_1228_1_mI6.root
HeavyFlavor_1229_1_2lq.root
HeavyFlavor_122_1_IOk.root
HeavyFlavor_1230_1_Hui.root
HeavyFlavor_1231_1_lea.root
HeavyFlavor_1232_1_Xgq.root
HeavyFlavor_1233_1_1KM.root
HeavyFlavor_1234_1_0zy.root
HeavyFlavor_1235_1_zfG.root
HeavyFlavor_1236_1_Dku.root
HeavyFlavor_1237_1_6W3.root
HeavyFlavor_1238_1_KaW.root
HeavyFlavor_1239_1_AhK.root
HeavyFlavor_123_2_GoK.root
HeavyFlavor_1240_1_owv.root
HeavyFlavor_1241_1_rsJ.root
HeavyFlavor_1242_1_BsB.root
HeavyFlavor_1243_1_wUu.root
HeavyFlavor_1244_1_KX8.root
HeavyFlavor_1245_1_XuW.root
HeavyFlavor_1246_1_3eL.root
HeavyFlavor_1247_1_Fza.root
HeavyFlavor_1248_1_7os.root
HeavyFlavor_1249_1_BBV.root
HeavyFlavor_124_1_GLA.root
HeavyFlavor_1250_1_m7C.root
HeavyFlavor_125_1_4hc.root
HeavyFlavor_126_1_K6Q.root
HeavyFlavor_127_1_Orn.root
HeavyFlavor_128_1_JZX.root
HeavyFlavor_129_1_39V.root
HeavyFlavor_12_1_Ua3.root
HeavyFlavor_130_1_NPk.root
HeavyFlavor_131_1_3Z0.root
HeavyFlavor_132_1_TPD.root
HeavyFlavor_133_1_9yz.root
HeavyFlavor_134_1_gZf.root
HeavyFlavor_135_1_wg7.root
HeavyFlavor_136_1_Dqz.root
HeavyFlavor_137_1_vJt.root
HeavyFlavor_138_1_tic.root
HeavyFlavor_139_1_LA0.root
HeavyFlavor_13_1_zQi.root
HeavyFlavor_140_1_PzY.root
HeavyFlavor_141_1_SWd.root
HeavyFlavor_142_1_8iQ.root
HeavyFlavor_143_2_GTG.root
HeavyFlavor_144_1_BfT.root
HeavyFlavor_145_1_uHz.root
HeavyFlavor_146_1_MCF.root
HeavyFlavor_147_1_vyk.root
HeavyFlavor_148_1_hTY.root
HeavyFlavor_149_1_nKA.root
HeavyFlavor_14_1_35W.root
HeavyFlavor_150_1_ERf.root
HeavyFlavor_151_1_2Ri.root
HeavyFlavor_152_1_9je.root
HeavyFlavor_153_1_kVx.root
HeavyFlavor_154_1_4HJ.root
HeavyFlavor_155_1_Ei3.root
HeavyFlavor_156_2_jdf.root
HeavyFlavor_157_1_dFs.root
HeavyFlavor_158_1_5Ah.root
HeavyFlavor_159_1_rG5.root
HeavyFlavor_15_1_fma.root
HeavyFlavor_160_1_q3c.root
HeavyFlavor_161_2_hnD.root
HeavyFlavor_162_2_YlV.root
HeavyFlavor_163_1_O9x.root
HeavyFlavor_164_1_ZyK.root
HeavyFlavor_165_1_tXj.root
HeavyFlavor_166_1_GNr.root
HeavyFlavor_167_1_h7J.root
HeavyFlavor_168_1_j7M.root
HeavyFlavor_169_1_Cek.root
HeavyFlavor_16_1_vtx.root
HeavyFlavor_170_1_Wsu.root
HeavyFlavor_171_1_AM0.root
HeavyFlavor_172_1_ASY.root
HeavyFlavor_173_1_TLZ.root
HeavyFlavor_174_1_V8U.root
HeavyFlavor_175_1_sxL.root
HeavyFlavor_176_1_EVI.root
HeavyFlavor_177_1_y65.root
HeavyFlavor_178_1_YfF.root
HeavyFlavor_179_1_xEE.root
HeavyFlavor_17_1_gLC.root
HeavyFlavor_180_1_DFf.root
HeavyFlavor_181_1_VDP.root
HeavyFlavor_182_2_zI4.root
HeavyFlavor_183_1_gYV.root
HeavyFlavor_184_1_pyV.root
HeavyFlavor_185_1_gvX.root
HeavyFlavor_186_1_hlE.root
HeavyFlavor_187_1_PmT.root
HeavyFlavor_188_1_1Nb.root
HeavyFlavor_189_1_w2b.root
HeavyFlavor_18_1_5rO.root
HeavyFlavor_190_1_5Ds.root
HeavyFlavor_191_1_v5C.root
HeavyFlavor_192_1_Ae7.root
HeavyFlavor_193_2_Lgd.root
HeavyFlavor_194_1_XIc.root
HeavyFlavor_195_1_Qmt.root
HeavyFlavor_196_1_hPR.root
HeavyFlavor_197_1_ifC.root
HeavyFlavor_198_1_kBS.root
HeavyFlavor_199_1_VLq.root
HeavyFlavor_19_1_SxJ.root
HeavyFlavor_1_1_wue.root
HeavyFlavor_200_1_o0t.root
HeavyFlavor_201_2_ku5.root
HeavyFlavor_202_1_lwg.root
HeavyFlavor_203_1_Qyz.root
HeavyFlavor_204_1_DxA.root
HeavyFlavor_205_1_jmW.root
HeavyFlavor_206_2_qKM.root
HeavyFlavor_207_1_EDe.root
HeavyFlavor_208_1_m2w.root
HeavyFlavor_209_1_GxI.root
HeavyFlavor_20_1_Wii.root
HeavyFlavor_210_1_bHF.root
HeavyFlavor_211_1_amB.root
HeavyFlavor_212_1_Aez.root
HeavyFlavor_213_1_FG1.root
HeavyFlavor_214_1_jKS.root
HeavyFlavor_215_1_hAJ.root
HeavyFlavor_216_1_jZt.root
HeavyFlavor_217_1_TO5.root
HeavyFlavor_218_1_kb1.root
HeavyFlavor_219_1_kxZ.root
HeavyFlavor_21_1_dlY.root
HeavyFlavor_220_1_Kpy.root
HeavyFlavor_221_1_sWd.root
HeavyFlavor_222_1_MI4.root
HeavyFlavor_223_1_tBi.root
HeavyFlavor_224_1_mL8.root
HeavyFlavor_225_1_2Sx.root
HeavyFlavor_226_1_oU1.root
HeavyFlavor_227_1_4uz.root
HeavyFlavor_228_1_a4r.root
HeavyFlavor_229_1_9Zo.root
HeavyFlavor_22_1_V2p.root
HeavyFlavor_230_1_FdB.root
HeavyFlavor_231_1_LA5.root
HeavyFlavor_232_1_3qI.root
HeavyFlavor_233_1_co0.root
HeavyFlavor_234_1_w5B.root
HeavyFlavor_235_1_dkE.root
HeavyFlavor_236_1_E3e.root
HeavyFlavor_237_1_WVv.root
HeavyFlavor_238_2_ROL.root
HeavyFlavor_239_1_Rha.root
HeavyFlavor_23_1_RXD.root
HeavyFlavor_240_2_BE1.root
HeavyFlavor_241_1_jZE.root
HeavyFlavor_242_1_Cc7.root
HeavyFlavor_243_1_1FM.root
HeavyFlavor_244_1_E13.root
HeavyFlavor_245_1_HgC.root
HeavyFlavor_246_1_dO5.root
HeavyFlavor_247_1_Q5c.root
HeavyFlavor_248_1_WrE.root
HeavyFlavor_249_1_01T.root
HeavyFlavor_24_1_OdG.root
HeavyFlavor_250_1_p5D.root
HeavyFlavor_251_1_cqP.root
HeavyFlavor_252_1_s11.root
HeavyFlavor_253_1_PKl.root
HeavyFlavor_254_1_UdK.root
HeavyFlavor_255_1_KXH.root
HeavyFlavor_256_1_xyM.root
HeavyFlavor_257_1_AJM.root
HeavyFlavor_258_1_fq8.root
HeavyFlavor_259_1_pZL.root
HeavyFlavor_25_1_BPb.root
HeavyFlavor_260_1_O1u.root
HeavyFlavor_261_1_8Ax.root
HeavyFlavor_262_1_q8f.root
HeavyFlavor_263_1_A71.root
HeavyFlavor_264_1_oEP.root
HeavyFlavor_265_1_HyA.root
HeavyFlavor_266_1_7yb.root
HeavyFlavor_267_1_qnG.root
HeavyFlavor_268_1_CJh.root
HeavyFlavor_269_1_Yi6.root
HeavyFlavor_26_1_BOk.root
HeavyFlavor_270_1_OMe.root
HeavyFlavor_271_1_IBW.root
HeavyFlavor_272_1_cJc.root
HeavyFlavor_273_1_Upd.root
HeavyFlavor_274_1_01a.root
HeavyFlavor_275_1_EjK.root
HeavyFlavor_276_1_mwK.root
HeavyFlavor_277_1_gOe.root
HeavyFlavor_278_2_qio.root
HeavyFlavor_279_1_LM2.root
HeavyFlavor_27_1_53N.root
HeavyFlavor_280_1_Vf5.root
HeavyFlavor_281_1_OIK.root
HeavyFlavor_282_1_Usd.root
HeavyFlavor_283_1_sCt.root
HeavyFlavor_284_1_dJP.root
HeavyFlavor_285_2_pjA.root
HeavyFlavor_286_1_6F0.root
HeavyFlavor_287_1_Nws.root
HeavyFlavor_288_2_vgn.root
HeavyFlavor_289_1_3xf.root
HeavyFlavor_28_1_P98.root
HeavyFlavor_290_1_NnZ.root
HeavyFlavor_291_1_8Ya.root
HeavyFlavor_292_2_wYR.root
HeavyFlavor_293_1_u02.root
HeavyFlavor_294_1_oAI.root
HeavyFlavor_295_2_Ga8.root
HeavyFlavor_296_1_fuL.root
HeavyFlavor_297_1_iGg.root
HeavyFlavor_298_1_hKz.root
HeavyFlavor_299_1_LDW.root
HeavyFlavor_29_1_QGZ.root
HeavyFlavor_2_1_ADz.root
HeavyFlavor_300_1_kti.root
HeavyFlavor_301_1_QqP.root
HeavyFlavor_302_1_qcs.root
HeavyFlavor_303_1_IIi.root
HeavyFlavor_304_1_GoX.root
HeavyFlavor_305_1_2Yw.root
HeavyFlavor_306_1_o0I.root
HeavyFlavor_307_1_lF6.root
HeavyFlavor_308_2_a62.root
HeavyFlavor_309_1_Mgg.root
HeavyFlavor_30_1_acd.root
HeavyFlavor_310_1_ouc.root
HeavyFlavor_311_1_dqW.root
HeavyFlavor_312_2_FsC.root
HeavyFlavor_313_1_4gF.root
HeavyFlavor_314_1_Izj.root
HeavyFlavor_315_1_ep7.root
HeavyFlavor_316_1_xP3.root
HeavyFlavor_317_1_QUe.root
HeavyFlavor_318_1_46J.root
HeavyFlavor_319_1_AQI.root
HeavyFlavor_31_1_Bq1.root
HeavyFlavor_320_1_RF2.root
HeavyFlavor_321_1_1Py.root
HeavyFlavor_322_1_7lW.root
HeavyFlavor_323_1_Sr8.root
HeavyFlavor_324_1_AfV.root
HeavyFlavor_325_1_wK5.root
HeavyFlavor_326_1_Yn8.root
HeavyFlavor_327_1_JOi.root
HeavyFlavor_328_1_fag.root
HeavyFlavor_329_1_uLc.root
HeavyFlavor_32_1_z8o.root
HeavyFlavor_330_1_tFo.root
HeavyFlavor_331_1_eo9.root
HeavyFlavor_332_1_BEj.root
HeavyFlavor_333_1_XOD.root
HeavyFlavor_334_1_4Uk.root
HeavyFlavor_335_1_cU5.root
HeavyFlavor_336_1_AxL.root
HeavyFlavor_337_1_uIj.root
HeavyFlavor_338_1_TaU.root
HeavyFlavor_339_1_oQK.root
HeavyFlavor_33_1_UKN.root
HeavyFlavor_340_1_v4R.root
HeavyFlavor_341_1_mDl.root
HeavyFlavor_342_1_JYP.root
HeavyFlavor_343_1_CWk.root
HeavyFlavor_344_1_BZP.root
HeavyFlavor_345_1_wh8.root
HeavyFlavor_346_1_MWz.root
HeavyFlavor_347_1_Neq.root
HeavyFlavor_348_1_nBQ.root
HeavyFlavor_349_1_6Bu.root
HeavyFlavor_34_1_00I.root
HeavyFlavor_350_1_iN7.root
HeavyFlavor_351_1_bNd.root
HeavyFlavor_352_1_lK5.root
HeavyFlavor_353_1_f5H.root
HeavyFlavor_354_1_YXO.root
HeavyFlavor_355_1_1Z0.root
HeavyFlavor_356_1_lHQ.root
HeavyFlavor_357_1_ugU.root
HeavyFlavor_358_1_Cfj.root
HeavyFlavor_359_1_1LA.root
HeavyFlavor_35_1_RbU.root
HeavyFlavor_360_1_TPw.root
HeavyFlavor_361_1_HYn.root
HeavyFlavor_362_1_5Yv.root
HeavyFlavor_363_1_k0C.root
HeavyFlavor_364_1_Kkn.root
HeavyFlavor_365_1_fNi.root
HeavyFlavor_366_1_Cwk.root
HeavyFlavor_367_1_sYj.root
HeavyFlavor_368_1_fU2.root
HeavyFlavor_369_1_ma7.root
HeavyFlavor_36_1_yLN.root
HeavyFlavor_370_1_QWD.root
HeavyFlavor_371_1_uYO.root
HeavyFlavor_372_1_KeF.root
HeavyFlavor_373_1_Bfj.root
HeavyFlavor_374_1_8Ok.root
HeavyFlavor_375_1_CHz.root
HeavyFlavor_376_1_sAF.root
HeavyFlavor_377_1_Y6s.root
HeavyFlavor_378_1_Zbw.root
HeavyFlavor_379_1_uLN.root
HeavyFlavor_37_1_roX.root
HeavyFlavor_380_1_2RC.root
HeavyFlavor_381_1_Lkz.root
HeavyFlavor_382_1_DCS.root
HeavyFlavor_383_1_YSs.root
HeavyFlavor_384_1_LPC.root
HeavyFlavor_385_1_Ypx.root
HeavyFlavor_386_1_6JI.root
HeavyFlavor_387_1_YJK.root
HeavyFlavor_388_1_tQx.root
HeavyFlavor_389_1_56N.root
HeavyFlavor_38_1_SAe.root
HeavyFlavor_390_1_iDj.root
HeavyFlavor_391_1_Ljg.root
HeavyFlavor_392_2_cqy.root
HeavyFlavor_393_2_EAo.root
HeavyFlavor_394_1_Xyv.root
HeavyFlavor_395_1_nnB.root
HeavyFlavor_396_1_6HL.root
HeavyFlavor_397_1_Qnh.root
HeavyFlavor_398_1_Zfh.root
HeavyFlavor_399_1_m9X.root
HeavyFlavor_39_1_inv.root
HeavyFlavor_3_1_xYZ.root
HeavyFlavor_400_1_SXw.root
HeavyFlavor_401_1_xom.root
HeavyFlavor_402_1_iqW.root
HeavyFlavor_403_1_qFu.root
HeavyFlavor_404_1_48e.root
HeavyFlavor_405_1_lDx.root
HeavyFlavor_406_1_WAu.root
HeavyFlavor_407_1_iMw.root
HeavyFlavor_408_1_Wql.root
HeavyFlavor_409_1_RtX.root
HeavyFlavor_40_1_60T.root
HeavyFlavor_410_1_75E.root
HeavyFlavor_411_1_qTz.root
HeavyFlavor_412_1_p3Q.root
HeavyFlavor_413_1_kBs.root
HeavyFlavor_414_1_BbH.root
HeavyFlavor_415_1_exo.root
HeavyFlavor_416_1_TV2.root
HeavyFlavor_417_1_CxF.root
HeavyFlavor_418_1_zSE.root
HeavyFlavor_419_1_LWL.root
HeavyFlavor_41_1_BCO.root
HeavyFlavor_420_1_Y4S.root
HeavyFlavor_421_1_3Kf.root
HeavyFlavor_422_1_okQ.root
HeavyFlavor_423_1_DsE.root
HeavyFlavor_424_1_LIL.root
HeavyFlavor_425_1_an7.root
HeavyFlavor_426_1_pSj.root
HeavyFlavor_427_1_N2J.root
HeavyFlavor_428_1_MW5.root
HeavyFlavor_429_1_b8n.root
HeavyFlavor_42_1_mKS.root
HeavyFlavor_430_1_Uk3.root
HeavyFlavor_431_1_wEQ.root
HeavyFlavor_432_1_39l.root
HeavyFlavor_433_1_LNt.root
HeavyFlavor_434_1_RqN.root
HeavyFlavor_435_1_uLQ.root
HeavyFlavor_436_1_gHD.root
HeavyFlavor_437_1_ZWD.root
HeavyFlavor_438_1_DKB.root
HeavyFlavor_439_1_F3i.root
HeavyFlavor_43_1_ZyU.root
HeavyFlavor_440_2_GM6.root
HeavyFlavor_441_1_SrW.root
HeavyFlavor_442_1_kCH.root
HeavyFlavor_443_1_LrF.root
HeavyFlavor_444_1_jyL.root
HeavyFlavor_445_1_EdD.root
HeavyFlavor_446_1_9Zw.root
HeavyFlavor_447_1_y2s.root
HeavyFlavor_448_1_LOz.root
HeavyFlavor_449_1_BoG.root
HeavyFlavor_44_1_8bb.root
HeavyFlavor_450_1_jcn.root
HeavyFlavor_451_1_9Co.root
HeavyFlavor_452_1_3uu.root
HeavyFlavor_453_1_z2i.root
HeavyFlavor_454_1_nsy.root
HeavyFlavor_455_1_oBg.root
HeavyFlavor_456_1_He4.root
HeavyFlavor_457_1_6re.root
HeavyFlavor_458_1_2AY.root
HeavyFlavor_459_1_5pZ.root
HeavyFlavor_45_1_0wq.root
HeavyFlavor_460_1_VTg.root
HeavyFlavor_461_1_4rd.root
HeavyFlavor_462_1_TcQ.root
HeavyFlavor_463_1_2S8.root
HeavyFlavor_464_1_1QQ.root
HeavyFlavor_465_1_Vp4.root
HeavyFlavor_466_1_tPI.root
HeavyFlavor_467_1_xUp.root
HeavyFlavor_468_1_kLU.root
HeavyFlavor_469_2_vz3.root
HeavyFlavor_46_1_5JG.root
HeavyFlavor_470_1_SzX.root
HeavyFlavor_471_2_IQz.root
HeavyFlavor_472_1_Nsn.root
HeavyFlavor_473_1_BoW.root
HeavyFlavor_474_1_qwu.root
HeavyFlavor_475_1_zbP.root
HeavyFlavor_476_1_eda.root
HeavyFlavor_477_1_HCe.root
HeavyFlavor_478_1_VCe.root
HeavyFlavor_479_1_U6I.root
HeavyFlavor_47_1_CZM.root
HeavyFlavor_480_1_CUe.root
HeavyFlavor_481_1_QBm.root
HeavyFlavor_482_1_4Hg.root
HeavyFlavor_483_2_I3u.root
HeavyFlavor_484_1_yvS.root
HeavyFlavor_485_1_wES.root
HeavyFlavor_486_1_vQE.root
HeavyFlavor_487_1_PWJ.root
HeavyFlavor_488_1_CJB.root
HeavyFlavor_489_1_noU.root
HeavyFlavor_48_1_4Ts.root
HeavyFlavor_490_1_016.root
HeavyFlavor_491_1_y2q.root
HeavyFlavor_492_1_cuR.root
HeavyFlavor_493_1_dOA.root
HeavyFlavor_494_1_uPZ.root
HeavyFlavor_495_1_tXW.root
HeavyFlavor_496_1_Vsx.root
HeavyFlavor_497_1_R6C.root
HeavyFlavor_498_1_n6I.root
HeavyFlavor_499_1_vZx.root
HeavyFlavor_49_1_BhP.root
HeavyFlavor_4_1_hD5.root
HeavyFlavor_500_1_Kpl.root
HeavyFlavor_501_1_g5B.root
HeavyFlavor_502_1_kl3.root
HeavyFlavor_503_2_dR6.root
HeavyFlavor_504_1_YcM.root
HeavyFlavor_505_1_apv.root
HeavyFlavor_506_1_t1C.root
HeavyFlavor_507_1_H50.root
HeavyFlavor_508_1_5hl.root
HeavyFlavor_509_1_i9A.root
HeavyFlavor_50_1_9wl.root
HeavyFlavor_510_1_IDP.root
HeavyFlavor_511_1_Upp.root
HeavyFlavor_512_1_5gQ.root
HeavyFlavor_513_1_Yb7.root
HeavyFlavor_514_1_c5q.root
HeavyFlavor_515_1_Ncf.root
HeavyFlavor_516_1_0GN.root
HeavyFlavor_517_1_nWU.root
HeavyFlavor_518_1_Nnj.root
HeavyFlavor_519_1_QZ8.root
HeavyFlavor_51_1_pyz.root
HeavyFlavor_520_1_3Kq.root
HeavyFlavor_521_1_YtH.root
HeavyFlavor_522_1_a97.root
HeavyFlavor_523_1_ewJ.root
HeavyFlavor_524_1_8Po.root
HeavyFlavor_525_1_isM.root
HeavyFlavor_526_1_o9U.root
HeavyFlavor_527_1_XsX.root
HeavyFlavor_528_1_RYa.root
HeavyFlavor_529_1_azk.root
HeavyFlavor_52_1_ot1.root
HeavyFlavor_530_1_rcZ.root
HeavyFlavor_531_1_EUP.root
HeavyFlavor_532_1_MBw.root
HeavyFlavor_533_1_emp.root
HeavyFlavor_534_1_Nkt.root
HeavyFlavor_535_1_Jhf.root
HeavyFlavor_536_1_MS3.root
HeavyFlavor_537_1_MkC.root
HeavyFlavor_538_1_daW.root
HeavyFlavor_539_1_7IH.root
HeavyFlavor_53_1_yYO.root
HeavyFlavor_540_1_lqn.root
HeavyFlavor_541_1_Fxk.root
HeavyFlavor_542_1_KN9.root
HeavyFlavor_543_1_h1f.root
HeavyFlavor_544_1_skE.root
HeavyFlavor_545_1_K7D.root
HeavyFlavor_546_1_EHG.root
HeavyFlavor_547_1_spk.root
HeavyFlavor_548_1_LIl.root
HeavyFlavor_549_1_kc0.root
HeavyFlavor_54_1_0Ka.root
HeavyFlavor_550_1_aJm.root
HeavyFlavor_551_1_RWG.root
HeavyFlavor_552_1_sW6.root
HeavyFlavor_553_1_5Bx.root
HeavyFlavor_554_1_1UQ.root
HeavyFlavor_555_1_30e.root
HeavyFlavor_556_1_AMc.root
HeavyFlavor_557_1_nuf.root
HeavyFlavor_558_1_Wwc.root
HeavyFlavor_559_1_dNZ.root
HeavyFlavor_55_1_ewl.root
HeavyFlavor_560_1_Na3.root
HeavyFlavor_561_1_r3t.root
HeavyFlavor_562_2_TOX.root
HeavyFlavor_563_1_Mcd.root
HeavyFlavor_564_1_PAq.root
HeavyFlavor_565_1_gwZ.root
HeavyFlavor_566_1_z4S.root
HeavyFlavor_567_2_CXV.root
HeavyFlavor_568_1_g9v.root
HeavyFlavor_569_1_0ge.root
HeavyFlavor_56_1_zuw.root
HeavyFlavor_570_1_nhA.root
HeavyFlavor_571_1_bP0.root
HeavyFlavor_572_1_ecU.root
HeavyFlavor_573_1_Alr.root
HeavyFlavor_574_1_AT5.root
HeavyFlavor_575_1_rH3.root
HeavyFlavor_576_1_lgV.root
HeavyFlavor_577_1_KCX.root
HeavyFlavor_578_1_aPJ.root
HeavyFlavor_579_1_M50.root
HeavyFlavor_57_1_Kmm.root
HeavyFlavor_580_1_rcz.root
HeavyFlavor_581_1_wFd.root
HeavyFlavor_582_1_0h1.root
HeavyFlavor_583_1_UhI.root
HeavyFlavor_584_1_2PK.root
HeavyFlavor_585_1_M82.root
HeavyFlavor_586_1_O4A.root
HeavyFlavor_587_1_DHW.root
HeavyFlavor_588_1_B0F.root
HeavyFlavor_589_1_DLf.root
HeavyFlavor_58_1_X38.root
HeavyFlavor_590_1_gyy.root
HeavyFlavor_591_1_fJh.root
HeavyFlavor_592_1_pzL.root
HeavyFlavor_593_2_ETX.root
HeavyFlavor_594_1_XrA.root
HeavyFlavor_595_1_6nc.root
HeavyFlavor_596_1_DJI.root
HeavyFlavor_597_1_JIa.root
HeavyFlavor_598_1_2fq.root
HeavyFlavor_599_1_9Id.root
HeavyFlavor_59_1_84i.root
HeavyFlavor_5_1_9su.root
HeavyFlavor_600_1_MF7.root
HeavyFlavor_601_1_rKT.root
HeavyFlavor_602_1_aQE.root
HeavyFlavor_603_1_nX3.root
HeavyFlavor_604_1_AEv.root
HeavyFlavor_605_1_sCD.root
HeavyFlavor_606_1_rYz.root
HeavyFlavor_607_1_Rjs.root
HeavyFlavor_608_1_lXu.root
HeavyFlavor_609_1_xoV.root
HeavyFlavor_60_2_HVg.root
HeavyFlavor_610_1_Wi5.root
HeavyFlavor_611_1_yv9.root
HeavyFlavor_612_1_Gqh.root
HeavyFlavor_613_1_n5P.root
HeavyFlavor_614_1_kHN.root
HeavyFlavor_615_1_7hD.root
HeavyFlavor_616_1_ykI.root
HeavyFlavor_617_1_W0o.root
HeavyFlavor_618_1_X0y.root
HeavyFlavor_619_1_s6I.root
HeavyFlavor_61_1_L71.root
HeavyFlavor_620_1_pBU.root
HeavyFlavor_621_1_A8A.root
HeavyFlavor_622_1_9vq.root
HeavyFlavor_623_1_3Qi.root
HeavyFlavor_624_1_BRt.root
HeavyFlavor_625_1_Ykf.root
HeavyFlavor_626_1_kGF.root
HeavyFlavor_627_1_A3U.root
HeavyFlavor_628_1_MA4.root
HeavyFlavor_629_1_HTb.root
HeavyFlavor_62_1_hwO.root
HeavyFlavor_630_1_NBr.root
HeavyFlavor_631_1_ZrK.root
HeavyFlavor_632_1_J6N.root
HeavyFlavor_633_1_6oC.root
HeavyFlavor_634_1_Z8K.root
HeavyFlavor_635_1_We3.root
HeavyFlavor_636_1_l8q.root
HeavyFlavor_637_1_6u5.root
HeavyFlavor_638_1_FN9.root
HeavyFlavor_639_1_Csu.root
HeavyFlavor_63_1_4Fx.root
HeavyFlavor_640_1_TN2.root
HeavyFlavor_641_1_t3J.root
HeavyFlavor_642_1_hdu.root
HeavyFlavor_643_1_JM5.root
HeavyFlavor_644_1_324.root
HeavyFlavor_645_1_ZRD.root
HeavyFlavor_646_1_ECI.root
HeavyFlavor_647_1_hKp.root
HeavyFlavor_648_1_MvK.root
HeavyFlavor_649_1_yhl.root
HeavyFlavor_64_1_9db.root
HeavyFlavor_650_1_iSu.root
HeavyFlavor_651_1_jRd.root
HeavyFlavor_652_1_glz.root
HeavyFlavor_653_1_4CW.root
HeavyFlavor_654_1_3Bg.root
HeavyFlavor_655_1_pll.root
HeavyFlavor_656_1_gWK.root
HeavyFlavor_657_1_3G4.root
HeavyFlavor_658_1_JBq.root
HeavyFlavor_659_1_Bcw.root
HeavyFlavor_65_1_ibJ.root
HeavyFlavor_660_1_YnQ.root
HeavyFlavor_661_1_79H.root
HeavyFlavor_662_1_Epa.root
HeavyFlavor_663_1_edc.root
HeavyFlavor_664_1_zsb.root
HeavyFlavor_665_1_Tj5.root
HeavyFlavor_666_1_XkW.root
HeavyFlavor_667_1_i5Z.root
HeavyFlavor_668_1_WZa.root
HeavyFlavor_669_1_fs9.root
HeavyFlavor_66_1_CtY.root
HeavyFlavor_670_1_36C.root
HeavyFlavor_671_1_6WA.root
HeavyFlavor_672_1_fbp.root
HeavyFlavor_673_1_1Qm.root
HeavyFlavor_674_1_0Ri.root
HeavyFlavor_675_1_chd.root
HeavyFlavor_676_1_0Bd.root
HeavyFlavor_677_1_ZUo.root
HeavyFlavor_678_1_uc3.root
HeavyFlavor_679_1_GMf.root
HeavyFlavor_67_1_WWY.root
HeavyFlavor_680_1_7cV.root
HeavyFlavor_681_1_HqQ.root
HeavyFlavor_682_1_9Tu.root
HeavyFlavor_683_1_TdV.root
HeavyFlavor_684_2_18A.root
HeavyFlavor_685_1_BDf.root
HeavyFlavor_686_1_RQw.root
HeavyFlavor_687_1_8to.root
HeavyFlavor_688_1_mrZ.root
HeavyFlavor_689_1_lQi.root
HeavyFlavor_68_2_slf.root
HeavyFlavor_690_1_Sjd.root
HeavyFlavor_691_1_YyY.root
HeavyFlavor_692_1_m28.root
HeavyFlavor_693_1_Jt7.root
HeavyFlavor_694_1_Sfn.root
HeavyFlavor_695_1_2F7.root
HeavyFlavor_696_1_XZa.root
HeavyFlavor_697_1_drG.root
HeavyFlavor_698_1_noT.root
HeavyFlavor_699_1_eWJ.root
HeavyFlavor_69_1_d64.root
HeavyFlavor_6_1_RAU.root
HeavyFlavor_700_1_16P.root
HeavyFlavor_701_1_IgG.root
HeavyFlavor_702_1_dBy.root
HeavyFlavor_703_1_4Ae.root
HeavyFlavor_704_1_2rj.root
HeavyFlavor_705_1_P3W.root
HeavyFlavor_706_1_Dzc.root
HeavyFlavor_707_1_Cp0.root
HeavyFlavor_708_1_OKL.root
HeavyFlavor_709_1_Nwy.root
HeavyFlavor_70_1_WTh.root
HeavyFlavor_710_1_KnO.root
HeavyFlavor_711_1_qPa.root
HeavyFlavor_712_1_nse.root
HeavyFlavor_713_1_G4Q.root
HeavyFlavor_714_1_kWX.root
HeavyFlavor_715_1_5Ku.root
HeavyFlavor_716_1_KOD.root
HeavyFlavor_717_1_tUH.root
HeavyFlavor_718_1_b7f.root
HeavyFlavor_719_1_eFZ.root
HeavyFlavor_71_1_ZRs.root
HeavyFlavor_720_1_GzS.root
HeavyFlavor_721_1_IR8.root
HeavyFlavor_722_1_MdV.root
HeavyFlavor_723_1_o3i.root
HeavyFlavor_724_1_1XM.root
HeavyFlavor_725_1_GLW.root
HeavyFlavor_726_1_X4y.root
HeavyFlavor_727_1_oL1.root
HeavyFlavor_728_1_o3l.root
HeavyFlavor_729_1_Uyp.root
HeavyFlavor_72_1_5jo.root
HeavyFlavor_730_1_i2i.root
HeavyFlavor_731_1_P36.root
HeavyFlavor_732_1_vle.root
HeavyFlavor_733_1_QnJ.root
HeavyFlavor_734_1_lpZ.root
HeavyFlavor_735_1_WYE.root
HeavyFlavor_736_1_JSP.root
HeavyFlavor_737_1_Xky.root
HeavyFlavor_738_1_66U.root
HeavyFlavor_739_1_ZcL.root
HeavyFlavor_73_1_C8P.root
HeavyFlavor_740_2_rn1.root
HeavyFlavor_741_1_qLc.root
HeavyFlavor_742_1_D9f.root
HeavyFlavor_743_1_N5e.root
HeavyFlavor_744_1_4w6.root
HeavyFlavor_745_1_fmo.root
HeavyFlavor_746_1_ZNm.root
HeavyFlavor_747_1_pZ7.root
HeavyFlavor_748_1_xmx.root
HeavyFlavor_749_1_6cv.root
HeavyFlavor_74_1_Hwd.root
HeavyFlavor_750_2_4em.root
HeavyFlavor_751_1_15x.root
HeavyFlavor_752_1_EYZ.root
HeavyFlavor_753_1_SE8.root
HeavyFlavor_754_1_ja6.root
HeavyFlavor_755_1_LjP.root
HeavyFlavor_756_1_ZzB.root
HeavyFlavor_757_1_ROf.root
HeavyFlavor_758_1_EVT.root
HeavyFlavor_759_2_R4D.root
HeavyFlavor_75_1_EfD.root
HeavyFlavor_760_1_kA5.root
HeavyFlavor_761_1_gxK.root
HeavyFlavor_762_1_6d2.root
HeavyFlavor_763_1_r8a.root
HeavyFlavor_764_1_UWZ.root
HeavyFlavor_765_1_z6q.root
HeavyFlavor_766_1_jgu.root
HeavyFlavor_767_1_c3i.root
HeavyFlavor_768_1_4v9.root
HeavyFlavor_769_1_yeY.root
HeavyFlavor_76_1_yBu.root
HeavyFlavor_770_1_itp.root
HeavyFlavor_771_1_kTG.root
HeavyFlavor_772_2_aEc.root
HeavyFlavor_773_1_uop.root
HeavyFlavor_774_1_kNm.root
HeavyFlavor_775_1_iJk.root
HeavyFlavor_776_1_WAM.root
HeavyFlavor_777_1_K9W.root
HeavyFlavor_778_1_HE3.root
HeavyFlavor_779_1_qZQ.root
HeavyFlavor_77_1_nFg.root
HeavyFlavor_780_2_dSU.root
HeavyFlavor_781_1_38a.root
HeavyFlavor_782_1_dZ6.root
HeavyFlavor_783_1_Ayg.root
HeavyFlavor_784_1_Xdt.root
HeavyFlavor_785_1_8DA.root
HeavyFlavor_786_1_uTM.root
HeavyFlavor_787_1_OxG.root
HeavyFlavor_788_2_ACx.root
HeavyFlavor_789_1_aD8.root
HeavyFlavor_78_1_y8V.root
HeavyFlavor_790_1_Hld.root
HeavyFlavor_791_1_W5L.root
HeavyFlavor_792_1_VlZ.root
HeavyFlavor_793_1_jVA.root
HeavyFlavor_794_1_Jjq.root
HeavyFlavor_795_1_CFL.root
HeavyFlavor_796_1_oC1.root
HeavyFlavor_797_1_xK2.root
HeavyFlavor_798_1_bMs.root
HeavyFlavor_799_1_bIU.root
HeavyFlavor_79_1_NJK.root
HeavyFlavor_7_1_VDN.root
HeavyFlavor_800_1_ckq.root
HeavyFlavor_801_1_eSN.root
HeavyFlavor_802_1_iLO.root
HeavyFlavor_803_1_5y8.root
HeavyFlavor_804_1_1rR.root
HeavyFlavor_805_1_hdd.root
HeavyFlavor_806_1_y4b.root
HeavyFlavor_807_1_Dp4.root
HeavyFlavor_808_1_MjU.root
HeavyFlavor_809_1_riZ.root
HeavyFlavor_80_1_Ed1.root
HeavyFlavor_810_1_Etu.root
HeavyFlavor_811_1_m85.root
HeavyFlavor_812_1_h8X.root
HeavyFlavor_813_1_vMl.root
HeavyFlavor_814_1_vru.root
HeavyFlavor_815_1_Vrg.root
HeavyFlavor_816_1_EQq.root
HeavyFlavor_817_1_91k.root
HeavyFlavor_818_2_x4X.root
HeavyFlavor_819_1_UII.root
HeavyFlavor_81_1_hs5.root
HeavyFlavor_820_1_EYT.root
HeavyFlavor_821_1_NLh.root
HeavyFlavor_822_1_mUH.root
HeavyFlavor_823_1_rpf.root
HeavyFlavor_824_1_8sH.root
HeavyFlavor_825_1_2NT.root
HeavyFlavor_826_1_mIx.root
HeavyFlavor_827_1_vij.root
HeavyFlavor_828_1_noM.root
HeavyFlavor_829_1_Rz0.root
HeavyFlavor_82_1_xe3.root
HeavyFlavor_830_1_JZC.root
HeavyFlavor_831_1_DBi.root
HeavyFlavor_832_1_nyG.root
HeavyFlavor_833_1_mGm.root
HeavyFlavor_834_1_WgX.root
HeavyFlavor_835_1_HbE.root
HeavyFlavor_836_1_5ao.root
HeavyFlavor_837_1_YXR.root
HeavyFlavor_838_1_ZHT.root
HeavyFlavor_839_1_5ez.root
HeavyFlavor_83_1_pa3.root
HeavyFlavor_840_1_kQA.root
HeavyFlavor_841_1_I60.root
HeavyFlavor_842_1_eU3.root
HeavyFlavor_843_1_MoB.root
HeavyFlavor_844_1_x4M.root
HeavyFlavor_845_1_JJD.root
HeavyFlavor_846_1_Da7.root
HeavyFlavor_847_1_JIP.root
HeavyFlavor_848_1_Txr.root
HeavyFlavor_849_1_ObS.root
HeavyFlavor_84_2_9V2.root
HeavyFlavor_850_1_7U4.root
HeavyFlavor_851_1_oRr.root
HeavyFlavor_852_1_Enb.root
HeavyFlavor_853_1_AoW.root
HeavyFlavor_854_1_OjO.root
HeavyFlavor_855_2_bbl.root
HeavyFlavor_856_1_JUB.root
HeavyFlavor_857_1_xLJ.root
HeavyFlavor_858_1_Jfc.root
HeavyFlavor_859_1_2ix.root
HeavyFlavor_85_1_zI9.root
HeavyFlavor_860_1_II6.root
HeavyFlavor_861_2_2e3.root
HeavyFlavor_862_1_8q1.root
HeavyFlavor_863_1_8l8.root
HeavyFlavor_864_1_6uG.root
HeavyFlavor_865_1_0tn.root
HeavyFlavor_866_1_cdr.root
HeavyFlavor_867_1_APy.root
HeavyFlavor_868_1_3SO.root
HeavyFlavor_869_1_kpK.root
HeavyFlavor_86_1_b3y.root
HeavyFlavor_870_1_KuM.root
HeavyFlavor_871_1_rLX.root
HeavyFlavor_872_1_UX1.root
HeavyFlavor_873_1_gZx.root
HeavyFlavor_874_1_aw1.root
HeavyFlavor_875_2_GtL.root
HeavyFlavor_876_1_XWC.root
HeavyFlavor_877_1_f3F.root
HeavyFlavor_878_1_bhW.root
HeavyFlavor_879_1_vdf.root
HeavyFlavor_87_1_zcV.root
HeavyFlavor_880_1_eCc.root
HeavyFlavor_881_1_zYZ.root
HeavyFlavor_882_1_ly2.root
HeavyFlavor_883_1_M0y.root
HeavyFlavor_884_1_tQO.root
HeavyFlavor_885_1_QpQ.root
HeavyFlavor_886_1_1ej.root
HeavyFlavor_887_1_x1W.root
HeavyFlavor_888_1_s6U.root
HeavyFlavor_889_1_f6o.root
HeavyFlavor_88_1_HCm.root
HeavyFlavor_890_1_Uhz.root
HeavyFlavor_891_1_ldI.root
HeavyFlavor_892_1_UmG.root
HeavyFlavor_893_1_NHP.root
HeavyFlavor_894_1_MES.root
HeavyFlavor_895_1_NhX.root
HeavyFlavor_896_1_cJS.root
HeavyFlavor_897_1_uvu.root
HeavyFlavor_898_1_YOK.root
HeavyFlavor_899_1_1MH.root
HeavyFlavor_89_1_NCy.root
HeavyFlavor_8_1_XUp.root
HeavyFlavor_900_1_NRr.root
HeavyFlavor_901_1_tR4.root
HeavyFlavor_902_1_qHK.root
HeavyFlavor_903_1_n7E.root
HeavyFlavor_904_1_dib.root
HeavyFlavor_905_1_IoL.root
HeavyFlavor_906_1_Fh4.root
HeavyFlavor_907_1_ee5.root
HeavyFlavor_908_1_VdZ.root
HeavyFlavor_909_1_ZbV.root
HeavyFlavor_90_1_zc5.root
HeavyFlavor_910_1_sLS.root
HeavyFlavor_911_1_iLs.root
HeavyFlavor_912_1_e2P.root
HeavyFlavor_913_1_Cdm.root
HeavyFlavor_914_1_lkc.root
HeavyFlavor_915_2_W55.root
HeavyFlavor_916_1_euV.root
HeavyFlavor_917_1_C5F.root
HeavyFlavor_918_1_8Eq.root
HeavyFlavor_919_1_inp.root
HeavyFlavor_91_1_Iqk.root
HeavyFlavor_920_1_11q.root
HeavyFlavor_921_1_gZp.root
HeavyFlavor_922_1_VrN.root
HeavyFlavor_923_1_JEd.root
HeavyFlavor_924_1_drK.root
HeavyFlavor_925_1_Yn0.root
HeavyFlavor_926_1_WZN.root
HeavyFlavor_927_1_yCt.root
HeavyFlavor_928_1_J0n.root
HeavyFlavor_929_1_4O8.root
HeavyFlavor_92_1_xwC.root
HeavyFlavor_930_1_ujp.root
HeavyFlavor_931_1_7TH.root
HeavyFlavor_932_1_zF3.root
HeavyFlavor_933_1_DLQ.root
HeavyFlavor_934_1_OrW.root
HeavyFlavor_935_1_SRp.root
HeavyFlavor_936_1_7AN.root
HeavyFlavor_937_1_aQt.root
HeavyFlavor_938_1_RUu.root
HeavyFlavor_939_1_JDQ.root
HeavyFlavor_93_1_F2i.root
HeavyFlavor_940_1_gY5.root
HeavyFlavor_941_1_aB3.root
HeavyFlavor_942_1_G8O.root
HeavyFlavor_943_1_ZG0.root
HeavyFlavor_944_1_s2V.root
HeavyFlavor_945_1_CAN.root
HeavyFlavor_946_1_0yf.root
HeavyFlavor_947_1_5xB.root
HeavyFlavor_948_1_9eR.root
HeavyFlavor_949_2_i9S.root
HeavyFlavor_94_1_kAF.root
HeavyFlavor_950_1_Sw2.root
HeavyFlavor_951_1_fIr.root
HeavyFlavor_952_1_lSx.root
HeavyFlavor_953_1_YZD.root
HeavyFlavor_954_1_Ezr.root
HeavyFlavor_955_1_mdb.root
HeavyFlavor_956_1_wKY.root
HeavyFlavor_957_1_8Ly.root
HeavyFlavor_958_1_P8X.root
HeavyFlavor_959_1_d5R.root
HeavyFlavor_95_1_Qvh.root
HeavyFlavor_960_1_hIH.root
HeavyFlavor_961_1_B7t.root
HeavyFlavor_962_1_3HN.root
HeavyFlavor_963_1_xqF.root
HeavyFlavor_964_1_aqC.root
HeavyFlavor_965_1_DCa.root
HeavyFlavor_966_1_p2f.root
HeavyFlavor_967_1_Syd.root
HeavyFlavor_968_1_8kq.root
HeavyFlavor_969_1_iEi.root
HeavyFlavor_96_2_17f.root
HeavyFlavor_970_1_Euq.root
HeavyFlavor_971_1_rDM.root
HeavyFlavor_972_1_t3i.root
HeavyFlavor_973_1_o8u.root
HeavyFlavor_974_1_PRl.root
HeavyFlavor_975_1_z5w.root
HeavyFlavor_976_1_FUr.root
HeavyFlavor_977_1_9Tr.root
HeavyFlavor_978_1_RdE.root
HeavyFlavor_979_2_7lL.root
HeavyFlavor_97_2_Lng.root
HeavyFlavor_980_1_XBY.root
HeavyFlavor_981_2_NpL.root
HeavyFlavor_982_1_Cvl.root
HeavyFlavor_983_1_0vT.root
HeavyFlavor_984_1_GNa.root
HeavyFlavor_985_1_7CC.root
HeavyFlavor_986_1_ZL4.root
HeavyFlavor_987_1_u40.root
HeavyFlavor_988_1_9OI.root
HeavyFlavor_989_1_DA3.root
HeavyFlavor_98_1_QaH.root
HeavyFlavor_990_1_kEh.root
HeavyFlavor_991_1_eXe.root
HeavyFlavor_992_1_bhD.root
HeavyFlavor_993_1_jNW.root
HeavyFlavor_994_1_sCa.root
HeavyFlavor_995_1_LHq.root
HeavyFlavor_996_1_9d8.root
HeavyFlavor_997_1_ZNH.root
HeavyFlavor_998_1_OOt.root
HeavyFlavor_999_1_gvC.root
HeavyFlavor_99_1_Ozt.root
HeavyFlavor_9_1_0si.root
