HeavyFlavor_100_1_7Yj.root
HeavyFlavor_100_1_y4g.root
HeavyFlavor_101_1_DJw.root
HeavyFlavor_101_1_nzQ.root
HeavyFlavor_102_1_HnS.root
HeavyFlavor_102_1_tOY.root
HeavyFlavor_103_1_XUy.root
HeavyFlavor_103_1_chZ.root
HeavyFlavor_104_1_lqM.root
HeavyFlavor_104_1_tao.root
HeavyFlavor_105_1_5Ua.root
HeavyFlavor_105_1_kIW.root
HeavyFlavor_106_1_WKu.root
HeavyFlavor_106_1_ZKl.root
HeavyFlavor_107_1_LRJ.root
HeavyFlavor_107_2_API.root
HeavyFlavor_108_1_Nfr.root
HeavyFlavor_108_1_o4C.root
HeavyFlavor_109_1_Fmp.root
HeavyFlavor_109_1_eFb.root
HeavyFlavor_10_1_Xwi.root
HeavyFlavor_10_1_epF.root
HeavyFlavor_110_1_0OL.root
HeavyFlavor_110_1_Rp9.root
HeavyFlavor_111_1_Sya.root
HeavyFlavor_111_1_YlW.root
HeavyFlavor_112_1_0MF.root
HeavyFlavor_112_1_KjJ.root
HeavyFlavor_113_1_544.root
HeavyFlavor_113_1_u9l.root
HeavyFlavor_114_1_EGa.root
HeavyFlavor_114_1_lhC.root
HeavyFlavor_115_1_Ro3.root
HeavyFlavor_115_1_cJt.root
HeavyFlavor_116_1_fNV.root
HeavyFlavor_116_1_vQE.root
HeavyFlavor_117_1_RhP.root
HeavyFlavor_117_1_rW9.root
HeavyFlavor_118_1_Pig.root
HeavyFlavor_118_1_hLH.root
HeavyFlavor_119_1_Wnx.root
HeavyFlavor_119_1_weO.root
HeavyFlavor_11_1_Upu.root
HeavyFlavor_11_1_oOT.root
HeavyFlavor_120_1_Geu.root
HeavyFlavor_120_1_I7K.root
HeavyFlavor_121_1_JoC.root
HeavyFlavor_121_1_xda.root
HeavyFlavor_122_1_8aR.root
HeavyFlavor_122_1_9Gn.root
HeavyFlavor_123_1_Yi0.root
HeavyFlavor_123_1_guD.root
HeavyFlavor_124_1_d1m.root
HeavyFlavor_124_1_ngH.root
HeavyFlavor_125_1_Mmg.root
HeavyFlavor_125_1_NKe.root
HeavyFlavor_126_1_m5O.root
HeavyFlavor_126_1_m5c.root
HeavyFlavor_127_1_9Jp.root
HeavyFlavor_127_1_eJF.root
HeavyFlavor_128_1_Ey0.root
HeavyFlavor_128_1_jTJ.root
HeavyFlavor_129_1_QCf.root
HeavyFlavor_129_1_qmp.root
HeavyFlavor_12_1_rEI.root
HeavyFlavor_12_2_JbH.root
HeavyFlavor_130_1_cQz.root
HeavyFlavor_130_1_mOD.root
HeavyFlavor_131_1_1qH.root
HeavyFlavor_131_1_h5x.root
HeavyFlavor_132_1_2Iv.root
HeavyFlavor_132_1_M4P.root
HeavyFlavor_133_1_6cX.root
HeavyFlavor_133_1_KgM.root
HeavyFlavor_134_1_bge.root
HeavyFlavor_134_1_ruV.root
HeavyFlavor_135_1_9j1.root
HeavyFlavor_135_1_o7s.root
HeavyFlavor_136_1_n0c.root
HeavyFlavor_136_1_snR.root
HeavyFlavor_137_1_tk7.root
HeavyFlavor_137_1_wqu.root
HeavyFlavor_138_1_CyD.root
HeavyFlavor_138_1_qfq.root
HeavyFlavor_139_1_86C.root
HeavyFlavor_139_1_cNo.root
HeavyFlavor_13_1_2uS.root
HeavyFlavor_13_1_LmF.root
HeavyFlavor_140_1_OaC.root
HeavyFlavor_140_1_dES.root
HeavyFlavor_141_1_7yA.root
HeavyFlavor_141_1_VFb.root
HeavyFlavor_142_1_Pk7.root
HeavyFlavor_142_1_TQF.root
HeavyFlavor_143_1_ACJ.root
HeavyFlavor_143_1_q93.root
HeavyFlavor_144_1_v82.root
HeavyFlavor_144_2_nAF.root
HeavyFlavor_145_1_0w0.root
HeavyFlavor_145_1_tlm.root
HeavyFlavor_146_1_2uI.root
HeavyFlavor_146_1_NTB.root
HeavyFlavor_147_1_854.root
HeavyFlavor_147_1_VHT.root
HeavyFlavor_148_1_2Vp.root
HeavyFlavor_148_1_90n.root
HeavyFlavor_149_1_SjE.root
HeavyFlavor_149_1_WdS.root
HeavyFlavor_14_1_KRr.root
HeavyFlavor_14_1_Rwp.root
HeavyFlavor_150_1_1O1.root
HeavyFlavor_150_1_SZr.root
HeavyFlavor_151_1_5Ag.root
HeavyFlavor_151_1_6gn.root
HeavyFlavor_152_1_BAb.root
HeavyFlavor_152_1_OQL.root
HeavyFlavor_153_1_Yxc.root
HeavyFlavor_153_1_qaw.root
HeavyFlavor_154_1_6kQ.root
HeavyFlavor_154_1_7yH.root
HeavyFlavor_155_1_JoJ.root
HeavyFlavor_155_1_zuz.root
HeavyFlavor_156_1_1bu.root
HeavyFlavor_156_1_yex.root
HeavyFlavor_157_1_1gs.root
HeavyFlavor_157_1_JcV.root
HeavyFlavor_158_1_BtF.root
HeavyFlavor_158_1_HYq.root
HeavyFlavor_159_1_ICP.root
HeavyFlavor_159_1_YgP.root
HeavyFlavor_15_1_PSv.root
HeavyFlavor_15_1_UFv.root
HeavyFlavor_160_1_gh5.root
HeavyFlavor_160_1_mDu.root
HeavyFlavor_161_1_H50.root
HeavyFlavor_161_2_umZ.root
HeavyFlavor_162_1_Pz5.root
HeavyFlavor_162_1_Y8x.root
HeavyFlavor_163_1_Djq.root
HeavyFlavor_163_1_feb.root
HeavyFlavor_164_1_Iju.root
HeavyFlavor_164_1_Uid.root
HeavyFlavor_165_1_Ao5.root
HeavyFlavor_165_2_9wP.root
HeavyFlavor_166_1_6ac.root
HeavyFlavor_166_1_CU9.root
HeavyFlavor_167_1_6FC.root
HeavyFlavor_167_1_q9e.root
HeavyFlavor_168_1_5rS.root
HeavyFlavor_168_1_9eS.root
HeavyFlavor_169_1_4qw.root
HeavyFlavor_169_1_Ogb.root
HeavyFlavor_16_1_jtW.root
HeavyFlavor_16_1_yCf.root
HeavyFlavor_170_1_MqB.root
HeavyFlavor_170_1_d80.root
HeavyFlavor_171_1_vQA.root
HeavyFlavor_171_1_zUX.root
HeavyFlavor_172_1_MUf.root
HeavyFlavor_172_1_jZa.root
HeavyFlavor_173_1_Hq7.root
HeavyFlavor_173_1_siV.root
HeavyFlavor_174_1_6he.root
HeavyFlavor_174_1_sjD.root
HeavyFlavor_175_1_g3m.root
HeavyFlavor_175_1_o79.root
HeavyFlavor_176_1_76o.root
HeavyFlavor_176_1_QLY.root
HeavyFlavor_177_1_6lL.root
HeavyFlavor_177_1_fpZ.root
HeavyFlavor_178_1_ahm.root
HeavyFlavor_178_1_snr.root
HeavyFlavor_179_1_Nuu.root
HeavyFlavor_179_1_WZU.root
HeavyFlavor_17_1_9b9.root
HeavyFlavor_17_1_kUH.root
HeavyFlavor_180_1_t25.root
HeavyFlavor_180_2_Y0U.root
HeavyFlavor_181_1_3AU.root
HeavyFlavor_181_1_Hx6.root
HeavyFlavor_182_1_Xwb.root
HeavyFlavor_182_1_hcq.root
HeavyFlavor_183_1_IQe.root
HeavyFlavor_183_2_gbZ.root
HeavyFlavor_184_1_Mcu.root
HeavyFlavor_184_1_pEQ.root
HeavyFlavor_185_1_5r3.root
HeavyFlavor_185_1_SUM.root
HeavyFlavor_186_1_9OE.root
HeavyFlavor_186_1_dKn.root
HeavyFlavor_187_1_OKr.root
HeavyFlavor_187_1_lf9.root
HeavyFlavor_188_1_uYh.root
HeavyFlavor_188_1_ypU.root
HeavyFlavor_189_1_AQk.root
HeavyFlavor_189_1_tUh.root
HeavyFlavor_18_1_G80.root
HeavyFlavor_18_1_WHm.root
HeavyFlavor_190_1_TtZ.root
HeavyFlavor_190_1_Y3v.root
HeavyFlavor_191_1_7y7.root
HeavyFlavor_191_1_NFQ.root
HeavyFlavor_192_2_105.root
HeavyFlavor_192_2_oED.root
HeavyFlavor_193_1_a5x.root
HeavyFlavor_193_1_c3v.root
HeavyFlavor_194_1_dnr.root
HeavyFlavor_194_1_jaK.root
HeavyFlavor_195_1_ddr.root
HeavyFlavor_195_2_SWY.root
HeavyFlavor_196_1_IFG.root
HeavyFlavor_196_1_YJo.root
HeavyFlavor_197_1_3bZ.root
HeavyFlavor_197_1_RdL.root
HeavyFlavor_198_1_ynR.root
HeavyFlavor_198_2_QO2.root
HeavyFlavor_199_1_6gx.root
HeavyFlavor_199_1_yvM.root
HeavyFlavor_19_1_IwN.root
HeavyFlavor_19_1_Yqs.root
HeavyFlavor_1_1_T6H.root
HeavyFlavor_1_1_uS0.root
HeavyFlavor_200_1_hur.root
HeavyFlavor_200_1_i9d.root
HeavyFlavor_201_1_RY4.root
HeavyFlavor_201_1_ulo.root
HeavyFlavor_202_1_ERO.root
HeavyFlavor_202_1_maz.root
HeavyFlavor_203_1_2GJ.root
HeavyFlavor_203_1_vxe.root
HeavyFlavor_204_1_8KC.root
HeavyFlavor_204_1_jLr.root
HeavyFlavor_205_1_arl.root
HeavyFlavor_205_1_dRV.root
HeavyFlavor_206_1_L52.root
HeavyFlavor_206_1_i0P.root
HeavyFlavor_207_1_Avf.root
HeavyFlavor_207_1_BAE.root
HeavyFlavor_208_1_RBk.root
HeavyFlavor_208_1_Zbj.root
HeavyFlavor_209_1_HCM.root
HeavyFlavor_209_1_Wja.root
HeavyFlavor_20_1_PVd.root
HeavyFlavor_20_1_V25.root
HeavyFlavor_210_1_nzj.root
HeavyFlavor_210_2_3Pt.root
HeavyFlavor_211_1_2TI.root
HeavyFlavor_211_1_QWo.root
HeavyFlavor_212_1_RCH.root
HeavyFlavor_212_1_g19.root
HeavyFlavor_213_1_geG.root
HeavyFlavor_213_1_kap.root
HeavyFlavor_214_1_G2O.root
HeavyFlavor_214_1_pIo.root
HeavyFlavor_215_1_a1Z.root
HeavyFlavor_215_1_m3K.root
HeavyFlavor_216_1_IYK.root
HeavyFlavor_216_1_ORm.root
HeavyFlavor_217_1_2GR.root
HeavyFlavor_217_1_Mrf.root
HeavyFlavor_218_1_Mab.root
HeavyFlavor_218_1_UKq.root
HeavyFlavor_219_1_Nvw.root
HeavyFlavor_219_1_xTB.root
HeavyFlavor_21_1_4Hg.root
HeavyFlavor_21_1_Pbu.root
HeavyFlavor_220_1_0uI.root
HeavyFlavor_220_1_PFy.root
HeavyFlavor_221_1_Uws.root
HeavyFlavor_221_1_ZgI.root
HeavyFlavor_222_1_9kg.root
HeavyFlavor_222_1_Oix.root
HeavyFlavor_223_1_CpB.root
HeavyFlavor_223_1_jol.root
HeavyFlavor_224_1_dBz.root
HeavyFlavor_224_2_Ddm.root
HeavyFlavor_225_1_6yI.root
HeavyFlavor_225_1_mgm.root
HeavyFlavor_226_1_08G.root
HeavyFlavor_226_1_lSC.root
HeavyFlavor_227_1_0HT.root
HeavyFlavor_227_1_QsL.root
HeavyFlavor_228_1_YYf.root
HeavyFlavor_228_1_sWb.root
HeavyFlavor_229_1_5o0.root
HeavyFlavor_229_1_GUj.root
HeavyFlavor_22_1_Hq2.root
HeavyFlavor_22_1_t30.root
HeavyFlavor_230_1_7zN.root
HeavyFlavor_230_1_vqb.root
HeavyFlavor_231_1_FBZ.root
HeavyFlavor_231_1_Wkb.root
HeavyFlavor_232_1_35c.root
HeavyFlavor_232_1_LI0.root
HeavyFlavor_233_1_g17.root
HeavyFlavor_233_1_iWi.root
HeavyFlavor_234_1_ZrK.root
HeavyFlavor_234_1_dqA.root
HeavyFlavor_235_1_1jO.root
HeavyFlavor_235_1_UrD.root
HeavyFlavor_236_1_6Sg.root
HeavyFlavor_236_1_BUM.root
HeavyFlavor_237_1_QAV.root
HeavyFlavor_237_1_Sv9.root
HeavyFlavor_238_1_KtZ.root
HeavyFlavor_238_2_8oC.root
HeavyFlavor_239_1_7RY.root
HeavyFlavor_239_1_Fyl.root
HeavyFlavor_23_1_IBg.root
HeavyFlavor_23_1_ZO2.root
HeavyFlavor_240_1_D8H.root
HeavyFlavor_241_1_QCn.root
HeavyFlavor_242_1_auZ.root
HeavyFlavor_243_1_TLg.root
HeavyFlavor_244_1_zgp.root
HeavyFlavor_245_1_cEh.root
HeavyFlavor_246_1_Nkb.root
HeavyFlavor_247_1_Jxo.root
HeavyFlavor_248_1_nSo.root
HeavyFlavor_249_1_1bZ.root
HeavyFlavor_24_1_Vjp.root
HeavyFlavor_24_1_xGp.root
HeavyFlavor_250_1_mG8.root
HeavyFlavor_251_1_5N5.root
HeavyFlavor_252_1_InR.root
HeavyFlavor_253_1_rHe.root
HeavyFlavor_254_1_ceE.root
HeavyFlavor_255_1_WsD.root
HeavyFlavor_256_1_c6g.root
HeavyFlavor_257_1_FCV.root
HeavyFlavor_258_1_11D.root
HeavyFlavor_259_1_EeY.root
HeavyFlavor_25_1_1PN.root
HeavyFlavor_25_1_ah5.root
HeavyFlavor_260_1_ML5.root
HeavyFlavor_261_1_yiE.root
HeavyFlavor_262_1_rLB.root
HeavyFlavor_263_1_lKD.root
HeavyFlavor_264_1_9Ay.root
HeavyFlavor_265_1_eBk.root
HeavyFlavor_266_1_U5z.root
HeavyFlavor_267_1_R2u.root
HeavyFlavor_268_1_gGt.root
HeavyFlavor_269_1_lGs.root
HeavyFlavor_26_1_VcA.root
HeavyFlavor_26_1_u15.root
HeavyFlavor_270_1_zHM.root
HeavyFlavor_271_1_R5t.root
HeavyFlavor_272_1_GON.root
HeavyFlavor_273_1_861.root
HeavyFlavor_274_1_qCG.root
HeavyFlavor_275_1_91E.root
HeavyFlavor_276_1_Utq.root
HeavyFlavor_277_1_Hnx.root
HeavyFlavor_278_1_cCm.root
HeavyFlavor_279_1_rRB.root
HeavyFlavor_27_1_DCu.root
HeavyFlavor_27_1_b0y.root
HeavyFlavor_280_1_QpP.root
HeavyFlavor_281_1_S3I.root
HeavyFlavor_282_1_3Wo.root
HeavyFlavor_283_1_2cu.root
HeavyFlavor_284_1_5wg.root
HeavyFlavor_285_1_Cmk.root
HeavyFlavor_286_1_glG.root
HeavyFlavor_287_1_F1V.root
HeavyFlavor_288_1_trp.root
HeavyFlavor_289_1_heo.root
HeavyFlavor_28_1_0gJ.root
HeavyFlavor_28_1_iRw.root
HeavyFlavor_290_1_J42.root
HeavyFlavor_291_1_Zd6.root
HeavyFlavor_292_1_dxW.root
HeavyFlavor_293_1_hcQ.root
HeavyFlavor_294_1_ad0.root
HeavyFlavor_295_1_EjD.root
HeavyFlavor_296_1_TCS.root
HeavyFlavor_297_1_8xN.root
HeavyFlavor_298_1_bys.root
HeavyFlavor_299_1_OGn.root
HeavyFlavor_29_1_JMh.root
HeavyFlavor_29_1_yeW.root
HeavyFlavor_2_1_0oV.root
HeavyFlavor_2_1_ZM0.root
HeavyFlavor_300_1_7nE.root
HeavyFlavor_301_1_pzH.root
HeavyFlavor_302_1_hcK.root
HeavyFlavor_303_1_kbx.root
HeavyFlavor_304_1_mbL.root
HeavyFlavor_305_1_ToO.root
HeavyFlavor_306_1_iyk.root
HeavyFlavor_307_1_0im.root
HeavyFlavor_308_1_bXX.root
HeavyFlavor_309_1_xy7.root
HeavyFlavor_30_1_acW.root
HeavyFlavor_30_1_yEL.root
HeavyFlavor_310_1_MoJ.root
HeavyFlavor_311_1_u9G.root
HeavyFlavor_312_1_4N6.root
HeavyFlavor_313_1_9yl.root
HeavyFlavor_314_1_fco.root
HeavyFlavor_315_1_nfp.root
HeavyFlavor_316_1_AJS.root
HeavyFlavor_317_1_CFF.root
HeavyFlavor_318_1_Ggy.root
HeavyFlavor_319_1_WPO.root
HeavyFlavor_31_1_Lxf.root
HeavyFlavor_31_1_PDZ.root
HeavyFlavor_320_1_v4I.root
HeavyFlavor_321_1_C2C.root
HeavyFlavor_322_1_GxA.root
HeavyFlavor_323_1_cXF.root
HeavyFlavor_324_1_Qbe.root
HeavyFlavor_325_1_PAL.root
HeavyFlavor_326_1_xqA.root
HeavyFlavor_327_1_7FF.root
HeavyFlavor_328_1_Eo5.root
HeavyFlavor_329_1_rev.root
HeavyFlavor_32_1_EBb.root
HeavyFlavor_32_1_PEE.root
HeavyFlavor_330_1_0Nf.root
HeavyFlavor_331_1_ILo.root
HeavyFlavor_332_1_Xzw.root
HeavyFlavor_333_1_gpu.root
HeavyFlavor_334_1_aKi.root
HeavyFlavor_335_1_SzT.root
HeavyFlavor_336_1_hA0.root
HeavyFlavor_337_1_ueJ.root
HeavyFlavor_338_2_QHq.root
HeavyFlavor_339_1_geO.root
HeavyFlavor_33_1_Bo1.root
HeavyFlavor_33_2_HqJ.root
HeavyFlavor_340_1_IFc.root
HeavyFlavor_341_1_ZbU.root
HeavyFlavor_342_1_Bu2.root
HeavyFlavor_343_2_aUr.root
HeavyFlavor_344_1_RZO.root
HeavyFlavor_345_1_aT0.root
HeavyFlavor_346_1_Rag.root
HeavyFlavor_347_1_LlP.root
HeavyFlavor_348_1_a6Z.root
HeavyFlavor_349_1_oPw.root
HeavyFlavor_34_1_3Im.root
HeavyFlavor_34_1_bvO.root
HeavyFlavor_350_1_al9.root
HeavyFlavor_351_1_tnD.root
HeavyFlavor_352_1_bOM.root
HeavyFlavor_353_1_sCZ.root
HeavyFlavor_354_1_FTO.root
HeavyFlavor_355_1_tMP.root
HeavyFlavor_356_1_5KA.root
HeavyFlavor_357_1_2If.root
HeavyFlavor_358_1_mDm.root
HeavyFlavor_359_1_S5d.root
HeavyFlavor_35_1_UV4.root
HeavyFlavor_35_1_iHh.root
HeavyFlavor_360_1_oZU.root
HeavyFlavor_361_1_xxh.root
HeavyFlavor_362_1_331.root
HeavyFlavor_363_1_kTE.root
HeavyFlavor_364_1_Yq7.root
HeavyFlavor_365_1_FVi.root
HeavyFlavor_366_1_aNX.root
HeavyFlavor_367_1_Vo7.root
HeavyFlavor_368_1_pLG.root
HeavyFlavor_369_1_juQ.root
HeavyFlavor_36_1_ES4.root
HeavyFlavor_36_1_qzv.root
HeavyFlavor_370_1_9xz.root
HeavyFlavor_371_2_y3t.root
HeavyFlavor_372_1_0C8.root
HeavyFlavor_373_1_rnZ.root
HeavyFlavor_374_1_Rte.root
HeavyFlavor_375_1_Ear.root
HeavyFlavor_376_1_zig.root
HeavyFlavor_377_1_kP0.root
HeavyFlavor_378_1_L4p.root
HeavyFlavor_379_1_Pr4.root
HeavyFlavor_37_1_JOt.root
HeavyFlavor_37_1_zIa.root
HeavyFlavor_380_1_LXW.root
HeavyFlavor_381_1_Pok.root
HeavyFlavor_382_1_O86.root
HeavyFlavor_383_1_3Bd.root
HeavyFlavor_384_1_A2F.root
HeavyFlavor_385_1_xI9.root
HeavyFlavor_386_1_rVL.root
HeavyFlavor_387_1_3ZG.root
HeavyFlavor_388_1_Gxq.root
HeavyFlavor_389_1_LB8.root
HeavyFlavor_38_1_Lv5.root
HeavyFlavor_38_1_XVm.root
HeavyFlavor_390_1_ewz.root
HeavyFlavor_391_1_V9E.root
HeavyFlavor_392_1_hKI.root
HeavyFlavor_39_1_9GN.root
HeavyFlavor_39_1_J8i.root
HeavyFlavor_3_1_eMN.root
HeavyFlavor_3_1_sgA.root
HeavyFlavor_40_1_0KP.root
HeavyFlavor_40_1_YLC.root
HeavyFlavor_41_1_G1k.root
HeavyFlavor_41_1_J89.root
HeavyFlavor_42_1_hOK.root
HeavyFlavor_42_1_ijh.root
HeavyFlavor_43_1_O8Z.root
HeavyFlavor_43_1_XIU.root
HeavyFlavor_44_1_6eI.root
HeavyFlavor_44_1_rK5.root
HeavyFlavor_45_1_bGf.root
HeavyFlavor_45_1_q8M.root
HeavyFlavor_46_1_T7b.root
HeavyFlavor_46_1_UBO.root
HeavyFlavor_47_1_MQz.root
HeavyFlavor_47_1_dXP.root
HeavyFlavor_48_1_eRV.root
HeavyFlavor_48_1_p8x.root
HeavyFlavor_49_1_Jhe.root
HeavyFlavor_49_1_WdS.root
HeavyFlavor_4_1_4OS.root
HeavyFlavor_4_1_zka.root
HeavyFlavor_50_1_kpW.root
HeavyFlavor_50_1_pvP.root
HeavyFlavor_51_1_ESE.root
HeavyFlavor_51_1_ISH.root
HeavyFlavor_52_1_0EJ.root
HeavyFlavor_52_1_Kpd.root
HeavyFlavor_53_1_TdT.root
HeavyFlavor_53_1_sSN.root
HeavyFlavor_54_1_1zN.root
HeavyFlavor_54_1_uxe.root
HeavyFlavor_55_1_aLa.root
HeavyFlavor_55_1_nmt.root
HeavyFlavor_56_1_9c0.root
HeavyFlavor_56_1_XCS.root
HeavyFlavor_57_1_NFi.root
HeavyFlavor_57_1_qbX.root
HeavyFlavor_58_1_7dp.root
HeavyFlavor_58_1_Zc1.root
HeavyFlavor_59_1_Hbz.root
HeavyFlavor_59_1_peC.root
HeavyFlavor_5_1_0f1.root
HeavyFlavor_5_1_8El.root
HeavyFlavor_60_1_GIQ.root
HeavyFlavor_60_1_hSE.root
HeavyFlavor_61_1_YOM.root
HeavyFlavor_61_1_m5n.root
HeavyFlavor_62_1_DK7.root
HeavyFlavor_62_1_Mpr.root
HeavyFlavor_63_1_GxO.root
HeavyFlavor_63_1_we1.root
HeavyFlavor_64_1_8e0.root
HeavyFlavor_64_1_xia.root
HeavyFlavor_65_1_Lie.root
HeavyFlavor_65_1_t3x.root
HeavyFlavor_66_1_32u.root
HeavyFlavor_66_1_xAB.root
HeavyFlavor_67_1_IHw.root
HeavyFlavor_67_1_Ncj.root
HeavyFlavor_68_1_bhU.root
HeavyFlavor_68_1_pn0.root
HeavyFlavor_69_1_IMj.root
HeavyFlavor_69_1_vOM.root
HeavyFlavor_6_1_1EA.root
HeavyFlavor_6_1_YWV.root
HeavyFlavor_70_1_ayC.root
HeavyFlavor_70_1_jnP.root
HeavyFlavor_71_1_AgR.root
HeavyFlavor_71_1_YN9.root
HeavyFlavor_72_1_TFq.root
HeavyFlavor_72_1_ay8.root
HeavyFlavor_73_1_4cm.root
HeavyFlavor_73_1_xyH.root
HeavyFlavor_74_1_F2K.root
HeavyFlavor_74_1_ZLM.root
HeavyFlavor_75_1_NHw.root
HeavyFlavor_75_2_kMG.root
HeavyFlavor_76_1_6ql.root
HeavyFlavor_76_1_M5v.root
HeavyFlavor_77_1_2ey.root
HeavyFlavor_77_1_iZH.root
HeavyFlavor_78_1_L4j.root
HeavyFlavor_78_1_X5g.root
HeavyFlavor_79_1_Lim.root
HeavyFlavor_79_1_z7d.root
HeavyFlavor_7_1_Ga3.root
HeavyFlavor_7_1_Jmi.root
HeavyFlavor_80_1_UlV.root
HeavyFlavor_80_1_r7X.root
HeavyFlavor_81_1_600.root
HeavyFlavor_81_1_yo5.root
HeavyFlavor_82_1_ujB.root
HeavyFlavor_82_2_TXu.root
HeavyFlavor_83_1_eDV.root
HeavyFlavor_83_1_zQT.root
HeavyFlavor_84_1_fqQ.root
HeavyFlavor_84_1_qvA.root
HeavyFlavor_85_1_Nhy.root
HeavyFlavor_85_1_u0r.root
HeavyFlavor_86_1_mPC.root
HeavyFlavor_86_1_ye8.root
HeavyFlavor_87_1_IAW.root
HeavyFlavor_87_1_Me2.root
HeavyFlavor_88_1_Oc9.root
HeavyFlavor_88_1_vPW.root
HeavyFlavor_89_1_41Y.root
HeavyFlavor_89_1_WrN.root
HeavyFlavor_8_1_PfY.root
HeavyFlavor_8_1_m2F.root
HeavyFlavor_90_1_KbE.root
HeavyFlavor_90_2_m99.root
HeavyFlavor_91_1_OeJ.root
HeavyFlavor_91_1_TIp.root
HeavyFlavor_92_1_MNH.root
HeavyFlavor_92_1_ZCL.root
HeavyFlavor_93_1_0Vg.root
HeavyFlavor_93_1_PNj.root
HeavyFlavor_94_1_JHF.root
HeavyFlavor_94_1_uxm.root
HeavyFlavor_95_1_2CP.root
HeavyFlavor_95_1_Cql.root
HeavyFlavor_96_1_CKG.root
HeavyFlavor_96_1_Shf.root
HeavyFlavor_97_1_3hV.root
HeavyFlavor_97_1_JEx.root
HeavyFlavor_98_1_HdI.root
HeavyFlavor_98_1_qMs.root
HeavyFlavor_99_1_YKG.root
HeavyFlavor_99_1_m2L.root
HeavyFlavor_9_1_tQn.root
HeavyFlavor_9_2_7jd.root
