HeavyFlavor_100_1_Oqz.root
HeavyFlavor_101_1_nmY.root
HeavyFlavor_102_1_hH9.root
HeavyFlavor_103_1_ntX.root
HeavyFlavor_104_1_dEf.root
HeavyFlavor_105_1_tWA.root
HeavyFlavor_106_1_Y94.root
HeavyFlavor_107_1_xEC.root
HeavyFlavor_108_1_tcF.root
HeavyFlavor_109_1_FQf.root
HeavyFlavor_10_1_DpA.root
HeavyFlavor_110_1_Qak.root
HeavyFlavor_111_1_KPj.root
HeavyFlavor_112_1_nga.root
HeavyFlavor_113_1_uCQ.root
HeavyFlavor_114_1_r5m.root
HeavyFlavor_115_1_imX.root
HeavyFlavor_116_1_uQt.root
HeavyFlavor_117_1_1xh.root
HeavyFlavor_118_1_x7Z.root
HeavyFlavor_119_1_L4c.root
HeavyFlavor_11_2_ymX.root
HeavyFlavor_120_1_PYL.root
HeavyFlavor_121_1_tOa.root
HeavyFlavor_122_1_FOR.root
HeavyFlavor_123_1_PSv.root
HeavyFlavor_124_1_BdE.root
HeavyFlavor_125_1_7LT.root
HeavyFlavor_126_1_468.root
HeavyFlavor_127_1_xfb.root
HeavyFlavor_128_1_4er.root
HeavyFlavor_129_1_HkZ.root
HeavyFlavor_12_1_V0i.root
HeavyFlavor_130_1_p1C.root
HeavyFlavor_131_1_OSH.root
HeavyFlavor_132_1_hJs.root
HeavyFlavor_133_1_cdb.root
HeavyFlavor_134_1_7f8.root
HeavyFlavor_135_1_MB3.root
HeavyFlavor_136_1_nvo.root
HeavyFlavor_137_1_JEo.root
HeavyFlavor_138_1_tmI.root
HeavyFlavor_139_1_GbP.root
HeavyFlavor_13_1_ffx.root
HeavyFlavor_140_1_zHv.root
HeavyFlavor_141_1_47U.root
HeavyFlavor_142_1_F4I.root
HeavyFlavor_143_1_poS.root
HeavyFlavor_144_1_yWB.root
HeavyFlavor_145_1_PIG.root
HeavyFlavor_146_1_UCc.root
HeavyFlavor_147_1_UnW.root
HeavyFlavor_148_1_2QK.root
HeavyFlavor_149_1_P1n.root
HeavyFlavor_14_1_gE5.root
HeavyFlavor_150_1_WzL.root
HeavyFlavor_151_1_dNM.root
HeavyFlavor_152_1_eR3.root
HeavyFlavor_153_1_h6G.root
HeavyFlavor_154_1_YIU.root
HeavyFlavor_155_1_IiW.root
HeavyFlavor_156_1_5N6.root
HeavyFlavor_157_1_JAx.root
HeavyFlavor_158_1_Cxv.root
HeavyFlavor_159_1_WC3.root
HeavyFlavor_15_1_Bk7.root
HeavyFlavor_160_1_XzT.root
HeavyFlavor_161_1_T0K.root
HeavyFlavor_162_1_xQY.root
HeavyFlavor_163_1_IEN.root
HeavyFlavor_164_1_jbR.root
HeavyFlavor_165_1_QSw.root
HeavyFlavor_166_1_dc1.root
HeavyFlavor_167_1_m1p.root
HeavyFlavor_168_1_HY4.root
HeavyFlavor_169_1_rH4.root
HeavyFlavor_16_1_RFf.root
HeavyFlavor_170_1_NJH.root
HeavyFlavor_171_1_mx8.root
HeavyFlavor_172_1_74F.root
HeavyFlavor_173_1_wvd.root
HeavyFlavor_174_1_u0x.root
HeavyFlavor_175_1_U4B.root
HeavyFlavor_176_1_RBC.root
HeavyFlavor_177_1_DSv.root
HeavyFlavor_178_1_mWL.root
HeavyFlavor_179_1_217.root
HeavyFlavor_17_1_7U0.root
HeavyFlavor_180_1_35n.root
HeavyFlavor_181_1_NI6.root
HeavyFlavor_182_1_RyB.root
HeavyFlavor_183_1_a8i.root
HeavyFlavor_184_1_6L1.root
HeavyFlavor_185_1_0Ux.root
HeavyFlavor_186_1_KiC.root
HeavyFlavor_187_1_1ev.root
HeavyFlavor_188_1_Mxd.root
HeavyFlavor_189_2_Y0r.root
HeavyFlavor_18_1_yww.root
HeavyFlavor_190_1_rMZ.root
HeavyFlavor_191_1_KTH.root
HeavyFlavor_192_1_d7W.root
HeavyFlavor_193_1_8wE.root
HeavyFlavor_194_1_DVo.root
HeavyFlavor_195_1_1vF.root
HeavyFlavor_196_1_m3e.root
HeavyFlavor_197_1_ofm.root
HeavyFlavor_198_1_kSS.root
HeavyFlavor_199_1_grI.root
HeavyFlavor_19_1_vMa.root
HeavyFlavor_1_1_2R7.root
HeavyFlavor_200_1_gS4.root
HeavyFlavor_201_1_8bL.root
HeavyFlavor_202_1_WYu.root
HeavyFlavor_203_1_wIC.root
HeavyFlavor_204_1_2lm.root
HeavyFlavor_205_1_8G7.root
HeavyFlavor_206_1_Mnw.root
HeavyFlavor_207_1_Br5.root
HeavyFlavor_208_1_grc.root
HeavyFlavor_209_1_vdY.root
HeavyFlavor_20_1_Vvd.root
HeavyFlavor_210_1_wVu.root
HeavyFlavor_211_1_ceM.root
HeavyFlavor_212_1_7oi.root
HeavyFlavor_213_1_mek.root
HeavyFlavor_214_1_FT1.root
HeavyFlavor_215_1_mU3.root
HeavyFlavor_216_1_aKi.root
HeavyFlavor_217_1_8g3.root
HeavyFlavor_218_1_r6x.root
HeavyFlavor_219_1_FMd.root
HeavyFlavor_21_1_Th6.root
HeavyFlavor_220_1_SXc.root
HeavyFlavor_221_1_4ux.root
HeavyFlavor_222_1_LAP.root
HeavyFlavor_223_1_6Oa.root
HeavyFlavor_224_1_fni.root
HeavyFlavor_225_2_tQC.root
HeavyFlavor_226_1_5jE.root
HeavyFlavor_227_1_ioK.root
HeavyFlavor_228_1_tEM.root
HeavyFlavor_229_1_Ymo.root
HeavyFlavor_22_1_LtS.root
HeavyFlavor_230_1_KvC.root
HeavyFlavor_231_1_U2N.root
HeavyFlavor_232_1_5d3.root
HeavyFlavor_233_1_VyR.root
HeavyFlavor_234_1_005.root
HeavyFlavor_235_1_56d.root
HeavyFlavor_236_1_5Ux.root
HeavyFlavor_237_1_u7p.root
HeavyFlavor_238_1_YUy.root
HeavyFlavor_239_1_wZ6.root
HeavyFlavor_23_1_iZN.root
HeavyFlavor_240_1_lJj.root
HeavyFlavor_241_1_hnB.root
HeavyFlavor_242_1_4Y3.root
HeavyFlavor_243_1_iot.root
HeavyFlavor_244_1_Cqs.root
HeavyFlavor_245_1_CpM.root
HeavyFlavor_246_1_KIi.root
HeavyFlavor_247_1_bsI.root
HeavyFlavor_248_1_crJ.root
HeavyFlavor_249_1_3zt.root
HeavyFlavor_24_1_r0h.root
HeavyFlavor_250_1_nw7.root
HeavyFlavor_251_1_QUZ.root
HeavyFlavor_252_1_AKp.root
HeavyFlavor_253_1_2fK.root
HeavyFlavor_254_1_N4B.root
HeavyFlavor_255_1_cSO.root
HeavyFlavor_256_1_Y14.root
HeavyFlavor_257_1_con.root
HeavyFlavor_258_1_QNe.root
HeavyFlavor_259_1_lhA.root
HeavyFlavor_25_1_dNj.root
HeavyFlavor_260_2_Y1m.root
HeavyFlavor_261_1_7du.root
HeavyFlavor_262_1_cFa.root
HeavyFlavor_263_1_oIh.root
HeavyFlavor_264_1_VI1.root
HeavyFlavor_265_1_7am.root
HeavyFlavor_266_1_uEa.root
HeavyFlavor_267_1_nAs.root
HeavyFlavor_268_1_yag.root
HeavyFlavor_269_1_2d8.root
HeavyFlavor_26_1_q0R.root
HeavyFlavor_270_1_hlL.root
HeavyFlavor_271_1_ALq.root
HeavyFlavor_272_1_vFo.root
HeavyFlavor_273_1_tC2.root
HeavyFlavor_274_1_6Tr.root
HeavyFlavor_275_2_Xkf.root
HeavyFlavor_276_1_66t.root
HeavyFlavor_277_1_hbg.root
HeavyFlavor_278_1_j8I.root
HeavyFlavor_279_1_bWO.root
HeavyFlavor_27_1_eqw.root
HeavyFlavor_280_1_OYh.root
HeavyFlavor_281_1_upj.root
HeavyFlavor_282_1_pBQ.root
HeavyFlavor_283_1_YYl.root
HeavyFlavor_284_1_MG3.root
HeavyFlavor_285_1_uNI.root
HeavyFlavor_286_1_Rus.root
HeavyFlavor_287_1_FZr.root
HeavyFlavor_288_1_en3.root
HeavyFlavor_289_1_kcU.root
HeavyFlavor_28_1_C6X.root
HeavyFlavor_290_1_3Ib.root
HeavyFlavor_291_1_pYb.root
HeavyFlavor_292_1_fF0.root
HeavyFlavor_293_1_EGX.root
HeavyFlavor_294_1_B5Q.root
HeavyFlavor_295_1_5kA.root
HeavyFlavor_296_1_m7K.root
HeavyFlavor_297_1_GOj.root
HeavyFlavor_298_1_MKf.root
HeavyFlavor_299_1_ueu.root
HeavyFlavor_29_1_YjF.root
HeavyFlavor_2_1_Rx4.root
HeavyFlavor_300_1_4Fb.root
HeavyFlavor_301_1_F1W.root
HeavyFlavor_302_1_54w.root
HeavyFlavor_303_1_mWh.root
HeavyFlavor_304_1_G6a.root
HeavyFlavor_305_1_TuQ.root
HeavyFlavor_306_1_Y3K.root
HeavyFlavor_307_1_eSl.root
HeavyFlavor_308_1_Wby.root
HeavyFlavor_309_1_GbM.root
HeavyFlavor_30_1_mTC.root
HeavyFlavor_310_1_Klb.root
HeavyFlavor_311_1_Ve7.root
HeavyFlavor_312_1_yv0.root
HeavyFlavor_313_1_bYm.root
HeavyFlavor_314_1_1iu.root
HeavyFlavor_315_1_BnC.root
HeavyFlavor_316_1_tcR.root
HeavyFlavor_317_1_G87.root
HeavyFlavor_318_1_x61.root
HeavyFlavor_319_1_rKG.root
HeavyFlavor_31_1_MuD.root
HeavyFlavor_320_1_0Lz.root
HeavyFlavor_321_1_aRi.root
HeavyFlavor_322_1_H7Q.root
HeavyFlavor_323_1_zpF.root
HeavyFlavor_324_1_zEc.root
HeavyFlavor_325_1_Vp5.root
HeavyFlavor_326_1_rDe.root
HeavyFlavor_327_1_Kss.root
HeavyFlavor_328_1_Pln.root
HeavyFlavor_329_1_USC.root
HeavyFlavor_32_1_Pcb.root
HeavyFlavor_330_1_mOm.root
HeavyFlavor_331_1_5Ki.root
HeavyFlavor_332_1_alh.root
HeavyFlavor_333_1_bZy.root
HeavyFlavor_334_1_mIk.root
HeavyFlavor_335_1_b3S.root
HeavyFlavor_336_1_GOa.root
HeavyFlavor_337_1_Blj.root
HeavyFlavor_338_1_y2o.root
HeavyFlavor_339_1_gAM.root
HeavyFlavor_33_1_yxh.root
HeavyFlavor_340_1_k5U.root
HeavyFlavor_341_1_bS8.root
HeavyFlavor_342_1_NPe.root
HeavyFlavor_343_1_YY4.root
HeavyFlavor_344_1_XaX.root
HeavyFlavor_345_1_5OP.root
HeavyFlavor_346_1_XPk.root
HeavyFlavor_347_1_gO3.root
HeavyFlavor_348_1_GQZ.root
HeavyFlavor_349_1_wFa.root
HeavyFlavor_34_1_yEH.root
HeavyFlavor_350_1_I2f.root
HeavyFlavor_351_1_DbM.root
HeavyFlavor_352_1_6b0.root
HeavyFlavor_353_1_9IE.root
HeavyFlavor_354_1_7Pd.root
HeavyFlavor_355_1_q5M.root
HeavyFlavor_356_1_nsS.root
HeavyFlavor_357_1_LdN.root
HeavyFlavor_358_1_ZLY.root
HeavyFlavor_359_1_JCh.root
HeavyFlavor_35_1_EcJ.root
HeavyFlavor_360_1_AMT.root
HeavyFlavor_361_1_rIg.root
HeavyFlavor_362_1_kmL.root
HeavyFlavor_363_1_IKy.root
HeavyFlavor_364_1_Lxf.root
HeavyFlavor_365_1_LMW.root
HeavyFlavor_366_1_2VI.root
HeavyFlavor_367_1_7Td.root
HeavyFlavor_368_1_Gem.root
HeavyFlavor_369_1_aIj.root
HeavyFlavor_36_2_L9f.root
HeavyFlavor_370_1_J9z.root
HeavyFlavor_371_1_EyN.root
HeavyFlavor_372_1_eAu.root
HeavyFlavor_373_1_DB3.root
HeavyFlavor_374_1_azv.root
HeavyFlavor_375_1_zwQ.root
HeavyFlavor_376_1_Iww.root
HeavyFlavor_377_1_mL6.root
HeavyFlavor_378_1_USU.root
HeavyFlavor_379_1_VNo.root
HeavyFlavor_37_1_AzB.root
HeavyFlavor_380_1_vyz.root
HeavyFlavor_381_1_s0V.root
HeavyFlavor_382_1_Kq1.root
HeavyFlavor_383_1_O4z.root
HeavyFlavor_384_1_rEr.root
HeavyFlavor_385_1_F9z.root
HeavyFlavor_386_1_a20.root
HeavyFlavor_387_1_cSN.root
HeavyFlavor_388_1_mFB.root
HeavyFlavor_389_1_M8t.root
HeavyFlavor_38_1_X7t.root
HeavyFlavor_390_1_zUU.root
HeavyFlavor_391_1_Qhj.root
HeavyFlavor_392_1_2jV.root
HeavyFlavor_393_1_xmQ.root
HeavyFlavor_394_1_Equ.root
HeavyFlavor_395_1_HrM.root
HeavyFlavor_396_1_cNn.root
HeavyFlavor_397_1_M0b.root
HeavyFlavor_398_1_Ahq.root
HeavyFlavor_399_1_g3V.root
HeavyFlavor_39_1_FbP.root
HeavyFlavor_3_1_YUy.root
HeavyFlavor_400_1_eCk.root
HeavyFlavor_401_1_Y5t.root
HeavyFlavor_402_1_cBw.root
HeavyFlavor_403_1_GHx.root
HeavyFlavor_404_1_N5o.root
HeavyFlavor_405_1_YJT.root
HeavyFlavor_406_1_UIB.root
HeavyFlavor_407_1_vVr.root
HeavyFlavor_408_1_ZyX.root
HeavyFlavor_409_1_YsD.root
HeavyFlavor_40_2_HrK.root
HeavyFlavor_410_1_rFv.root
HeavyFlavor_411_1_dhf.root
HeavyFlavor_412_1_SRG.root
HeavyFlavor_413_1_DmJ.root
HeavyFlavor_414_1_P2d.root
HeavyFlavor_415_1_2xv.root
HeavyFlavor_416_1_z6w.root
HeavyFlavor_417_1_I6p.root
HeavyFlavor_418_1_BnS.root
HeavyFlavor_419_1_W7o.root
HeavyFlavor_41_1_IAu.root
HeavyFlavor_420_1_jrZ.root
HeavyFlavor_421_1_lwr.root
HeavyFlavor_422_1_HYX.root
HeavyFlavor_423_1_oir.root
HeavyFlavor_424_1_cRF.root
HeavyFlavor_425_1_776.root
HeavyFlavor_426_1_xux.root
HeavyFlavor_427_1_AyK.root
HeavyFlavor_428_1_5hU.root
HeavyFlavor_429_1_2Tr.root
HeavyFlavor_42_2_CYs.root
HeavyFlavor_430_1_O1f.root
HeavyFlavor_431_1_vUe.root
HeavyFlavor_432_1_SXw.root
HeavyFlavor_433_1_m6S.root
HeavyFlavor_434_1_ENE.root
HeavyFlavor_435_1_vxT.root
HeavyFlavor_436_1_NMy.root
HeavyFlavor_437_1_RJd.root
HeavyFlavor_438_1_dAG.root
HeavyFlavor_439_1_9Ql.root
HeavyFlavor_43_1_y7x.root
HeavyFlavor_440_1_XhG.root
HeavyFlavor_441_1_ULT.root
HeavyFlavor_442_1_CRJ.root
HeavyFlavor_443_1_Ocu.root
HeavyFlavor_444_1_2Hb.root
HeavyFlavor_445_1_Q6I.root
HeavyFlavor_446_1_tIQ.root
HeavyFlavor_447_1_dxd.root
HeavyFlavor_448_1_75V.root
HeavyFlavor_449_1_a5A.root
HeavyFlavor_44_1_9Ww.root
HeavyFlavor_450_1_kY7.root
HeavyFlavor_451_1_diq.root
HeavyFlavor_452_1_1O2.root
HeavyFlavor_453_1_VN8.root
HeavyFlavor_454_1_NfO.root
HeavyFlavor_455_1_wnd.root
HeavyFlavor_456_1_7rg.root
HeavyFlavor_457_1_102.root
HeavyFlavor_458_1_aXI.root
HeavyFlavor_459_1_qiS.root
HeavyFlavor_45_1_CZC.root
HeavyFlavor_460_1_niP.root
HeavyFlavor_461_1_S1i.root
HeavyFlavor_462_1_grY.root
HeavyFlavor_463_1_0Ri.root
HeavyFlavor_464_1_whU.root
HeavyFlavor_465_1_3TX.root
HeavyFlavor_466_1_Fmx.root
HeavyFlavor_467_1_Bp8.root
HeavyFlavor_468_1_iXO.root
HeavyFlavor_469_1_CGu.root
HeavyFlavor_46_1_4cP.root
HeavyFlavor_470_1_mxW.root
HeavyFlavor_471_1_iyQ.root
HeavyFlavor_472_1_G1Q.root
HeavyFlavor_473_1_6Ct.root
HeavyFlavor_474_1_yv8.root
HeavyFlavor_475_1_9Y4.root
HeavyFlavor_476_1_wxY.root
HeavyFlavor_477_1_VwV.root
HeavyFlavor_478_1_zCE.root
HeavyFlavor_479_1_UD7.root
HeavyFlavor_47_1_QJe.root
HeavyFlavor_480_1_YVK.root
HeavyFlavor_481_1_h5Z.root
HeavyFlavor_482_1_Cto.root
HeavyFlavor_483_1_wpV.root
HeavyFlavor_484_1_qGt.root
HeavyFlavor_485_1_Mhv.root
HeavyFlavor_486_1_knJ.root
HeavyFlavor_487_1_qwy.root
HeavyFlavor_488_1_d4G.root
HeavyFlavor_489_1_2W7.root
HeavyFlavor_48_1_sKP.root
HeavyFlavor_490_1_bI9.root
HeavyFlavor_491_1_vL2.root
HeavyFlavor_492_1_Zc2.root
HeavyFlavor_493_1_okz.root
HeavyFlavor_494_1_Mye.root
HeavyFlavor_495_1_luc.root
HeavyFlavor_496_1_uJI.root
HeavyFlavor_497_1_aBN.root
HeavyFlavor_498_1_Ba1.root
HeavyFlavor_499_1_8gz.root
HeavyFlavor_49_1_eno.root
HeavyFlavor_4_1_6BC.root
HeavyFlavor_500_1_dTu.root
HeavyFlavor_501_1_4bh.root
HeavyFlavor_502_1_cF5.root
HeavyFlavor_503_1_U8H.root
HeavyFlavor_504_1_7Ua.root
HeavyFlavor_505_1_YdF.root
HeavyFlavor_506_1_ZVg.root
HeavyFlavor_507_1_AXk.root
HeavyFlavor_508_1_l9s.root
HeavyFlavor_509_1_u8d.root
HeavyFlavor_50_1_T6Z.root
HeavyFlavor_510_1_Vd9.root
HeavyFlavor_511_1_pDQ.root
HeavyFlavor_512_1_vTH.root
HeavyFlavor_513_1_PzV.root
HeavyFlavor_514_1_UDS.root
HeavyFlavor_515_1_LWG.root
HeavyFlavor_516_1_ZtF.root
HeavyFlavor_517_1_Y8T.root
HeavyFlavor_518_1_Yq5.root
HeavyFlavor_519_1_RWF.root
HeavyFlavor_51_1_WZX.root
HeavyFlavor_520_1_ZOY.root
HeavyFlavor_521_1_Syi.root
HeavyFlavor_522_1_s7a.root
HeavyFlavor_523_1_H78.root
HeavyFlavor_524_1_dfy.root
HeavyFlavor_525_1_Q0a.root
HeavyFlavor_526_1_qHF.root
HeavyFlavor_527_1_Yu1.root
HeavyFlavor_528_1_Ubl.root
HeavyFlavor_529_1_W4i.root
HeavyFlavor_52_1_Aqw.root
HeavyFlavor_530_1_sOG.root
HeavyFlavor_531_1_98G.root
HeavyFlavor_532_1_baU.root
HeavyFlavor_533_1_VoL.root
HeavyFlavor_534_1_sGG.root
HeavyFlavor_535_1_B4W.root
HeavyFlavor_536_1_AJM.root
HeavyFlavor_537_1_yRb.root
HeavyFlavor_538_1_k01.root
HeavyFlavor_539_1_dDq.root
HeavyFlavor_53_1_W4H.root
HeavyFlavor_540_1_lrJ.root
HeavyFlavor_541_1_JOZ.root
HeavyFlavor_542_1_ibs.root
HeavyFlavor_543_1_Tb1.root
HeavyFlavor_544_1_Nho.root
HeavyFlavor_545_1_s7t.root
HeavyFlavor_546_1_ugw.root
HeavyFlavor_547_1_FDn.root
HeavyFlavor_548_1_0M9.root
HeavyFlavor_549_1_fvG.root
HeavyFlavor_54_1_KvP.root
HeavyFlavor_550_1_V6E.root
HeavyFlavor_551_1_o6L.root
HeavyFlavor_552_1_PCx.root
HeavyFlavor_553_1_Jzf.root
HeavyFlavor_554_1_iLH.root
HeavyFlavor_555_1_Zz8.root
HeavyFlavor_556_1_tH7.root
HeavyFlavor_557_1_N6N.root
HeavyFlavor_558_1_DHh.root
HeavyFlavor_559_1_phz.root
HeavyFlavor_55_1_8D9.root
HeavyFlavor_560_1_f3n.root
HeavyFlavor_561_1_LuB.root
HeavyFlavor_562_1_Csq.root
HeavyFlavor_563_1_jZS.root
HeavyFlavor_564_1_XcP.root
HeavyFlavor_565_1_fig.root
HeavyFlavor_566_1_K6J.root
HeavyFlavor_567_1_aNA.root
HeavyFlavor_568_1_SG2.root
HeavyFlavor_569_1_xtW.root
HeavyFlavor_56_1_uTx.root
HeavyFlavor_570_1_V6R.root
HeavyFlavor_571_1_cAU.root
HeavyFlavor_572_1_sLh.root
HeavyFlavor_573_1_lxP.root
HeavyFlavor_574_1_Eg3.root
HeavyFlavor_575_1_cjp.root
HeavyFlavor_576_1_KZ8.root
HeavyFlavor_577_1_DnC.root
HeavyFlavor_578_1_kZ6.root
HeavyFlavor_579_1_xX9.root
HeavyFlavor_57_1_vYK.root
HeavyFlavor_580_1_055.root
HeavyFlavor_581_1_7tS.root
HeavyFlavor_582_1_D6n.root
HeavyFlavor_583_1_Nto.root
HeavyFlavor_584_1_K6A.root
HeavyFlavor_585_1_qhl.root
HeavyFlavor_586_1_4sO.root
HeavyFlavor_587_1_dah.root
HeavyFlavor_588_1_CBv.root
HeavyFlavor_589_1_7qX.root
HeavyFlavor_58_1_uDR.root
HeavyFlavor_590_1_9cL.root
HeavyFlavor_591_1_qOo.root
HeavyFlavor_592_1_g8Y.root
HeavyFlavor_593_1_iO3.root
HeavyFlavor_594_1_6sJ.root
HeavyFlavor_595_1_ZaB.root
HeavyFlavor_596_1_3Ui.root
HeavyFlavor_59_1_IeI.root
HeavyFlavor_5_1_q2e.root
HeavyFlavor_60_1_8KN.root
HeavyFlavor_61_1_5kK.root
HeavyFlavor_62_1_8qP.root
HeavyFlavor_63_1_Gz2.root
HeavyFlavor_64_1_6ws.root
HeavyFlavor_65_1_NOq.root
HeavyFlavor_66_1_ECD.root
HeavyFlavor_67_1_gVm.root
HeavyFlavor_68_1_ZxB.root
HeavyFlavor_69_1_40Q.root
HeavyFlavor_6_1_fep.root
HeavyFlavor_70_1_yF9.root
HeavyFlavor_71_1_41Z.root
HeavyFlavor_72_1_b9Y.root
HeavyFlavor_73_1_wrt.root
HeavyFlavor_74_1_Ldi.root
HeavyFlavor_75_1_wRR.root
HeavyFlavor_76_1_b3T.root
HeavyFlavor_77_1_g5h.root
HeavyFlavor_78_1_Rq2.root
HeavyFlavor_79_1_9CQ.root
HeavyFlavor_7_2_nyq.root
HeavyFlavor_80_1_L8p.root
HeavyFlavor_81_1_cfR.root
HeavyFlavor_82_1_t6v.root
HeavyFlavor_83_1_avi.root
HeavyFlavor_84_1_04e.root
HeavyFlavor_85_1_qHZ.root
HeavyFlavor_86_1_FoH.root
HeavyFlavor_87_1_ezB.root
HeavyFlavor_88_1_zOl.root
HeavyFlavor_89_1_oMF.root
HeavyFlavor_8_1_TJs.root
HeavyFlavor_90_1_6YR.root
HeavyFlavor_91_1_YwH.root
HeavyFlavor_92_1_2wI.root
HeavyFlavor_93_1_P7H.root
HeavyFlavor_94_1_392.root
HeavyFlavor_95_1_PYH.root
HeavyFlavor_96_1_pGu.root
HeavyFlavor_97_1_eg6.root
HeavyFlavor_98_1_Be0.root
HeavyFlavor_99_1_sWn.root
HeavyFlavor_9_1_XtL.root
