/mnt/hadoop/store/user/wxie/PAMinBiasUPC/HFTree/d32c37ab268e1492812aecf1e46c856e/HeavyFlavor_2258_2_xGK.root
/mnt/hadoop/store/user/wxie/PAMinBiasUPC/HFTree/d32c37ab268e1492812aecf1e46c856e/HeavyFlavor_2259_1_Mab.root
/mnt/hadoop/store/user/wxie/PAMinBiasUPC/HFTree/d32c37ab268e1492812aecf1e46c856e/HeavyFlavor_2260_1_yhl.root
/mnt/hadoop/store/user/wxie/PAMinBiasUPC/HFTree/d32c37ab268e1492812aecf1e46c856e/HeavyFlavor_2261_1_j1G.root
/mnt/hadoop/store/user/wxie/PAMinBiasUPC/HFTree/d32c37ab268e1492812aecf1e46c856e/HeavyFlavor_2262_1_vQE.root
/mnt/hadoop/store/user/wxie/PAMinBiasUPC/HFTree/d32c37ab268e1492812aecf1e46c856e/HeavyFlavor_2263_1_Z7T.root
/mnt/hadoop/store/user/wxie/PAMinBiasUPC/HFTree/d32c37ab268e1492812aecf1e46c856e/HeavyFlavor_2264_1_dPu.root
/mnt/hadoop/store/user/wxie/PAMinBiasUPC/HFTree/d32c37ab268e1492812aecf1e46c856e/HeavyFlavor_2265_1_uKm.root
/mnt/hadoop/store/user/wxie/PAMinBiasUPC/HFTree/d32c37ab268e1492812aecf1e46c856e/HeavyFlavor_2266_1_hm6.root
/mnt/hadoop/store/user/wxie/PAMinBiasUPC/HFTree/d32c37ab268e1492812aecf1e46c856e/HeavyFlavor_2267_2_3wY.root
/mnt/hadoop/store/user/wxie/PAMinBiasUPC/HFTree/d32c37ab268e1492812aecf1e46c856e/HeavyFlavor_2268_2_gGB.root
/mnt/hadoop/store/user/wxie/PAMinBiasUPC/HFTree/d32c37ab268e1492812aecf1e46c856e/HeavyFlavor_2269_1_ein.root
/mnt/hadoop/store/user/wxie/PAMinBiasUPC/HFTree/d32c37ab268e1492812aecf1e46c856e/HeavyFlavor_2270_1_dVa.root
/mnt/hadoop/store/user/wxie/PAMinBiasUPC/HFTree/d32c37ab268e1492812aecf1e46c856e/HeavyFlavor_2271_1_umk.root
/mnt/hadoop/store/user/wxie/PAMinBiasUPC/HFTree/d32c37ab268e1492812aecf1e46c856e/HeavyFlavor_2272_2_zIJ.root
/mnt/hadoop/store/user/wxie/PAMinBiasUPC/HFTree/d32c37ab268e1492812aecf1e46c856e/HeavyFlavor_2273_2_CLj.root
/mnt/hadoop/store/user/wxie/PAMinBiasUPC/HFTree/d32c37ab268e1492812aecf1e46c856e/HeavyFlavor_2274_1_r2X.root
/mnt/hadoop/store/user/wxie/PAMinBiasUPC/HFTree/d32c37ab268e1492812aecf1e46c856e/HeavyFlavor_2275_1_n5G.root
/mnt/hadoop/store/user/wxie/PAMinBiasUPC/HFTree/d32c37ab268e1492812aecf1e46c856e/HeavyFlavor_2276_1_eLY.root
/mnt/hadoop/store/user/wxie/PAMinBiasUPC/HFTree/d32c37ab268e1492812aecf1e46c856e/HeavyFlavor_2277_1_rKa.root
/mnt/hadoop/store/user/wxie/PAMinBiasUPC/HFTree/d32c37ab268e1492812aecf1e46c856e/HeavyFlavor_2278_1_Rot.root
/mnt/hadoop/store/user/wxie/PAMinBiasUPC/HFTree/d32c37ab268e1492812aecf1e46c856e/HeavyFlavor_2279_1_eJP.root
/mnt/hadoop/store/user/wxie/PAMinBiasUPC/HFTree/d32c37ab268e1492812aecf1e46c856e/HeavyFlavor_2280_1_7dy.root
/mnt/hadoop/store/user/wxie/PAMinBiasUPC/HFTree/d32c37ab268e1492812aecf1e46c856e/HeavyFlavor_2281_1_ezt.root
/mnt/hadoop/store/user/wxie/PAMinBiasUPC/HFTree/d32c37ab268e1492812aecf1e46c856e/HeavyFlavor_2282_1_Jry.root
/mnt/hadoop/store/user/wxie/PAMinBiasUPC/HFTree/d32c37ab268e1492812aecf1e46c856e/HeavyFlavor_2283_1_nYp.root
/mnt/hadoop/store/user/wxie/PAMinBiasUPC/HFTree/d32c37ab268e1492812aecf1e46c856e/HeavyFlavor_2284_1_efS.root
/mnt/hadoop/store/user/wxie/PAMinBiasUPC/HFTree/d32c37ab268e1492812aecf1e46c856e/HeavyFlavor_2285_1_M5X.root
/mnt/hadoop/store/user/wxie/PAMinBiasUPC/HFTree/d32c37ab268e1492812aecf1e46c856e/HeavyFlavor_2286_1_Qf7.root
/mnt/hadoop/store/user/wxie/PAMinBiasUPC/HFTree/d32c37ab268e1492812aecf1e46c856e/HeavyFlavor_2287_1_Ql7.root
/mnt/hadoop/store/user/wxie/PAMinBiasUPC/HFTree/d32c37ab268e1492812aecf1e46c856e/HeavyFlavor_2288_1_ehW.root
/mnt/hadoop/store/user/wxie/PAMinBiasUPC/HFTree/d32c37ab268e1492812aecf1e46c856e/HeavyFlavor_2289_1_FEf.root
/mnt/hadoop/store/user/wxie/PAMinBiasUPC/HFTree/d32c37ab268e1492812aecf1e46c856e/HeavyFlavor_2290_1_QZv.root
/mnt/hadoop/store/user/wxie/PAMinBiasUPC/HFTree/d32c37ab268e1492812aecf1e46c856e/HeavyFlavor_2291_1_phd.root
/mnt/hadoop/store/user/wxie/PAMinBiasUPC/HFTree/d32c37ab268e1492812aecf1e46c856e/HeavyFlavor_2292_1_7JA.root
/mnt/hadoop/store/user/wxie/PAMinBiasUPC/HFTree/d32c37ab268e1492812aecf1e46c856e/HeavyFlavor_2293_1_hdy.root
/mnt/hadoop/store/user/wxie/PAMinBiasUPC/HFTree/d32c37ab268e1492812aecf1e46c856e/HeavyFlavor_2294_1_Dxt.root
/mnt/hadoop/store/user/wxie/PAMinBiasUPC/HFTree/d32c37ab268e1492812aecf1e46c856e/HeavyFlavor_2295_1_Jg3.root
/mnt/hadoop/store/user/wxie/PAMinBiasUPC/HFTree/d32c37ab268e1492812aecf1e46c856e/HeavyFlavor_2296_1_jQT.root
/mnt/hadoop/store/user/wxie/PAMinBiasUPC/HFTree/d32c37ab268e1492812aecf1e46c856e/HeavyFlavor_2297_2_4jE.root
/mnt/hadoop/store/user/wxie/PAMinBiasUPC/HFTree/d32c37ab268e1492812aecf1e46c856e/HeavyFlavor_2298_2_te2.root
/mnt/hadoop/store/user/wxie/PAMinBiasUPC/HFTree/d32c37ab268e1492812aecf1e46c856e/HeavyFlavor_2299_1_1vo.root
/mnt/hadoop/store/user/wxie/PAMinBiasUPC/HFTree/d32c37ab268e1492812aecf1e46c856e/HeavyFlavor_2300_1_ydw.root
/mnt/hadoop/store/user/wxie/PAMinBiasUPC/HFTree/d32c37ab268e1492812aecf1e46c856e/HeavyFlavor_2301_1_x9u.root
/mnt/hadoop/store/user/wxie/PAMinBiasUPC/HFTree/d32c37ab268e1492812aecf1e46c856e/HeavyFlavor_2302_1_7pM.root
/mnt/hadoop/store/user/wxie/PAMinBiasUPC/HFTree/d32c37ab268e1492812aecf1e46c856e/HeavyFlavor_2303_2_SCW.root
/mnt/hadoop/store/user/wxie/PAMinBiasUPC/HFTree/d32c37ab268e1492812aecf1e46c856e/HeavyFlavor_2304_1_nqd.root
/mnt/hadoop/store/user/wxie/PAMinBiasUPC/HFTree/d32c37ab268e1492812aecf1e46c856e/HeavyFlavor_2305_1_NnS.root
/mnt/hadoop/store/user/wxie/PAMinBiasUPC/HFTree/d32c37ab268e1492812aecf1e46c856e/HeavyFlavor_2306_1_iUQ.root
/mnt/hadoop/store/user/wxie/PAMinBiasUPC/HFTree/d32c37ab268e1492812aecf1e46c856e/HeavyFlavor_2307_1_Kws.root
/mnt/hadoop/store/user/wxie/PAMinBiasUPC/HFTree/d32c37ab268e1492812aecf1e46c856e/HeavyFlavor_2308_1_uki.root
/mnt/hadoop/store/user/wxie/PAMinBiasUPC/HFTree/d32c37ab268e1492812aecf1e46c856e/HeavyFlavor_2309_1_nZ4.root
/mnt/hadoop/store/user/wxie/PAMinBiasUPC/HFTree/d32c37ab268e1492812aecf1e46c856e/HeavyFlavor_2310_2_6mR.root
/mnt/hadoop/store/user/wxie/PAMinBiasUPC/HFTree/d32c37ab268e1492812aecf1e46c856e/HeavyFlavor_2311_2_6T5.root
/mnt/hadoop/store/user/wxie/PAMinBiasUPC/HFTree/d32c37ab268e1492812aecf1e46c856e/HeavyFlavor_2312_1_emm.root
/mnt/hadoop/store/user/wxie/PAMinBiasUPC/HFTree/d32c37ab268e1492812aecf1e46c856e/HeavyFlavor_2313_2_cMN.root
/mnt/hadoop/store/user/wxie/PAMinBiasUPC/HFTree/d32c37ab268e1492812aecf1e46c856e/HeavyFlavor_2314_1_ZjP.root
/mnt/hadoop/store/user/wxie/PAMinBiasUPC/HFTree/d32c37ab268e1492812aecf1e46c856e/HeavyFlavor_2315_1_Zi2.root
/mnt/hadoop/store/user/wxie/PAMinBiasUPC/HFTree/d32c37ab268e1492812aecf1e46c856e/HeavyFlavor_2316_2_kAE.root
/mnt/hadoop/store/user/wxie/PAMinBiasUPC/HFTree/d32c37ab268e1492812aecf1e46c856e/HeavyFlavor_2317_1_AQH.root
/mnt/hadoop/store/user/wxie/PAMinBiasUPC/HFTree/d32c37ab268e1492812aecf1e46c856e/HeavyFlavor_2318_1_yeb.root
/mnt/hadoop/store/user/wxie/PAMinBiasUPC/HFTree/d32c37ab268e1492812aecf1e46c856e/HeavyFlavor_2319_1_8bb.root
/mnt/hadoop/store/user/wxie/PAMinBiasUPC/HFTree/d32c37ab268e1492812aecf1e46c856e/HeavyFlavor_2320_1_Ciy.root
/mnt/hadoop/store/user/wxie/PAMinBiasUPC/HFTree/d32c37ab268e1492812aecf1e46c856e/HeavyFlavor_2321_1_ysz.root
/mnt/hadoop/store/user/wxie/PAMinBiasUPC/HFTree/d32c37ab268e1492812aecf1e46c856e/HeavyFlavor_2322_1_CxA.root
/mnt/hadoop/store/user/wxie/PAMinBiasUPC/HFTree/d32c37ab268e1492812aecf1e46c856e/HeavyFlavor_2323_1_uPn.root
/mnt/hadoop/store/user/wxie/PAMinBiasUPC/HFTree/d32c37ab268e1492812aecf1e46c856e/HeavyFlavor_2324_1_NP1.root
/mnt/hadoop/store/user/wxie/PAMinBiasUPC/HFTree/d32c37ab268e1492812aecf1e46c856e/HeavyFlavor_2325_2_OOd.root
/mnt/hadoop/store/user/wxie/PAMinBiasUPC/HFTree/d32c37ab268e1492812aecf1e46c856e/HeavyFlavor_2326_1_14N.root
/mnt/hadoop/store/user/wxie/PAMinBiasUPC/HFTree/d32c37ab268e1492812aecf1e46c856e/HeavyFlavor_2327_2_DdY.root
/mnt/hadoop/store/user/wxie/PAMinBiasUPC/HFTree/d32c37ab268e1492812aecf1e46c856e/HeavyFlavor_2328_1_mG4.root
/mnt/hadoop/store/user/wxie/PAMinBiasUPC/HFTree/d32c37ab268e1492812aecf1e46c856e/HeavyFlavor_2329_1_OTx.root
/mnt/hadoop/store/user/wxie/PAMinBiasUPC/HFTree/d32c37ab268e1492812aecf1e46c856e/HeavyFlavor_2330_1_wVi.root
/mnt/hadoop/store/user/wxie/PAMinBiasUPC/HFTree/d32c37ab268e1492812aecf1e46c856e/HeavyFlavor_2331_2_VfP.root
/mnt/hadoop/store/user/wxie/PAMinBiasUPC/HFTree/d32c37ab268e1492812aecf1e46c856e/HeavyFlavor_2332_1_GGb.root
/mnt/hadoop/store/user/wxie/PAMinBiasUPC/HFTree/d32c37ab268e1492812aecf1e46c856e/HeavyFlavor_2333_2_nYy.root
/mnt/hadoop/store/user/wxie/PAMinBiasUPC/HFTree/d32c37ab268e1492812aecf1e46c856e/HeavyFlavor_2334_2_cV3.root
/mnt/hadoop/store/user/wxie/PAMinBiasUPC/HFTree/d32c37ab268e1492812aecf1e46c856e/HeavyFlavor_2335_1_loC.root
/mnt/hadoop/store/user/wxie/PAMinBiasUPC/HFTree/d32c37ab268e1492812aecf1e46c856e/HeavyFlavor_2336_2_WMM.root
/mnt/hadoop/store/user/wxie/PAMinBiasUPC/HFTree/d32c37ab268e1492812aecf1e46c856e/HeavyFlavor_2337_2_yp8.root
/mnt/hadoop/store/user/wxie/PAMinBiasUPC/HFTree/d32c37ab268e1492812aecf1e46c856e/HeavyFlavor_2338_2_soP.root
/mnt/hadoop/store/user/wxie/PAMinBiasUPC/HFTree/d32c37ab268e1492812aecf1e46c856e/HeavyFlavor_2339_1_dBt.root
/mnt/hadoop/store/user/wxie/PAMinBiasUPC/HFTree/d32c37ab268e1492812aecf1e46c856e/HeavyFlavor_2340_1_N5e.root
/mnt/hadoop/store/user/wxie/PAMinBiasUPC/HFTree/d32c37ab268e1492812aecf1e46c856e/HeavyFlavor_2341_1_zLG.root
/mnt/hadoop/store/user/wxie/PAMinBiasUPC/HFTree/d32c37ab268e1492812aecf1e46c856e/HeavyFlavor_2342_2_ZaF.root
/mnt/hadoop/store/user/wxie/PAMinBiasUPC/HFTree/d32c37ab268e1492812aecf1e46c856e/HeavyFlavor_2343_2_DWR.root
/mnt/hadoop/store/user/wxie/PAMinBiasUPC/HFTree/d32c37ab268e1492812aecf1e46c856e/HeavyFlavor_2344_2_Ryk.root
/mnt/hadoop/store/user/wxie/PAMinBiasUPC/HFTree/d32c37ab268e1492812aecf1e46c856e/HeavyFlavor_2345_2_6EV.root
/mnt/hadoop/store/user/wxie/PAMinBiasUPC/HFTree/d32c37ab268e1492812aecf1e46c856e/HeavyFlavor_2346_2_hM9.root
/mnt/hadoop/store/user/wxie/PAMinBiasUPC/HFTree/d32c37ab268e1492812aecf1e46c856e/HeavyFlavor_2347_2_f9T.root
/mnt/hadoop/store/user/wxie/PAMinBiasUPC/HFTree/d32c37ab268e1492812aecf1e46c856e/HeavyFlavor_2348_1_Wrf.root
/mnt/hadoop/store/user/wxie/PAMinBiasUPC/HFTree/d32c37ab268e1492812aecf1e46c856e/HeavyFlavor_2349_3_d0p.root
/mnt/hadoop/store/user/wxie/PAMinBiasUPC/HFTree/d32c37ab268e1492812aecf1e46c856e/HeavyFlavor_2350_2_ioS.root
/mnt/hadoop/store/user/wxie/PAMinBiasUPC/HFTree/d32c37ab268e1492812aecf1e46c856e/HeavyFlavor_2351_2_3Vs.root
/mnt/hadoop/store/user/wxie/PAMinBiasUPC/HFTree/d32c37ab268e1492812aecf1e46c856e/HeavyFlavor_2352_1_OyM.root
/mnt/hadoop/store/user/wxie/PAMinBiasUPC/HFTree/d32c37ab268e1492812aecf1e46c856e/HeavyFlavor_2353_2_PsA.root
/mnt/hadoop/store/user/wxie/PAMinBiasUPC/HFTree/d32c37ab268e1492812aecf1e46c856e/HeavyFlavor_2354_1_KvQ.root
/mnt/hadoop/store/user/wxie/PAMinBiasUPC/HFTree/d32c37ab268e1492812aecf1e46c856e/HeavyFlavor_2355_1_WFN.root
/mnt/hadoop/store/user/wxie/PAMinBiasUPC/HFTree/d32c37ab268e1492812aecf1e46c856e/HeavyFlavor_2356_2_glI.root
/mnt/hadoop/store/user/wxie/PAMinBiasUPC/HFTree/d32c37ab268e1492812aecf1e46c856e/HeavyFlavor_2357_2_NAm.root
/mnt/hadoop/store/user/wxie/PAMinBiasUPC/HFTree/d32c37ab268e1492812aecf1e46c856e/HeavyFlavor_2358_1_JPg.root
/mnt/hadoop/store/user/wxie/PAMinBiasUPC/HFTree/d32c37ab268e1492812aecf1e46c856e/HeavyFlavor_2359_2_u6X.root
/mnt/hadoop/store/user/wxie/PAMinBiasUPC/HFTree/d32c37ab268e1492812aecf1e46c856e/HeavyFlavor_2360_2_gRy.root
/mnt/hadoop/store/user/wxie/PAMinBiasUPC/HFTree/d32c37ab268e1492812aecf1e46c856e/HeavyFlavor_2361_2_exH.root
/mnt/hadoop/store/user/wxie/PAMinBiasUPC/HFTree/d32c37ab268e1492812aecf1e46c856e/HeavyFlavor_2362_1_fwB.root
/mnt/hadoop/store/user/wxie/PAMinBiasUPC/HFTree/d32c37ab268e1492812aecf1e46c856e/HeavyFlavor_2363_2_Ecf.root
/mnt/hadoop/store/user/wxie/PAMinBiasUPC/HFTree/d32c37ab268e1492812aecf1e46c856e/HeavyFlavor_2364_2_2XZ.root
/mnt/hadoop/store/user/wxie/PAMinBiasUPC/HFTree/d32c37ab268e1492812aecf1e46c856e/HeavyFlavor_2365_2_iP5.root
/mnt/hadoop/store/user/wxie/PAMinBiasUPC/HFTree/d32c37ab268e1492812aecf1e46c856e/HeavyFlavor_2366_1_tIL.root
/mnt/hadoop/store/user/wxie/PAMinBiasUPC/HFTree/d32c37ab268e1492812aecf1e46c856e/HeavyFlavor_2367_2_XFV.root
/mnt/hadoop/store/user/wxie/PAMinBiasUPC/HFTree/d32c37ab268e1492812aecf1e46c856e/HeavyFlavor_2368_2_xKK.root
/mnt/hadoop/store/user/wxie/PAMinBiasUPC/HFTree/d32c37ab268e1492812aecf1e46c856e/HeavyFlavor_2369_2_xKK.root
/mnt/hadoop/store/user/wxie/PAMinBiasUPC/HFTree/d32c37ab268e1492812aecf1e46c856e/HeavyFlavor_2370_2_MHa.root
/mnt/hadoop/store/user/wxie/PAMinBiasUPC/HFTree/d32c37ab268e1492812aecf1e46c856e/HeavyFlavor_2371_1_2Zl.root
/mnt/hadoop/store/user/wxie/PAMinBiasUPC/HFTree/d32c37ab268e1492812aecf1e46c856e/HeavyFlavor_2372_2_0c5.root
/mnt/hadoop/store/user/wxie/PAMinBiasUPC/HFTree/d32c37ab268e1492812aecf1e46c856e/HeavyFlavor_2373_2_BHm.root
/mnt/hadoop/store/user/wxie/PAMinBiasUPC/HFTree/d32c37ab268e1492812aecf1e46c856e/HeavyFlavor_2374_1_xz9.root
/mnt/hadoop/store/user/wxie/PAMinBiasUPC/HFTree/d32c37ab268e1492812aecf1e46c856e/HeavyFlavor_2375_2_s6S.root
/mnt/hadoop/store/user/wxie/PAMinBiasUPC/HFTree/d32c37ab268e1492812aecf1e46c856e/HeavyFlavor_2376_2_zhE.root
/mnt/hadoop/store/user/wxie/PAMinBiasUPC/HFTree/d32c37ab268e1492812aecf1e46c856e/HeavyFlavor_2377_2_oQG.root
/mnt/hadoop/store/user/wxie/PAMinBiasUPC/HFTree/d32c37ab268e1492812aecf1e46c856e/HeavyFlavor_2378_2_J69.root
/mnt/hadoop/store/user/wxie/PAMinBiasUPC/HFTree/d32c37ab268e1492812aecf1e46c856e/HeavyFlavor_2379_2_8HH.root
/mnt/hadoop/store/user/wxie/PAMinBiasUPC/HFTree/d32c37ab268e1492812aecf1e46c856e/HeavyFlavor_2380_2_dPy.root
/mnt/hadoop/store/user/wxie/PAMinBiasUPC/HFTree/d32c37ab268e1492812aecf1e46c856e/HeavyFlavor_2381_2_9nw.root
/mnt/hadoop/store/user/wxie/PAMinBiasUPC/HFTree/d32c37ab268e1492812aecf1e46c856e/HeavyFlavor_2382_2_9MK.root
/mnt/hadoop/store/user/wxie/PAMinBiasUPC/HFTree/d32c37ab268e1492812aecf1e46c856e/HeavyFlavor_2383_1_4kS.root
/mnt/hadoop/store/user/wxie/PAMinBiasUPC/HFTree/d32c37ab268e1492812aecf1e46c856e/HeavyFlavor_2384_1_JwZ.root
/mnt/hadoop/store/user/wxie/PAMinBiasUPC/HFTree/d32c37ab268e1492812aecf1e46c856e/HeavyFlavor_2385_2_0iZ.root
/mnt/hadoop/store/user/wxie/PAMinBiasUPC/HFTree/d32c37ab268e1492812aecf1e46c856e/HeavyFlavor_2386_2_K2f.root
/mnt/hadoop/store/user/wxie/PAMinBiasUPC/HFTree/d32c37ab268e1492812aecf1e46c856e/HeavyFlavor_2387_1_MMS.root
/mnt/hadoop/store/user/wxie/PAMinBiasUPC/HFTree/d32c37ab268e1492812aecf1e46c856e/HeavyFlavor_2388_1_3xT.root
/mnt/hadoop/store/user/wxie/PAMinBiasUPC/HFTree/d32c37ab268e1492812aecf1e46c856e/HeavyFlavor_2389_2_RAH.root
/mnt/hadoop/store/user/wxie/PAMinBiasUPC/HFTree/d32c37ab268e1492812aecf1e46c856e/HeavyFlavor_2390_2_Elj.root
/mnt/hadoop/store/user/wxie/PAMinBiasUPC/HFTree/d32c37ab268e1492812aecf1e46c856e/HeavyFlavor_2391_2_BUn.root
/mnt/hadoop/store/user/wxie/PAMinBiasUPC/HFTree/d32c37ab268e1492812aecf1e46c856e/HeavyFlavor_2392_2_gcG.root
/mnt/hadoop/store/user/wxie/PAMinBiasUPC/HFTree/d32c37ab268e1492812aecf1e46c856e/HeavyFlavor_2393_1_Fb0.root
/mnt/hadoop/store/user/wxie/PAMinBiasUPC/HFTree/d32c37ab268e1492812aecf1e46c856e/HeavyFlavor_2394_1_RVb.root
/mnt/hadoop/store/user/wxie/PAMinBiasUPC/HFTree/d32c37ab268e1492812aecf1e46c856e/HeavyFlavor_2395_1_z3c.root
/mnt/hadoop/store/user/wxie/PAMinBiasUPC/HFTree/d32c37ab268e1492812aecf1e46c856e/HeavyFlavor_2396_1_KdG.root
/mnt/hadoop/store/user/wxie/PAMinBiasUPC/HFTree/d32c37ab268e1492812aecf1e46c856e/HeavyFlavor_2397_2_Xrj.root
/mnt/hadoop/store/user/wxie/PAMinBiasUPC/HFTree/d32c37ab268e1492812aecf1e46c856e/HeavyFlavor_2398_1_A9v.root
/mnt/hadoop/store/user/wxie/PAMinBiasUPC/HFTree/d32c37ab268e1492812aecf1e46c856e/HeavyFlavor_2399_2_aUF.root
/mnt/hadoop/store/user/wxie/PAMinBiasUPC/HFTree/d32c37ab268e1492812aecf1e46c856e/HeavyFlavor_2400_2_oNH.root
/mnt/hadoop/store/user/wxie/PAMinBiasUPC/HFTree/d32c37ab268e1492812aecf1e46c856e/HeavyFlavor_2401_1_6Hf.root
/mnt/hadoop/store/user/wxie/PAMinBiasUPC/HFTree/d32c37ab268e1492812aecf1e46c856e/HeavyFlavor_2402_1_sVy.root
/mnt/hadoop/store/user/wxie/PAMinBiasUPC/HFTree/d32c37ab268e1492812aecf1e46c856e/HeavyFlavor_2403_2_YFJ.root
/mnt/hadoop/store/user/wxie/PAMinBiasUPC/HFTree/d32c37ab268e1492812aecf1e46c856e/HeavyFlavor_2404_2_s9i.root
/mnt/hadoop/store/user/wxie/PAMinBiasUPC/HFTree/d32c37ab268e1492812aecf1e46c856e/HeavyFlavor_2405_1_Sqf.root
/mnt/hadoop/store/user/wxie/PAMinBiasUPC/HFTree/d32c37ab268e1492812aecf1e46c856e/HeavyFlavor_2406_1_Y3f.root
/mnt/hadoop/store/user/wxie/PAMinBiasUPC/HFTree/d32c37ab268e1492812aecf1e46c856e/HeavyFlavor_2407_2_pMD.root
/mnt/hadoop/store/user/wxie/PAMinBiasUPC/HFTree/d32c37ab268e1492812aecf1e46c856e/HeavyFlavor_2408_1_GdY.root
/mnt/hadoop/store/user/wxie/PAMinBiasUPC/HFTree/d32c37ab268e1492812aecf1e46c856e/HeavyFlavor_2409_1_bga.root
/mnt/hadoop/store/user/wxie/PAMinBiasUPC/HFTree/d32c37ab268e1492812aecf1e46c856e/HeavyFlavor_2410_1_XjP.root
/mnt/hadoop/store/user/wxie/PAMinBiasUPC/HFTree/d32c37ab268e1492812aecf1e46c856e/HeavyFlavor_2411_1_uhF.root
/mnt/hadoop/store/user/wxie/PAMinBiasUPC/HFTree/d32c37ab268e1492812aecf1e46c856e/HeavyFlavor_2412_1_OBB.root
/mnt/hadoop/store/user/wxie/PAMinBiasUPC/HFTree/d32c37ab268e1492812aecf1e46c856e/HeavyFlavor_2413_2_1Cr.root
/mnt/hadoop/store/user/wxie/PAMinBiasUPC/HFTree/d32c37ab268e1492812aecf1e46c856e/HeavyFlavor_2414_1_rNk.root
/mnt/hadoop/store/user/wxie/PAMinBiasUPC/HFTree/d32c37ab268e1492812aecf1e46c856e/HeavyFlavor_2415_2_4fn.root
/mnt/hadoop/store/user/wxie/PAMinBiasUPC/HFTree/d32c37ab268e1492812aecf1e46c856e/HeavyFlavor_2416_1_i9c.root
/mnt/hadoop/store/user/wxie/PAMinBiasUPC/HFTree/d32c37ab268e1492812aecf1e46c856e/HeavyFlavor_2417_1_whg.root
/mnt/hadoop/store/user/wxie/PAMinBiasUPC/HFTree/d32c37ab268e1492812aecf1e46c856e/HeavyFlavor_2418_1_6SS.root
/mnt/hadoop/store/user/wxie/PAMinBiasUPC/HFTree/d32c37ab268e1492812aecf1e46c856e/HeavyFlavor_2419_1_tiF.root
/mnt/hadoop/store/user/wxie/PAMinBiasUPC/HFTree/d32c37ab268e1492812aecf1e46c856e/HeavyFlavor_2420_1_ytJ.root
/mnt/hadoop/store/user/wxie/PAMinBiasUPC/HFTree/d32c37ab268e1492812aecf1e46c856e/HeavyFlavor_2421_2_YPB.root
/mnt/hadoop/store/user/wxie/PAMinBiasUPC/HFTree/d32c37ab268e1492812aecf1e46c856e/HeavyFlavor_2422_1_pDt.root
/mnt/hadoop/store/user/wxie/PAMinBiasUPC/HFTree/d32c37ab268e1492812aecf1e46c856e/HeavyFlavor_2423_2_9jl.root
/mnt/hadoop/store/user/wxie/PAMinBiasUPC/HFTree/d32c37ab268e1492812aecf1e46c856e/HeavyFlavor_2424_1_ePg.root
/mnt/hadoop/store/user/wxie/PAMinBiasUPC/HFTree/d32c37ab268e1492812aecf1e46c856e/HeavyFlavor_2425_2_Tl8.root
/mnt/hadoop/store/user/wxie/PAMinBiasUPC/HFTree/d32c37ab268e1492812aecf1e46c856e/HeavyFlavor_2426_1_8I1.root
/mnt/hadoop/store/user/wxie/PAMinBiasUPC/HFTree/d32c37ab268e1492812aecf1e46c856e/HeavyFlavor_2427_2_uXD.root
/mnt/hadoop/store/user/wxie/PAMinBiasUPC/HFTree/d32c37ab268e1492812aecf1e46c856e/HeavyFlavor_2428_1_zE5.root
/mnt/hadoop/store/user/wxie/PAMinBiasUPC/HFTree/d32c37ab268e1492812aecf1e46c856e/HeavyFlavor_2429_1_Wik.root
/mnt/hadoop/store/user/wxie/PAMinBiasUPC/HFTree/d32c37ab268e1492812aecf1e46c856e/HeavyFlavor_2430_1_vqu.root
/mnt/hadoop/store/user/wxie/PAMinBiasUPC/HFTree/d32c37ab268e1492812aecf1e46c856e/HeavyFlavor_2431_2_NEd.root
/mnt/hadoop/store/user/wxie/PAMinBiasUPC/HFTree/d32c37ab268e1492812aecf1e46c856e/HeavyFlavor_2432_1_GFQ.root
/mnt/hadoop/store/user/wxie/PAMinBiasUPC/HFTree/d32c37ab268e1492812aecf1e46c856e/HeavyFlavor_2433_2_HTG.root
/mnt/hadoop/store/user/wxie/PAMinBiasUPC/HFTree/d32c37ab268e1492812aecf1e46c856e/HeavyFlavor_2434_1_at1.root
/mnt/hadoop/store/user/wxie/PAMinBiasUPC/HFTree/d32c37ab268e1492812aecf1e46c856e/HeavyFlavor_2435_1_7QC.root
/mnt/hadoop/store/user/wxie/PAMinBiasUPC/HFTree/d32c37ab268e1492812aecf1e46c856e/HeavyFlavor_2436_2_Ycl.root
/mnt/hadoop/store/user/wxie/PAMinBiasUPC/HFTree/d32c37ab268e1492812aecf1e46c856e/HeavyFlavor_2437_1_TOA.root
/mnt/hadoop/store/user/wxie/PAMinBiasUPC/HFTree/d32c37ab268e1492812aecf1e46c856e/HeavyFlavor_2438_1_ErP.root
/mnt/hadoop/store/user/wxie/PAMinBiasUPC/HFTree/d32c37ab268e1492812aecf1e46c856e/HeavyFlavor_2439_1_e6I.root
/mnt/hadoop/store/user/wxie/PAMinBiasUPC/HFTree/d32c37ab268e1492812aecf1e46c856e/HeavyFlavor_2440_1_jJW.root
/mnt/hadoop/store/user/wxie/PAMinBiasUPC/HFTree/d32c37ab268e1492812aecf1e46c856e/HeavyFlavor_2441_2_mjP.root
/mnt/hadoop/store/user/wxie/PAMinBiasUPC/HFTree/d32c37ab268e1492812aecf1e46c856e/HeavyFlavor_2442_2_3ui.root
/mnt/hadoop/store/user/wxie/PAMinBiasUPC/HFTree/d32c37ab268e1492812aecf1e46c856e/HeavyFlavor_2443_1_orB.root
/mnt/hadoop/store/user/wxie/PAMinBiasUPC/HFTree/d32c37ab268e1492812aecf1e46c856e/HeavyFlavor_2444_1_KW6.root
/mnt/hadoop/store/user/wxie/PAMinBiasUPC/HFTree/d32c37ab268e1492812aecf1e46c856e/HeavyFlavor_2445_1_p5l.root
/mnt/hadoop/store/user/wxie/PAMinBiasUPC/HFTree/d32c37ab268e1492812aecf1e46c856e/HeavyFlavor_2446_2_GB9.root
/mnt/hadoop/store/user/wxie/PAMinBiasUPC/HFTree/d32c37ab268e1492812aecf1e46c856e/HeavyFlavor_2447_1_1Bb.root
/mnt/hadoop/store/user/wxie/PAMinBiasUPC/HFTree/d32c37ab268e1492812aecf1e46c856e/HeavyFlavor_2448_1_b3z.root
/mnt/hadoop/store/user/wxie/PAMinBiasUPC/HFTree/d32c37ab268e1492812aecf1e46c856e/HeavyFlavor_2449_1_XT2.root
/mnt/hadoop/store/user/wxie/PAMinBiasUPC/HFTree/d32c37ab268e1492812aecf1e46c856e/HeavyFlavor_2450_1_J5b.root
/mnt/hadoop/store/user/wxie/PAMinBiasUPC/HFTree/d32c37ab268e1492812aecf1e46c856e/HeavyFlavor_2451_1_vdt.root
/mnt/hadoop/store/user/wxie/PAMinBiasUPC/HFTree/d32c37ab268e1492812aecf1e46c856e/HeavyFlavor_2452_2_3WK.root
/mnt/hadoop/store/user/wxie/PAMinBiasUPC/HFTree/d32c37ab268e1492812aecf1e46c856e/HeavyFlavor_2453_1_OmS.root
/mnt/hadoop/store/user/wxie/PAMinBiasUPC/HFTree/d32c37ab268e1492812aecf1e46c856e/HeavyFlavor_2454_1_pbM.root
/mnt/hadoop/store/user/wxie/PAMinBiasUPC/HFTree/d32c37ab268e1492812aecf1e46c856e/HeavyFlavor_2455_1_AFL.root
/mnt/hadoop/store/user/wxie/PAMinBiasUPC/HFTree/d32c37ab268e1492812aecf1e46c856e/HeavyFlavor_2456_2_r4v.root
/mnt/hadoop/store/user/wxie/PAMinBiasUPC/HFTree/d32c37ab268e1492812aecf1e46c856e/HeavyFlavor_2457_1_yXJ.root
/mnt/hadoop/store/user/wxie/PAMinBiasUPC/HFTree/d32c37ab268e1492812aecf1e46c856e/HeavyFlavor_2458_1_LHY.root
/mnt/hadoop/store/user/wxie/PAMinBiasUPC/HFTree/d32c37ab268e1492812aecf1e46c856e/HeavyFlavor_2459_1_AAY.root
/mnt/hadoop/store/user/wxie/PAMinBiasUPC/HFTree/d32c37ab268e1492812aecf1e46c856e/HeavyFlavor_2460_2_4Fh.root
/mnt/hadoop/store/user/wxie/PAMinBiasUPC/HFTree/d32c37ab268e1492812aecf1e46c856e/HeavyFlavor_2461_2_lDD.root
/mnt/hadoop/store/user/wxie/PAMinBiasUPC/HFTree/d32c37ab268e1492812aecf1e46c856e/HeavyFlavor_2462_2_uKn.root
/mnt/hadoop/store/user/wxie/PAMinBiasUPC/HFTree/d32c37ab268e1492812aecf1e46c856e/HeavyFlavor_2463_2_2tK.root
/mnt/hadoop/store/user/wxie/PAMinBiasUPC/HFTree/d32c37ab268e1492812aecf1e46c856e/HeavyFlavor_2464_1_cS4.root
/mnt/hadoop/store/user/wxie/PAMinBiasUPC/HFTree/d32c37ab268e1492812aecf1e46c856e/HeavyFlavor_2465_2_p8m.root
/mnt/hadoop/store/user/wxie/PAMinBiasUPC/HFTree/d32c37ab268e1492812aecf1e46c856e/HeavyFlavor_2466_2_PkW.root
/mnt/hadoop/store/user/wxie/PAMinBiasUPC/HFTree/d32c37ab268e1492812aecf1e46c856e/HeavyFlavor_2467_1_cfM.root
/mnt/hadoop/store/user/wxie/PAMinBiasUPC/HFTree/d32c37ab268e1492812aecf1e46c856e/HeavyFlavor_2468_2_tGO.root
/mnt/hadoop/store/user/wxie/PAMinBiasUPC/HFTree/d32c37ab268e1492812aecf1e46c856e/HeavyFlavor_2469_1_M1R.root
/mnt/hadoop/store/user/wxie/PAMinBiasUPC/HFTree/d32c37ab268e1492812aecf1e46c856e/HeavyFlavor_2470_2_9z1.root
/mnt/hadoop/store/user/wxie/PAMinBiasUPC/HFTree/d32c37ab268e1492812aecf1e46c856e/HeavyFlavor_2471_1_MEv.root
/mnt/hadoop/store/user/wxie/PAMinBiasUPC/HFTree/d32c37ab268e1492812aecf1e46c856e/HeavyFlavor_2472_2_W0s.root
/mnt/hadoop/store/user/wxie/PAMinBiasUPC/HFTree/d32c37ab268e1492812aecf1e46c856e/HeavyFlavor_2473_2_6TP.root
/mnt/hadoop/store/user/wxie/PAMinBiasUPC/HFTree/d32c37ab268e1492812aecf1e46c856e/HeavyFlavor_2474_1_f7C.root
/mnt/hadoop/store/user/wxie/PAMinBiasUPC/HFTree/d32c37ab268e1492812aecf1e46c856e/HeavyFlavor_2475_2_I5L.root
/mnt/hadoop/store/user/wxie/PAMinBiasUPC/HFTree/d32c37ab268e1492812aecf1e46c856e/HeavyFlavor_2476_1_ObO.root
/mnt/hadoop/store/user/wxie/PAMinBiasUPC/HFTree/d32c37ab268e1492812aecf1e46c856e/HeavyFlavor_2477_2_SN5.root
/mnt/hadoop/store/user/wxie/PAMinBiasUPC/HFTree/d32c37ab268e1492812aecf1e46c856e/HeavyFlavor_2478_2_0CO.root
/mnt/hadoop/store/user/wxie/PAMinBiasUPC/HFTree/d32c37ab268e1492812aecf1e46c856e/HeavyFlavor_2479_2_m4f.root
/mnt/hadoop/store/user/wxie/PAMinBiasUPC/HFTree/d32c37ab268e1492812aecf1e46c856e/HeavyFlavor_2480_2_l6H.root
/mnt/hadoop/store/user/wxie/PAMinBiasUPC/HFTree/d32c37ab268e1492812aecf1e46c856e/HeavyFlavor_2481_2_HEy.root
/mnt/hadoop/store/user/wxie/PAMinBiasUPC/HFTree/d32c37ab268e1492812aecf1e46c856e/HeavyFlavor_2482_2_FwB.root
/mnt/hadoop/store/user/wxie/PAMinBiasUPC/HFTree/d32c37ab268e1492812aecf1e46c856e/HeavyFlavor_2483_1_cIn.root
/mnt/hadoop/store/user/wxie/PAMinBiasUPC/HFTree/d32c37ab268e1492812aecf1e46c856e/HeavyFlavor_2484_2_W9a.root
/mnt/hadoop/store/user/wxie/PAMinBiasUPC/HFTree/d32c37ab268e1492812aecf1e46c856e/HeavyFlavor_2485_2_rKe.root
/mnt/hadoop/store/user/wxie/PAMinBiasUPC/HFTree/d32c37ab268e1492812aecf1e46c856e/HeavyFlavor_2486_1_JxZ.root
/mnt/hadoop/store/user/wxie/PAMinBiasUPC/HFTree/d32c37ab268e1492812aecf1e46c856e/HeavyFlavor_2487_2_wcg.root
/mnt/hadoop/store/user/wxie/PAMinBiasUPC/HFTree/d32c37ab268e1492812aecf1e46c856e/HeavyFlavor_2488_2_dBt.root
/mnt/hadoop/store/user/wxie/PAMinBiasUPC/HFTree/d32c37ab268e1492812aecf1e46c856e/HeavyFlavor_2489_2_dLT.root
/mnt/hadoop/store/user/wxie/PAMinBiasUPC/HFTree/d32c37ab268e1492812aecf1e46c856e/HeavyFlavor_2490_2_lIe.root
/mnt/hadoop/store/user/wxie/PAMinBiasUPC/HFTree/d32c37ab268e1492812aecf1e46c856e/HeavyFlavor_2491_2_LYX.root
/mnt/hadoop/store/user/wxie/PAMinBiasUPC/HFTree/d32c37ab268e1492812aecf1e46c856e/HeavyFlavor_2492_2_FGl.root
/mnt/hadoop/store/user/wxie/PAMinBiasUPC/HFTree/d32c37ab268e1492812aecf1e46c856e/HeavyFlavor_2493_2_v5T.root
/mnt/hadoop/store/user/wxie/PAMinBiasUPC/HFTree/d32c37ab268e1492812aecf1e46c856e/HeavyFlavor_2494_2_G0Z.root
/mnt/hadoop/store/user/wxie/PAMinBiasUPC/HFTree/d32c37ab268e1492812aecf1e46c856e/HeavyFlavor_2495_2_Fxk.root
/mnt/hadoop/store/user/wxie/PAMinBiasUPC/HFTree/d32c37ab268e1492812aecf1e46c856e/HeavyFlavor_2496_2_t4A.root
/mnt/hadoop/store/user/wxie/PAMinBiasUPC/HFTree/d32c37ab268e1492812aecf1e46c856e/HeavyFlavor_2497_2_WjD.root
/mnt/hadoop/store/user/wxie/PAMinBiasUPC/HFTree/d32c37ab268e1492812aecf1e46c856e/HeavyFlavor_2498_2_w4p.root
/mnt/hadoop/store/user/wxie/PAMinBiasUPC/HFTree/d32c37ab268e1492812aecf1e46c856e/HeavyFlavor_2499_2_8pA.root
/mnt/hadoop/store/user/wxie/PAMinBiasUPC/HFTree/d32c37ab268e1492812aecf1e46c856e/HeavyFlavor_2500_2_4xz.root
/mnt/hadoop/store/user/wxie/PAMinBiasUPC/HFTree/d32c37ab268e1492812aecf1e46c856e/HeavyFlavor_2501_1_k4H.root
/mnt/hadoop/store/user/wxie/PAMinBiasUPC/HFTree/d32c37ab268e1492812aecf1e46c856e/HeavyFlavor_2502_2_OrH.root
/mnt/hadoop/store/user/wxie/PAMinBiasUPC/HFTree/d32c37ab268e1492812aecf1e46c856e/HeavyFlavor_2503_2_rYJ.root
/mnt/hadoop/store/user/wxie/PAMinBiasUPC/HFTree/d32c37ab268e1492812aecf1e46c856e/HeavyFlavor_2504_2_wmX.root
/mnt/hadoop/store/user/wxie/PAMinBiasUPC/HFTree/d32c37ab268e1492812aecf1e46c856e/HeavyFlavor_2505_2_H82.root
/mnt/hadoop/store/user/wxie/PAMinBiasUPC/HFTree/d32c37ab268e1492812aecf1e46c856e/HeavyFlavor_2506_1_Fr5.root
/mnt/hadoop/store/user/wxie/PAMinBiasUPC/HFTree/d32c37ab268e1492812aecf1e46c856e/HeavyFlavor_2507_2_4Fk.root
/mnt/hadoop/store/user/wxie/PAMinBiasUPC/HFTree/d32c37ab268e1492812aecf1e46c856e/HeavyFlavor_2508_2_YVH.root
/mnt/hadoop/store/user/wxie/PAMinBiasUPC/HFTree/d32c37ab268e1492812aecf1e46c856e/HeavyFlavor_2509_2_TMu.root
/mnt/hadoop/store/user/wxie/PAMinBiasUPC/HFTree/d32c37ab268e1492812aecf1e46c856e/HeavyFlavor_2510_1_vKq.root
/mnt/hadoop/store/user/wxie/PAMinBiasUPC/HFTree/d32c37ab268e1492812aecf1e46c856e/HeavyFlavor_2511_2_nZ6.root
/mnt/hadoop/store/user/wxie/PAMinBiasUPC/HFTree/d32c37ab268e1492812aecf1e46c856e/HeavyFlavor_2512_2_cwk.root
/mnt/hadoop/store/user/wxie/PAMinBiasUPC/HFTree/d32c37ab268e1492812aecf1e46c856e/HeavyFlavor_2513_1_2H5.root
/mnt/hadoop/store/user/wxie/PAMinBiasUPC/HFTree/d32c37ab268e1492812aecf1e46c856e/HeavyFlavor_2514_1_AWa.root
/mnt/hadoop/store/user/wxie/PAMinBiasUPC/HFTree/d32c37ab268e1492812aecf1e46c856e/HeavyFlavor_2515_1_PSh.root
/mnt/hadoop/store/user/wxie/PAMinBiasUPC/HFTree/d32c37ab268e1492812aecf1e46c856e/HeavyFlavor_2516_2_9dX.root
/mnt/hadoop/store/user/wxie/PAMinBiasUPC/HFTree/d32c37ab268e1492812aecf1e46c856e/HeavyFlavor_2517_1_cYr.root
/mnt/hadoop/store/user/wxie/PAMinBiasUPC/HFTree/d32c37ab268e1492812aecf1e46c856e/HeavyFlavor_2518_1_vdv.root
/mnt/hadoop/store/user/wxie/PAMinBiasUPC/HFTree/d32c37ab268e1492812aecf1e46c856e/HeavyFlavor_2519_2_pTx.root
/mnt/hadoop/store/user/wxie/PAMinBiasUPC/HFTree/d32c37ab268e1492812aecf1e46c856e/HeavyFlavor_2520_2_l9N.root
/mnt/hadoop/store/user/wxie/PAMinBiasUPC/HFTree/d32c37ab268e1492812aecf1e46c856e/HeavyFlavor_2521_1_X4j.root
/mnt/hadoop/store/user/wxie/PAMinBiasUPC/HFTree/d32c37ab268e1492812aecf1e46c856e/HeavyFlavor_2522_2_gJA.root
/mnt/hadoop/store/user/wxie/PAMinBiasUPC/HFTree/d32c37ab268e1492812aecf1e46c856e/HeavyFlavor_2523_1_JXL.root
/mnt/hadoop/store/user/wxie/PAMinBiasUPC/HFTree/d32c37ab268e1492812aecf1e46c856e/HeavyFlavor_2524_2_l9H.root
/mnt/hadoop/store/user/wxie/PAMinBiasUPC/HFTree/d32c37ab268e1492812aecf1e46c856e/HeavyFlavor_2525_2_AM8.root
/mnt/hadoop/store/user/wxie/PAMinBiasUPC/HFTree/d32c37ab268e1492812aecf1e46c856e/HeavyFlavor_2526_2_dqA.root
/mnt/hadoop/store/user/wxie/PAMinBiasUPC/HFTree/d32c37ab268e1492812aecf1e46c856e/HeavyFlavor_2527_2_FNC.root
/mnt/hadoop/store/user/wxie/PAMinBiasUPC/HFTree/d32c37ab268e1492812aecf1e46c856e/HeavyFlavor_2528_2_yAV.root
/mnt/hadoop/store/user/wxie/PAMinBiasUPC/HFTree/d32c37ab268e1492812aecf1e46c856e/HeavyFlavor_2529_2_j3h.root
/mnt/hadoop/store/user/wxie/PAMinBiasUPC/HFTree/d32c37ab268e1492812aecf1e46c856e/HeavyFlavor_2530_1_l5z.root
/mnt/hadoop/store/user/wxie/PAMinBiasUPC/HFTree/d32c37ab268e1492812aecf1e46c856e/HeavyFlavor_2531_2_eR2.root
/mnt/hadoop/store/user/wxie/PAMinBiasUPC/HFTree/d32c37ab268e1492812aecf1e46c856e/HeavyFlavor_2532_1_SK7.root
/mnt/hadoop/store/user/wxie/PAMinBiasUPC/HFTree/d32c37ab268e1492812aecf1e46c856e/HeavyFlavor_2533_1_7Yn.root
/mnt/hadoop/store/user/wxie/PAMinBiasUPC/HFTree/d32c37ab268e1492812aecf1e46c856e/HeavyFlavor_2534_1_kre.root
/mnt/hadoop/store/user/wxie/PAMinBiasUPC/HFTree/d32c37ab268e1492812aecf1e46c856e/HeavyFlavor_2535_2_tWZ.root
/mnt/hadoop/store/user/wxie/PAMinBiasUPC/HFTree/d32c37ab268e1492812aecf1e46c856e/HeavyFlavor_2536_1_PG8.root
/mnt/hadoop/store/user/wxie/PAMinBiasUPC/HFTree/d32c37ab268e1492812aecf1e46c856e/HeavyFlavor_2537_2_vVK.root
/mnt/hadoop/store/user/wxie/PAMinBiasUPC/HFTree/d32c37ab268e1492812aecf1e46c856e/HeavyFlavor_2538_1_4Bi.root
/mnt/hadoop/store/user/wxie/PAMinBiasUPC/HFTree/d32c37ab268e1492812aecf1e46c856e/HeavyFlavor_2539_2_7CV.root
/mnt/hadoop/store/user/wxie/PAMinBiasUPC/HFTree/d32c37ab268e1492812aecf1e46c856e/HeavyFlavor_2540_1_n56.root
/mnt/hadoop/store/user/wxie/PAMinBiasUPC/HFTree/d32c37ab268e1492812aecf1e46c856e/HeavyFlavor_2541_2_Vo4.root
/mnt/hadoop/store/user/wxie/PAMinBiasUPC/HFTree/d32c37ab268e1492812aecf1e46c856e/HeavyFlavor_2542_2_Pu4.root
/mnt/hadoop/store/user/wxie/PAMinBiasUPC/HFTree/d32c37ab268e1492812aecf1e46c856e/HeavyFlavor_2543_2_qNc.root
/mnt/hadoop/store/user/wxie/PAMinBiasUPC/HFTree/d32c37ab268e1492812aecf1e46c856e/HeavyFlavor_2544_2_1NI.root
/mnt/hadoop/store/user/wxie/PAMinBiasUPC/HFTree/d32c37ab268e1492812aecf1e46c856e/HeavyFlavor_2545_1_mAJ.root
/mnt/hadoop/store/user/wxie/PAMinBiasUPC/HFTree/d32c37ab268e1492812aecf1e46c856e/HeavyFlavor_2546_2_pP0.root
/mnt/hadoop/store/user/wxie/PAMinBiasUPC/HFTree/d32c37ab268e1492812aecf1e46c856e/HeavyFlavor_2547_1_bL4.root
/mnt/hadoop/store/user/wxie/PAMinBiasUPC/HFTree/d32c37ab268e1492812aecf1e46c856e/HeavyFlavor_2548_2_9r3.root
/mnt/hadoop/store/user/wxie/PAMinBiasUPC/HFTree/d32c37ab268e1492812aecf1e46c856e/HeavyFlavor_2549_2_jcT.root
/mnt/hadoop/store/user/wxie/PAMinBiasUPC/HFTree/d32c37ab268e1492812aecf1e46c856e/HeavyFlavor_2550_1_Uyo.root
/mnt/hadoop/store/user/wxie/PAMinBiasUPC/HFTree/d32c37ab268e1492812aecf1e46c856e/HeavyFlavor_2551_2_uPU.root
/mnt/hadoop/store/user/wxie/PAMinBiasUPC/HFTree/d32c37ab268e1492812aecf1e46c856e/HeavyFlavor_2552_1_CGR.root
/mnt/hadoop/store/user/wxie/PAMinBiasUPC/HFTree/d32c37ab268e1492812aecf1e46c856e/HeavyFlavor_2553_2_9t8.root
/mnt/hadoop/store/user/wxie/PAMinBiasUPC/HFTree/d32c37ab268e1492812aecf1e46c856e/HeavyFlavor_2554_3_FmV.root
/mnt/hadoop/store/user/wxie/PAMinBiasUPC/HFTree/d32c37ab268e1492812aecf1e46c856e/HeavyFlavor_2555_1_6hd.root
/mnt/hadoop/store/user/wxie/PAMinBiasUPC/HFTree/d32c37ab268e1492812aecf1e46c856e/HeavyFlavor_2556_2_MKL.root
/mnt/hadoop/store/user/wxie/PAMinBiasUPC/HFTree/d32c37ab268e1492812aecf1e46c856e/HeavyFlavor_2557_1_Bf3.root
/mnt/hadoop/store/user/wxie/PAMinBiasUPC/HFTree/d32c37ab268e1492812aecf1e46c856e/HeavyFlavor_2558_2_V9K.root
/mnt/hadoop/store/user/wxie/PAMinBiasUPC/HFTree/d32c37ab268e1492812aecf1e46c856e/HeavyFlavor_2559_2_AeS.root
/mnt/hadoop/store/user/wxie/PAMinBiasUPC/HFTree/d32c37ab268e1492812aecf1e46c856e/HeavyFlavor_2560_2_mRO.root
/mnt/hadoop/store/user/wxie/PAMinBiasUPC/HFTree/d32c37ab268e1492812aecf1e46c856e/HeavyFlavor_2561_2_LkG.root
/mnt/hadoop/store/user/wxie/PAMinBiasUPC/HFTree/d32c37ab268e1492812aecf1e46c856e/HeavyFlavor_2562_2_l2I.root
/mnt/hadoop/store/user/wxie/PAMinBiasUPC/HFTree/d32c37ab268e1492812aecf1e46c856e/HeavyFlavor_2563_2_eSI.root
/mnt/hadoop/store/user/wxie/PAMinBiasUPC/HFTree/d32c37ab268e1492812aecf1e46c856e/HeavyFlavor_2564_2_P7f.root
/mnt/hadoop/store/user/wxie/PAMinBiasUPC/HFTree/d32c37ab268e1492812aecf1e46c856e/HeavyFlavor_2565_2_Mwa.root
/mnt/hadoop/store/user/wxie/PAMinBiasUPC/HFTree/d32c37ab268e1492812aecf1e46c856e/HeavyFlavor_2566_1_VeO.root
/mnt/hadoop/store/user/wxie/PAMinBiasUPC/HFTree/d32c37ab268e1492812aecf1e46c856e/HeavyFlavor_2567_2_UeQ.root
/mnt/hadoop/store/user/wxie/PAMinBiasUPC/HFTree/d32c37ab268e1492812aecf1e46c856e/HeavyFlavor_2568_2_WK2.root
/mnt/hadoop/store/user/wxie/PAMinBiasUPC/HFTree/d32c37ab268e1492812aecf1e46c856e/HeavyFlavor_2569_2_DA8.root
/mnt/hadoop/store/user/wxie/PAMinBiasUPC/HFTree/d32c37ab268e1492812aecf1e46c856e/HeavyFlavor_2570_1_NLR.root
/mnt/hadoop/store/user/wxie/PAMinBiasUPC/HFTree/d32c37ab268e1492812aecf1e46c856e/HeavyFlavor_2571_2_Sny.root
/mnt/hadoop/store/user/wxie/PAMinBiasUPC/HFTree/d32c37ab268e1492812aecf1e46c856e/HeavyFlavor_2572_2_iiQ.root
/mnt/hadoop/store/user/wxie/PAMinBiasUPC/HFTree/d32c37ab268e1492812aecf1e46c856e/HeavyFlavor_2573_1_tOv.root
/mnt/hadoop/store/user/wxie/PAMinBiasUPC/HFTree/d32c37ab268e1492812aecf1e46c856e/HeavyFlavor_2574_2_QgL.root
/mnt/hadoop/store/user/wxie/PAMinBiasUPC/HFTree/d32c37ab268e1492812aecf1e46c856e/HeavyFlavor_2575_2_CI0.root
/mnt/hadoop/store/user/wxie/PAMinBiasUPC/HFTree/d32c37ab268e1492812aecf1e46c856e/HeavyFlavor_2576_2_ZcP.root
/mnt/hadoop/store/user/wxie/PAMinBiasUPC/HFTree/d32c37ab268e1492812aecf1e46c856e/HeavyFlavor_2577_2_qDq.root
/mnt/hadoop/store/user/wxie/PAMinBiasUPC/HFTree/d32c37ab268e1492812aecf1e46c856e/HeavyFlavor_2578_1_C7B.root
/mnt/hadoop/store/user/wxie/PAMinBiasUPC/HFTree/d32c37ab268e1492812aecf1e46c856e/HeavyFlavor_2579_2_kf3.root
/mnt/hadoop/store/user/wxie/PAMinBiasUPC/HFTree/d32c37ab268e1492812aecf1e46c856e/HeavyFlavor_2580_2_Y1f.root
/mnt/hadoop/store/user/wxie/PAMinBiasUPC/HFTree/d32c37ab268e1492812aecf1e46c856e/HeavyFlavor_2581_2_yS8.root
/mnt/hadoop/store/user/wxie/PAMinBiasUPC/HFTree/d32c37ab268e1492812aecf1e46c856e/HeavyFlavor_2582_2_TwB.root
/mnt/hadoop/store/user/wxie/PAMinBiasUPC/HFTree/d32c37ab268e1492812aecf1e46c856e/HeavyFlavor_2583_1_WVm.root
/mnt/hadoop/store/user/wxie/PAMinBiasUPC/HFTree/d32c37ab268e1492812aecf1e46c856e/HeavyFlavor_2584_1_I3d.root
/mnt/hadoop/store/user/wxie/PAMinBiasUPC/HFTree/d32c37ab268e1492812aecf1e46c856e/HeavyFlavor_2585_2_3zd.root
/mnt/hadoop/store/user/wxie/PAMinBiasUPC/HFTree/d32c37ab268e1492812aecf1e46c856e/HeavyFlavor_2586_2_sRs.root
/mnt/hadoop/store/user/wxie/PAMinBiasUPC/HFTree/d32c37ab268e1492812aecf1e46c856e/HeavyFlavor_2587_2_l6u.root
/mnt/hadoop/store/user/wxie/PAMinBiasUPC/HFTree/d32c37ab268e1492812aecf1e46c856e/HeavyFlavor_2588_1_6rq.root
/mnt/hadoop/store/user/wxie/PAMinBiasUPC/HFTree/d32c37ab268e1492812aecf1e46c856e/HeavyFlavor_2589_2_zKn.root
/mnt/hadoop/store/user/wxie/PAMinBiasUPC/HFTree/d32c37ab268e1492812aecf1e46c856e/HeavyFlavor_2590_1_A8o.root
/mnt/hadoop/store/user/wxie/PAMinBiasUPC/HFTree/d32c37ab268e1492812aecf1e46c856e/HeavyFlavor_2591_2_iLx.root
/mnt/hadoop/store/user/wxie/PAMinBiasUPC/HFTree/d32c37ab268e1492812aecf1e46c856e/HeavyFlavor_2592_2_wBP.root
/mnt/hadoop/store/user/wxie/PAMinBiasUPC/HFTree/d32c37ab268e1492812aecf1e46c856e/HeavyFlavor_2593_2_zQj.root
/mnt/hadoop/store/user/wxie/PAMinBiasUPC/HFTree/d32c37ab268e1492812aecf1e46c856e/HeavyFlavor_2594_2_QtZ.root
/mnt/hadoop/store/user/wxie/PAMinBiasUPC/HFTree/d32c37ab268e1492812aecf1e46c856e/HeavyFlavor_2595_2_5oh.root
/mnt/hadoop/store/user/wxie/PAMinBiasUPC/HFTree/d32c37ab268e1492812aecf1e46c856e/HeavyFlavor_2596_2_4dj.root
/mnt/hadoop/store/user/wxie/PAMinBiasUPC/HFTree/d32c37ab268e1492812aecf1e46c856e/HeavyFlavor_2597_1_sE7.root
/mnt/hadoop/store/user/wxie/PAMinBiasUPC/HFTree/d32c37ab268e1492812aecf1e46c856e/HeavyFlavor_2598_1_COK.root
/mnt/hadoop/store/user/wxie/PAMinBiasUPC/HFTree/d32c37ab268e1492812aecf1e46c856e/HeavyFlavor_2599_2_9Px.root
/mnt/hadoop/store/user/wxie/PAMinBiasUPC/HFTree/d32c37ab268e1492812aecf1e46c856e/HeavyFlavor_2600_2_QyZ.root
/mnt/hadoop/store/user/wxie/PAMinBiasUPC/HFTree/d32c37ab268e1492812aecf1e46c856e/HeavyFlavor_2601_2_yfF.root
/mnt/hadoop/store/user/wxie/PAMinBiasUPC/HFTree/d32c37ab268e1492812aecf1e46c856e/HeavyFlavor_2602_2_bFS.root
/mnt/hadoop/store/user/wxie/PAMinBiasUPC/HFTree/d32c37ab268e1492812aecf1e46c856e/HeavyFlavor_2603_2_74h.root
/mnt/hadoop/store/user/wxie/PAMinBiasUPC/HFTree/d32c37ab268e1492812aecf1e46c856e/HeavyFlavor_2604_1_RIL.root
/mnt/hadoop/store/user/wxie/PAMinBiasUPC/HFTree/d32c37ab268e1492812aecf1e46c856e/HeavyFlavor_2605_2_tl6.root
/mnt/hadoop/store/user/wxie/PAMinBiasUPC/HFTree/d32c37ab268e1492812aecf1e46c856e/HeavyFlavor_2606_2_PZs.root
/mnt/hadoop/store/user/wxie/PAMinBiasUPC/HFTree/d32c37ab268e1492812aecf1e46c856e/HeavyFlavor_2606_2_dRv.root
/mnt/hadoop/store/user/wxie/PAMinBiasUPC/HFTree/d32c37ab268e1492812aecf1e46c856e/HeavyFlavor_2607_2_KZ6.root
/mnt/hadoop/store/user/wxie/PAMinBiasUPC/HFTree/d32c37ab268e1492812aecf1e46c856e/HeavyFlavor_2608_2_lsI.root
/mnt/hadoop/store/user/wxie/PAMinBiasUPC/HFTree/d32c37ab268e1492812aecf1e46c856e/HeavyFlavor_2609_2_ovs.root
/mnt/hadoop/store/user/wxie/PAMinBiasUPC/HFTree/d32c37ab268e1492812aecf1e46c856e/HeavyFlavor_2610_2_PFk.root
/mnt/hadoop/store/user/wxie/PAMinBiasUPC/HFTree/d32c37ab268e1492812aecf1e46c856e/HeavyFlavor_2611_2_ali.root
/mnt/hadoop/store/user/wxie/PAMinBiasUPC/HFTree/d32c37ab268e1492812aecf1e46c856e/HeavyFlavor_2612_2_ZbS.root
/mnt/hadoop/store/user/wxie/PAMinBiasUPC/HFTree/d32c37ab268e1492812aecf1e46c856e/HeavyFlavor_2613_2_HUm.root
/mnt/hadoop/store/user/wxie/PAMinBiasUPC/HFTree/d32c37ab268e1492812aecf1e46c856e/HeavyFlavor_2614_1_sBd.root
/mnt/hadoop/store/user/wxie/PAMinBiasUPC/HFTree/d32c37ab268e1492812aecf1e46c856e/HeavyFlavor_2615_2_6UI.root
/mnt/hadoop/store/user/wxie/PAMinBiasUPC/HFTree/d32c37ab268e1492812aecf1e46c856e/HeavyFlavor_2616_1_s6N.root
/mnt/hadoop/store/user/wxie/PAMinBiasUPC/HFTree/d32c37ab268e1492812aecf1e46c856e/HeavyFlavor_2617_2_CjP.root
/mnt/hadoop/store/user/wxie/PAMinBiasUPC/HFTree/d32c37ab268e1492812aecf1e46c856e/HeavyFlavor_2618_1_M0w.root
/mnt/hadoop/store/user/wxie/PAMinBiasUPC/HFTree/d32c37ab268e1492812aecf1e46c856e/HeavyFlavor_2619_1_fpf.root
/mnt/hadoop/store/user/wxie/PAMinBiasUPC/HFTree/d32c37ab268e1492812aecf1e46c856e/HeavyFlavor_2620_1_uH2.root
/mnt/hadoop/store/user/wxie/PAMinBiasUPC/HFTree/d32c37ab268e1492812aecf1e46c856e/HeavyFlavor_2621_2_h9S.root
/mnt/hadoop/store/user/wxie/PAMinBiasUPC/HFTree/d32c37ab268e1492812aecf1e46c856e/HeavyFlavor_2622_2_tWS.root
/mnt/hadoop/store/user/wxie/PAMinBiasUPC/HFTree/d32c37ab268e1492812aecf1e46c856e/HeavyFlavor_2623_2_h6R.root
/mnt/hadoop/store/user/wxie/PAMinBiasUPC/HFTree/d32c37ab268e1492812aecf1e46c856e/HeavyFlavor_2624_1_cap.root
/mnt/hadoop/store/user/wxie/PAMinBiasUPC/HFTree/d32c37ab268e1492812aecf1e46c856e/HeavyFlavor_2625_2_Xm7.root
/mnt/hadoop/store/user/wxie/PAMinBiasUPC/HFTree/d32c37ab268e1492812aecf1e46c856e/HeavyFlavor_2626_1_SkE.root
/mnt/hadoop/store/user/wxie/PAMinBiasUPC/HFTree/d32c37ab268e1492812aecf1e46c856e/HeavyFlavor_2627_2_2Bh.root
/mnt/hadoop/store/user/wxie/PAMinBiasUPC/HFTree/d32c37ab268e1492812aecf1e46c856e/HeavyFlavor_2628_2_0uk.root
/mnt/hadoop/store/user/wxie/PAMinBiasUPC/HFTree/d32c37ab268e1492812aecf1e46c856e/HeavyFlavor_2629_2_nwo.root
/mnt/hadoop/store/user/wxie/PAMinBiasUPC/HFTree/d32c37ab268e1492812aecf1e46c856e/HeavyFlavor_2630_2_JF5.root
/mnt/hadoop/store/user/wxie/PAMinBiasUPC/HFTree/d32c37ab268e1492812aecf1e46c856e/HeavyFlavor_2631_2_xdV.root
/mnt/hadoop/store/user/wxie/PAMinBiasUPC/HFTree/d32c37ab268e1492812aecf1e46c856e/HeavyFlavor_2632_2_aJb.root
/mnt/hadoop/store/user/wxie/PAMinBiasUPC/HFTree/d32c37ab268e1492812aecf1e46c856e/HeavyFlavor_2633_2_VlS.root
/mnt/hadoop/store/user/wxie/PAMinBiasUPC/HFTree/d32c37ab268e1492812aecf1e46c856e/HeavyFlavor_2634_2_62D.root
/mnt/hadoop/store/user/wxie/PAMinBiasUPC/HFTree/d32c37ab268e1492812aecf1e46c856e/HeavyFlavor_2635_2_Sgy.root
/mnt/hadoop/store/user/wxie/PAMinBiasUPC/HFTree/d32c37ab268e1492812aecf1e46c856e/HeavyFlavor_2636_1_TU1.root
/mnt/hadoop/store/user/wxie/PAMinBiasUPC/HFTree/d32c37ab268e1492812aecf1e46c856e/HeavyFlavor_2637_2_wD9.root
/mnt/hadoop/store/user/wxie/PAMinBiasUPC/HFTree/d32c37ab268e1492812aecf1e46c856e/HeavyFlavor_2638_2_QkV.root
/mnt/hadoop/store/user/wxie/PAMinBiasUPC/HFTree/d32c37ab268e1492812aecf1e46c856e/HeavyFlavor_2639_2_s3m.root
/mnt/hadoop/store/user/wxie/PAMinBiasUPC/HFTree/d32c37ab268e1492812aecf1e46c856e/HeavyFlavor_2640_2_NwO.root
/mnt/hadoop/store/user/wxie/PAMinBiasUPC/HFTree/d32c37ab268e1492812aecf1e46c856e/HeavyFlavor_2641_2_RE7.root
/mnt/hadoop/store/user/wxie/PAMinBiasUPC/HFTree/d32c37ab268e1492812aecf1e46c856e/HeavyFlavor_2642_2_WEo.root
/mnt/hadoop/store/user/wxie/PAMinBiasUPC/HFTree/d32c37ab268e1492812aecf1e46c856e/HeavyFlavor_2643_2_b8C.root
/mnt/hadoop/store/user/wxie/PAMinBiasUPC/HFTree/d32c37ab268e1492812aecf1e46c856e/HeavyFlavor_2644_2_HBA.root
/mnt/hadoop/store/user/wxie/PAMinBiasUPC/HFTree/d32c37ab268e1492812aecf1e46c856e/HeavyFlavor_2645_2_rav.root
/mnt/hadoop/store/user/wxie/PAMinBiasUPC/HFTree/d32c37ab268e1492812aecf1e46c856e/HeavyFlavor_2646_1_f8V.root
/mnt/hadoop/store/user/wxie/PAMinBiasUPC/HFTree/d32c37ab268e1492812aecf1e46c856e/HeavyFlavor_2647_2_g3k.root
/mnt/hadoop/store/user/wxie/PAMinBiasUPC/HFTree/d32c37ab268e1492812aecf1e46c856e/HeavyFlavor_2648_2_Md4.root
/mnt/hadoop/store/user/wxie/PAMinBiasUPC/HFTree/d32c37ab268e1492812aecf1e46c856e/HeavyFlavor_2649_2_kFU.root
/mnt/hadoop/store/user/wxie/PAMinBiasUPC/HFTree/d32c37ab268e1492812aecf1e46c856e/HeavyFlavor_2650_2_A1L.root
/mnt/hadoop/store/user/wxie/PAMinBiasUPC/HFTree/d32c37ab268e1492812aecf1e46c856e/HeavyFlavor_2651_2_7YK.root
/mnt/hadoop/store/user/wxie/PAMinBiasUPC/HFTree/d32c37ab268e1492812aecf1e46c856e/HeavyFlavor_2652_2_rYZ.root
/mnt/hadoop/store/user/wxie/PAMinBiasUPC/HFTree/d32c37ab268e1492812aecf1e46c856e/HeavyFlavor_2653_2_GP5.root
/mnt/hadoop/store/user/wxie/PAMinBiasUPC/HFTree/d32c37ab268e1492812aecf1e46c856e/HeavyFlavor_2654_2_vzQ.root
/mnt/hadoop/store/user/wxie/PAMinBiasUPC/HFTree/d32c37ab268e1492812aecf1e46c856e/HeavyFlavor_2655_2_XQc.root
/mnt/hadoop/store/user/wxie/PAMinBiasUPC/HFTree/d32c37ab268e1492812aecf1e46c856e/HeavyFlavor_2656_1_dey.root
/mnt/hadoop/store/user/wxie/PAMinBiasUPC/HFTree/d32c37ab268e1492812aecf1e46c856e/HeavyFlavor_2657_1_lkA.root
/mnt/hadoop/store/user/wxie/PAMinBiasUPC/HFTree/d32c37ab268e1492812aecf1e46c856e/HeavyFlavor_2658_2_Fjv.root
/mnt/hadoop/store/user/wxie/PAMinBiasUPC/HFTree/d32c37ab268e1492812aecf1e46c856e/HeavyFlavor_2659_1_0lW.root
/mnt/hadoop/store/user/wxie/PAMinBiasUPC/HFTree/d32c37ab268e1492812aecf1e46c856e/HeavyFlavor_2660_1_W13.root
/mnt/hadoop/store/user/wxie/PAMinBiasUPC/HFTree/d32c37ab268e1492812aecf1e46c856e/HeavyFlavor_2661_2_GN7.root
/mnt/hadoop/store/user/wxie/PAMinBiasUPC/HFTree/d32c37ab268e1492812aecf1e46c856e/HeavyFlavor_2662_2_kys.root
/mnt/hadoop/store/user/wxie/PAMinBiasUPC/HFTree/d32c37ab268e1492812aecf1e46c856e/HeavyFlavor_2663_2_0Px.root
/mnt/hadoop/store/user/wxie/PAMinBiasUPC/HFTree/d32c37ab268e1492812aecf1e46c856e/HeavyFlavor_2664_2_yj2.root
/mnt/hadoop/store/user/wxie/PAMinBiasUPC/HFTree/d32c37ab268e1492812aecf1e46c856e/HeavyFlavor_2665_3_yl5.root
/mnt/hadoop/store/user/wxie/PAMinBiasUPC/HFTree/d32c37ab268e1492812aecf1e46c856e/HeavyFlavor_2666_2_jy2.root
/mnt/hadoop/store/user/wxie/PAMinBiasUPC/HFTree/d32c37ab268e1492812aecf1e46c856e/HeavyFlavor_2667_2_1yW.root
/mnt/hadoop/store/user/wxie/PAMinBiasUPC/HFTree/d32c37ab268e1492812aecf1e46c856e/HeavyFlavor_2668_2_yXq.root
/mnt/hadoop/store/user/wxie/PAMinBiasUPC/HFTree/d32c37ab268e1492812aecf1e46c856e/HeavyFlavor_2669_2_he4.root
/mnt/hadoop/store/user/wxie/PAMinBiasUPC/HFTree/d32c37ab268e1492812aecf1e46c856e/HeavyFlavor_2670_2_jay.root
/mnt/hadoop/store/user/wxie/PAMinBiasUPC/HFTree/d32c37ab268e1492812aecf1e46c856e/HeavyFlavor_2671_2_PbM.root
/mnt/hadoop/store/user/wxie/PAMinBiasUPC/HFTree/d32c37ab268e1492812aecf1e46c856e/HeavyFlavor_2672_1_cOr.root
/mnt/hadoop/store/user/wxie/PAMinBiasUPC/HFTree/d32c37ab268e1492812aecf1e46c856e/HeavyFlavor_2673_1_Zxu.root
/mnt/hadoop/store/user/wxie/PAMinBiasUPC/HFTree/d32c37ab268e1492812aecf1e46c856e/HeavyFlavor_2674_2_1mp.root
/mnt/hadoop/store/user/wxie/PAMinBiasUPC/HFTree/d32c37ab268e1492812aecf1e46c856e/HeavyFlavor_2675_2_xtE.root
/mnt/hadoop/store/user/wxie/PAMinBiasUPC/HFTree/d32c37ab268e1492812aecf1e46c856e/HeavyFlavor_2676_2_m3O.root
/mnt/hadoop/store/user/wxie/PAMinBiasUPC/HFTree/d32c37ab268e1492812aecf1e46c856e/HeavyFlavor_2677_2_tLw.root
/mnt/hadoop/store/user/wxie/PAMinBiasUPC/HFTree/d32c37ab268e1492812aecf1e46c856e/HeavyFlavor_2678_1_EVu.root
/mnt/hadoop/store/user/wxie/PAMinBiasUPC/HFTree/d32c37ab268e1492812aecf1e46c856e/HeavyFlavor_2679_2_cHH.root
/mnt/hadoop/store/user/wxie/PAMinBiasUPC/HFTree/d32c37ab268e1492812aecf1e46c856e/HeavyFlavor_2680_1_Mrc.root
/mnt/hadoop/store/user/wxie/PAMinBiasUPC/HFTree/d32c37ab268e1492812aecf1e46c856e/HeavyFlavor_2681_2_UIE.root
/mnt/hadoop/store/user/wxie/PAMinBiasUPC/HFTree/d32c37ab268e1492812aecf1e46c856e/HeavyFlavor_2682_2_LUT.root
/mnt/hadoop/store/user/wxie/PAMinBiasUPC/HFTree/d32c37ab268e1492812aecf1e46c856e/HeavyFlavor_2683_1_qDD.root
/mnt/hadoop/store/user/wxie/PAMinBiasUPC/HFTree/d32c37ab268e1492812aecf1e46c856e/HeavyFlavor_2684_2_BBo.root
/mnt/hadoop/store/user/wxie/PAMinBiasUPC/HFTree/d32c37ab268e1492812aecf1e46c856e/HeavyFlavor_2685_2_jkX.root
/mnt/hadoop/store/user/wxie/PAMinBiasUPC/HFTree/d32c37ab268e1492812aecf1e46c856e/HeavyFlavor_2686_1_Q1T.root
/mnt/hadoop/store/user/wxie/PAMinBiasUPC/HFTree/d32c37ab268e1492812aecf1e46c856e/HeavyFlavor_2687_2_1N5.root
/mnt/hadoop/store/user/wxie/PAMinBiasUPC/HFTree/d32c37ab268e1492812aecf1e46c856e/HeavyFlavor_2688_1_kdA.root
/mnt/hadoop/store/user/wxie/PAMinBiasUPC/HFTree/d32c37ab268e1492812aecf1e46c856e/HeavyFlavor_2689_2_pzx.root
/mnt/hadoop/store/user/wxie/PAMinBiasUPC/HFTree/d32c37ab268e1492812aecf1e46c856e/HeavyFlavor_2690_2_A1I.root
/mnt/hadoop/store/user/wxie/PAMinBiasUPC/HFTree/d32c37ab268e1492812aecf1e46c856e/HeavyFlavor_2691_2_990.root
/mnt/hadoop/store/user/wxie/PAMinBiasUPC/HFTree/d32c37ab268e1492812aecf1e46c856e/HeavyFlavor_2692_2_oDW.root
/mnt/hadoop/store/user/wxie/PAMinBiasUPC/HFTree/d32c37ab268e1492812aecf1e46c856e/HeavyFlavor_2693_2_bch.root
/mnt/hadoop/store/user/wxie/PAMinBiasUPC/HFTree/d32c37ab268e1492812aecf1e46c856e/HeavyFlavor_2694_2_4eI.root
/mnt/hadoop/store/user/wxie/PAMinBiasUPC/HFTree/d32c37ab268e1492812aecf1e46c856e/HeavyFlavor_2695_2_yz7.root
/mnt/hadoop/store/user/wxie/PAMinBiasUPC/HFTree/d32c37ab268e1492812aecf1e46c856e/HeavyFlavor_2696_2_5cA.root
/mnt/hadoop/store/user/wxie/PAMinBiasUPC/HFTree/d32c37ab268e1492812aecf1e46c856e/HeavyFlavor_2697_2_SDa.root
/mnt/hadoop/store/user/wxie/PAMinBiasUPC/HFTree/d32c37ab268e1492812aecf1e46c856e/HeavyFlavor_2698_2_6sF.root
/mnt/hadoop/store/user/wxie/PAMinBiasUPC/HFTree/d32c37ab268e1492812aecf1e46c856e/HeavyFlavor_2699_2_Gwo.root
/mnt/hadoop/store/user/wxie/PAMinBiasUPC/HFTree/d32c37ab268e1492812aecf1e46c856e/HeavyFlavor_2700_2_3vE.root
/mnt/hadoop/store/user/wxie/PAMinBiasUPC/HFTree/d32c37ab268e1492812aecf1e46c856e/HeavyFlavor_2701_2_yUl.root
/mnt/hadoop/store/user/wxie/PAMinBiasUPC/HFTree/d32c37ab268e1492812aecf1e46c856e/HeavyFlavor_2702_2_M9h.root
/mnt/hadoop/store/user/wxie/PAMinBiasUPC/HFTree/d32c37ab268e1492812aecf1e46c856e/HeavyFlavor_2703_1_jr1.root
/mnt/hadoop/store/user/wxie/PAMinBiasUPC/HFTree/d32c37ab268e1492812aecf1e46c856e/HeavyFlavor_2704_2_RTj.root
/mnt/hadoop/store/user/wxie/PAMinBiasUPC/HFTree/d32c37ab268e1492812aecf1e46c856e/HeavyFlavor_2705_1_asS.root
/mnt/hadoop/store/user/wxie/PAMinBiasUPC/HFTree/d32c37ab268e1492812aecf1e46c856e/HeavyFlavor_2706_1_MYd.root
/mnt/hadoop/store/user/wxie/PAMinBiasUPC/HFTree/d32c37ab268e1492812aecf1e46c856e/HeavyFlavor_2707_1_XGW.root
/mnt/hadoop/store/user/wxie/PAMinBiasUPC/HFTree/d32c37ab268e1492812aecf1e46c856e/HeavyFlavor_2708_1_GXU.root
/mnt/hadoop/store/user/wxie/PAMinBiasUPC/HFTree/d32c37ab268e1492812aecf1e46c856e/HeavyFlavor_2709_2_lM0.root
/mnt/hadoop/store/user/wxie/PAMinBiasUPC/HFTree/d32c37ab268e1492812aecf1e46c856e/HeavyFlavor_2710_2_QWb.root
/mnt/hadoop/store/user/wxie/PAMinBiasUPC/HFTree/d32c37ab268e1492812aecf1e46c856e/HeavyFlavor_2711_2_Z2i.root
/mnt/hadoop/store/user/wxie/PAMinBiasUPC/HFTree/d32c37ab268e1492812aecf1e46c856e/HeavyFlavor_2712_2_0u5.root
/mnt/hadoop/store/user/wxie/PAMinBiasUPC/HFTree/d32c37ab268e1492812aecf1e46c856e/HeavyFlavor_2713_2_oCy.root
/mnt/hadoop/store/user/wxie/PAMinBiasUPC/HFTree/d32c37ab268e1492812aecf1e46c856e/HeavyFlavor_2714_2_9gd.root
/mnt/hadoop/store/user/wxie/PAMinBiasUPC/HFTree/d32c37ab268e1492812aecf1e46c856e/HeavyFlavor_2715_2_izD.root
/mnt/hadoop/store/user/wxie/PAMinBiasUPC/HFTree/d32c37ab268e1492812aecf1e46c856e/HeavyFlavor_2716_2_k7m.root
/mnt/hadoop/store/user/wxie/PAMinBiasUPC/HFTree/d32c37ab268e1492812aecf1e46c856e/HeavyFlavor_2717_2_VmY.root
/mnt/hadoop/store/user/wxie/PAMinBiasUPC/HFTree/d32c37ab268e1492812aecf1e46c856e/HeavyFlavor_2718_2_1Qo.root
/mnt/hadoop/store/user/wxie/PAMinBiasUPC/HFTree/d32c37ab268e1492812aecf1e46c856e/HeavyFlavor_2719_2_UUs.root
/mnt/hadoop/store/user/wxie/PAMinBiasUPC/HFTree/d32c37ab268e1492812aecf1e46c856e/HeavyFlavor_2720_2_dDC.root
/mnt/hadoop/store/user/wxie/PAMinBiasUPC/HFTree/d32c37ab268e1492812aecf1e46c856e/HeavyFlavor_2721_1_xHa.root
/mnt/hadoop/store/user/wxie/PAMinBiasUPC/HFTree/d32c37ab268e1492812aecf1e46c856e/HeavyFlavor_2722_2_MP9.root
/mnt/hadoop/store/user/wxie/PAMinBiasUPC/HFTree/d32c37ab268e1492812aecf1e46c856e/HeavyFlavor_2723_2_zoW.root
/mnt/hadoop/store/user/wxie/PAMinBiasUPC/HFTree/d32c37ab268e1492812aecf1e46c856e/HeavyFlavor_2724_1_I7f.root
/mnt/hadoop/store/user/wxie/PAMinBiasUPC/HFTree/d32c37ab268e1492812aecf1e46c856e/HeavyFlavor_2725_1_qPE.root
/mnt/hadoop/store/user/wxie/PAMinBiasUPC/HFTree/d32c37ab268e1492812aecf1e46c856e/HeavyFlavor_2726_1_QSX.root
/mnt/hadoop/store/user/wxie/PAMinBiasUPC/HFTree/d32c37ab268e1492812aecf1e46c856e/HeavyFlavor_2727_1_Ht6.root
/mnt/hadoop/store/user/wxie/PAMinBiasUPC/HFTree/d32c37ab268e1492812aecf1e46c856e/HeavyFlavor_2728_2_sCI.root
/mnt/hadoop/store/user/wxie/PAMinBiasUPC/HFTree/d32c37ab268e1492812aecf1e46c856e/HeavyFlavor_2729_1_tIb.root
/mnt/hadoop/store/user/wxie/PAMinBiasUPC/HFTree/d32c37ab268e1492812aecf1e46c856e/HeavyFlavor_2730_1_2oC.root
/mnt/hadoop/store/user/wxie/PAMinBiasUPC/HFTree/d32c37ab268e1492812aecf1e46c856e/HeavyFlavor_2731_2_JCn.root
/mnt/hadoop/store/user/wxie/PAMinBiasUPC/HFTree/d32c37ab268e1492812aecf1e46c856e/HeavyFlavor_2732_1_bcm.root
/mnt/hadoop/store/user/wxie/PAMinBiasUPC/HFTree/d32c37ab268e1492812aecf1e46c856e/HeavyFlavor_2733_2_tBH.root
/mnt/hadoop/store/user/wxie/PAMinBiasUPC/HFTree/d32c37ab268e1492812aecf1e46c856e/HeavyFlavor_2734_1_Sfy.root
/mnt/hadoop/store/user/wxie/PAMinBiasUPC/HFTree/d32c37ab268e1492812aecf1e46c856e/HeavyFlavor_2735_2_x6G.root
/mnt/hadoop/store/user/wxie/PAMinBiasUPC/HFTree/d32c37ab268e1492812aecf1e46c856e/HeavyFlavor_2736_2_6Z6.root
/mnt/hadoop/store/user/wxie/PAMinBiasUPC/HFTree/d32c37ab268e1492812aecf1e46c856e/HeavyFlavor_2737_1_Fcv.root
/mnt/hadoop/store/user/wxie/PAMinBiasUPC/HFTree/d32c37ab268e1492812aecf1e46c856e/HeavyFlavor_2738_2_cUO.root
/mnt/hadoop/store/user/wxie/PAMinBiasUPC/HFTree/d32c37ab268e1492812aecf1e46c856e/HeavyFlavor_2739_2_NSZ.root
/mnt/hadoop/store/user/wxie/PAMinBiasUPC/HFTree/d32c37ab268e1492812aecf1e46c856e/HeavyFlavor_2740_1_InT.root
/mnt/hadoop/store/user/wxie/PAMinBiasUPC/HFTree/d32c37ab268e1492812aecf1e46c856e/HeavyFlavor_2741_2_6Jt.root
/mnt/hadoop/store/user/wxie/PAMinBiasUPC/HFTree/d32c37ab268e1492812aecf1e46c856e/HeavyFlavor_2742_1_gYz.root
/mnt/hadoop/store/user/wxie/PAMinBiasUPC/HFTree/d32c37ab268e1492812aecf1e46c856e/HeavyFlavor_2743_1_l5R.root
/mnt/hadoop/store/user/wxie/PAMinBiasUPC/HFTree/d32c37ab268e1492812aecf1e46c856e/HeavyFlavor_2744_1_UOf.root
/mnt/hadoop/store/user/wxie/PAMinBiasUPC/HFTree/d32c37ab268e1492812aecf1e46c856e/HeavyFlavor_2745_2_tOp.root
/mnt/hadoop/store/user/wxie/PAMinBiasUPC/HFTree/d32c37ab268e1492812aecf1e46c856e/HeavyFlavor_2746_1_aRt.root
/mnt/hadoop/store/user/wxie/PAMinBiasUPC/HFTree/d32c37ab268e1492812aecf1e46c856e/HeavyFlavor_2747_2_FHP.root
/mnt/hadoop/store/user/wxie/PAMinBiasUPC/HFTree/d32c37ab268e1492812aecf1e46c856e/HeavyFlavor_2748_2_EPU.root
/mnt/hadoop/store/user/wxie/PAMinBiasUPC/HFTree/d32c37ab268e1492812aecf1e46c856e/HeavyFlavor_2749_1_wyi.root
/mnt/hadoop/store/user/wxie/PAMinBiasUPC/HFTree/d32c37ab268e1492812aecf1e46c856e/HeavyFlavor_2750_2_TWE.root
/mnt/hadoop/store/user/wxie/PAMinBiasUPC/HFTree/d32c37ab268e1492812aecf1e46c856e/HeavyFlavor_2751_2_RKl.root
/mnt/hadoop/store/user/wxie/PAMinBiasUPC/HFTree/d32c37ab268e1492812aecf1e46c856e/HeavyFlavor_2752_2_L2t.root
/mnt/hadoop/store/user/wxie/PAMinBiasUPC/HFTree/d32c37ab268e1492812aecf1e46c856e/HeavyFlavor_2753_1_clH.root
/mnt/hadoop/store/user/wxie/PAMinBiasUPC/HFTree/d32c37ab268e1492812aecf1e46c856e/HeavyFlavor_2754_2_JEk.root
/mnt/hadoop/store/user/wxie/PAMinBiasUPC/HFTree/d32c37ab268e1492812aecf1e46c856e/HeavyFlavor_2755_2_wMQ.root
/mnt/hadoop/store/user/wxie/PAMinBiasUPC/HFTree/d32c37ab268e1492812aecf1e46c856e/HeavyFlavor_2756_2_Vty.root
/mnt/hadoop/store/user/wxie/PAMinBiasUPC/HFTree/d32c37ab268e1492812aecf1e46c856e/HeavyFlavor_2757_1_QRe.root
/mnt/hadoop/store/user/wxie/PAMinBiasUPC/HFTree/d32c37ab268e1492812aecf1e46c856e/HeavyFlavor_2758_2_bBt.root
/mnt/hadoop/store/user/wxie/PAMinBiasUPC/HFTree/d32c37ab268e1492812aecf1e46c856e/HeavyFlavor_2759_1_WKy.root
/mnt/hadoop/store/user/wxie/PAMinBiasUPC/HFTree/d32c37ab268e1492812aecf1e46c856e/HeavyFlavor_2760_2_4ly.root
/mnt/hadoop/store/user/wxie/PAMinBiasUPC/HFTree/d32c37ab268e1492812aecf1e46c856e/HeavyFlavor_2761_2_Mcl.root
/mnt/hadoop/store/user/wxie/PAMinBiasUPC/HFTree/d32c37ab268e1492812aecf1e46c856e/HeavyFlavor_2762_3_Fan.root
/mnt/hadoop/store/user/wxie/PAMinBiasUPC/HFTree/d32c37ab268e1492812aecf1e46c856e/HeavyFlavor_2764_1_nUd.root
/mnt/hadoop/store/user/wxie/PAMinBiasUPC/HFTree/d32c37ab268e1492812aecf1e46c856e/HeavyFlavor_2765_1_ucI.root
/mnt/hadoop/store/user/wxie/PAMinBiasUPC/HFTree/d32c37ab268e1492812aecf1e46c856e/HeavyFlavor_2766_1_Y25.root
/mnt/hadoop/store/user/wxie/PAMinBiasUPC/HFTree/d32c37ab268e1492812aecf1e46c856e/HeavyFlavor_2767_2_Qb3.root
/mnt/hadoop/store/user/wxie/PAMinBiasUPC/HFTree/d32c37ab268e1492812aecf1e46c856e/HeavyFlavor_2768_2_A85.root
/mnt/hadoop/store/user/wxie/PAMinBiasUPC/HFTree/d32c37ab268e1492812aecf1e46c856e/HeavyFlavor_2769_2_Dxj.root
/mnt/hadoop/store/user/wxie/PAMinBiasUPC/HFTree/d32c37ab268e1492812aecf1e46c856e/HeavyFlavor_2770_1_XAN.root
/mnt/hadoop/store/user/wxie/PAMinBiasUPC/HFTree/d32c37ab268e1492812aecf1e46c856e/HeavyFlavor_2771_1_CUH.root
/mnt/hadoop/store/user/wxie/PAMinBiasUPC/HFTree/d32c37ab268e1492812aecf1e46c856e/HeavyFlavor_2772_2_enP.root
/mnt/hadoop/store/user/wxie/PAMinBiasUPC/HFTree/d32c37ab268e1492812aecf1e46c856e/HeavyFlavor_2773_2_m2a.root
/mnt/hadoop/store/user/wxie/PAMinBiasUPC/HFTree/d32c37ab268e1492812aecf1e46c856e/HeavyFlavor_2774_1_xu2.root
/mnt/hadoop/store/user/wxie/PAMinBiasUPC/HFTree/d32c37ab268e1492812aecf1e46c856e/HeavyFlavor_2775_1_QHQ.root
/mnt/hadoop/store/user/wxie/PAMinBiasUPC/HFTree/d32c37ab268e1492812aecf1e46c856e/HeavyFlavor_2776_1_0SG.root
/mnt/hadoop/store/user/wxie/PAMinBiasUPC/HFTree/d32c37ab268e1492812aecf1e46c856e/HeavyFlavor_2777_1_vFF.root
/mnt/hadoop/store/user/wxie/PAMinBiasUPC/HFTree/d32c37ab268e1492812aecf1e46c856e/HeavyFlavor_2778_1_bTV.root
/mnt/hadoop/store/user/wxie/PAMinBiasUPC/HFTree/d32c37ab268e1492812aecf1e46c856e/HeavyFlavor_2779_2_il0.root
/mnt/hadoop/store/user/wxie/PAMinBiasUPC/HFTree/d32c37ab268e1492812aecf1e46c856e/HeavyFlavor_2780_2_mji.root
/mnt/hadoop/store/user/wxie/PAMinBiasUPC/HFTree/d32c37ab268e1492812aecf1e46c856e/HeavyFlavor_2781_1_S2M.root
/mnt/hadoop/store/user/wxie/PAMinBiasUPC/HFTree/d32c37ab268e1492812aecf1e46c856e/HeavyFlavor_2782_2_Dnm.root
/mnt/hadoop/store/user/wxie/PAMinBiasUPC/HFTree/d32c37ab268e1492812aecf1e46c856e/HeavyFlavor_2783_2_l1D.root
/mnt/hadoop/store/user/wxie/PAMinBiasUPC/HFTree/d32c37ab268e1492812aecf1e46c856e/HeavyFlavor_2784_1_qZA.root
/mnt/hadoop/store/user/wxie/PAMinBiasUPC/HFTree/d32c37ab268e1492812aecf1e46c856e/HeavyFlavor_2785_2_u7d.root
/mnt/hadoop/store/user/wxie/PAMinBiasUPC/HFTree/d32c37ab268e1492812aecf1e46c856e/HeavyFlavor_2786_1_Lbg.root
/mnt/hadoop/store/user/wxie/PAMinBiasUPC/HFTree/d32c37ab268e1492812aecf1e46c856e/HeavyFlavor_2787_2_hq1.root
/mnt/hadoop/store/user/wxie/PAMinBiasUPC/HFTree/d32c37ab268e1492812aecf1e46c856e/HeavyFlavor_2788_1_a9l.root
/mnt/hadoop/store/user/wxie/PAMinBiasUPC/HFTree/d32c37ab268e1492812aecf1e46c856e/HeavyFlavor_2789_2_1g9.root
/mnt/hadoop/store/user/wxie/PAMinBiasUPC/HFTree/d32c37ab268e1492812aecf1e46c856e/HeavyFlavor_2790_1_9n5.root
/mnt/hadoop/store/user/wxie/PAMinBiasUPC/HFTree/d32c37ab268e1492812aecf1e46c856e/HeavyFlavor_2791_1_w0x.root
/mnt/hadoop/store/user/wxie/PAMinBiasUPC/HFTree/d32c37ab268e1492812aecf1e46c856e/HeavyFlavor_2792_2_AOp.root
/mnt/hadoop/store/user/wxie/PAMinBiasUPC/HFTree/d32c37ab268e1492812aecf1e46c856e/HeavyFlavor_2793_1_cxb.root
/mnt/hadoop/store/user/wxie/PAMinBiasUPC/HFTree/d32c37ab268e1492812aecf1e46c856e/HeavyFlavor_2794_1_Hg2.root
/mnt/hadoop/store/user/wxie/PAMinBiasUPC/HFTree/d32c37ab268e1492812aecf1e46c856e/HeavyFlavor_2795_2_NSL.root
/mnt/hadoop/store/user/wxie/PAMinBiasUPC/HFTree/d32c37ab268e1492812aecf1e46c856e/HeavyFlavor_2796_2_8ap.root
/mnt/hadoop/store/user/wxie/PAMinBiasUPC/HFTree/d32c37ab268e1492812aecf1e46c856e/HeavyFlavor_2797_1_hS5.root
/mnt/hadoop/store/user/wxie/PAMinBiasUPC/HFTree/d32c37ab268e1492812aecf1e46c856e/HeavyFlavor_2798_1_Tos.root
/mnt/hadoop/store/user/wxie/PAMinBiasUPC/HFTree/d32c37ab268e1492812aecf1e46c856e/HeavyFlavor_2799_2_5IX.root
/mnt/hadoop/store/user/wxie/PAMinBiasUPC/HFTree/d32c37ab268e1492812aecf1e46c856e/HeavyFlavor_2800_2_EpJ.root
/mnt/hadoop/store/user/wxie/PAMinBiasUPC/HFTree/d32c37ab268e1492812aecf1e46c856e/HeavyFlavor_2801_1_ILy.root
/mnt/hadoop/store/user/wxie/PAMinBiasUPC/HFTree/d32c37ab268e1492812aecf1e46c856e/HeavyFlavor_2802_2_2Tc.root
/mnt/hadoop/store/user/wxie/PAMinBiasUPC/HFTree/d32c37ab268e1492812aecf1e46c856e/HeavyFlavor_2803_2_9DZ.root
/mnt/hadoop/store/user/wxie/PAMinBiasUPC/HFTree/d32c37ab268e1492812aecf1e46c856e/HeavyFlavor_2804_1_j77.root
/mnt/hadoop/store/user/wxie/PAMinBiasUPC/HFTree/d32c37ab268e1492812aecf1e46c856e/HeavyFlavor_2805_2_ldI.root
/mnt/hadoop/store/user/wxie/PAMinBiasUPC/HFTree/d32c37ab268e1492812aecf1e46c856e/HeavyFlavor_2806_1_da1.root
/mnt/hadoop/store/user/wxie/PAMinBiasUPC/HFTree/d32c37ab268e1492812aecf1e46c856e/HeavyFlavor_2807_2_99J.root
/mnt/hadoop/store/user/wxie/PAMinBiasUPC/HFTree/d32c37ab268e1492812aecf1e46c856e/HeavyFlavor_2808_1_El6.root
/mnt/hadoop/store/user/wxie/PAMinBiasUPC/HFTree/d32c37ab268e1492812aecf1e46c856e/HeavyFlavor_2809_1_ZMM.root
/mnt/hadoop/store/user/wxie/PAMinBiasUPC/HFTree/d32c37ab268e1492812aecf1e46c856e/HeavyFlavor_2810_1_LuW.root
/mnt/hadoop/store/user/wxie/PAMinBiasUPC/HFTree/d32c37ab268e1492812aecf1e46c856e/HeavyFlavor_2811_2_DJJ.root
/mnt/hadoop/store/user/wxie/PAMinBiasUPC/HFTree/d32c37ab268e1492812aecf1e46c856e/HeavyFlavor_2812_1_hyo.root
/mnt/hadoop/store/user/wxie/PAMinBiasUPC/HFTree/d32c37ab268e1492812aecf1e46c856e/HeavyFlavor_2813_1_KSV.root
/mnt/hadoop/store/user/wxie/PAMinBiasUPC/HFTree/d32c37ab268e1492812aecf1e46c856e/HeavyFlavor_2814_2_j5j.root
/mnt/hadoop/store/user/wxie/PAMinBiasUPC/HFTree/d32c37ab268e1492812aecf1e46c856e/HeavyFlavor_2815_1_GKO.root
/mnt/hadoop/store/user/wxie/PAMinBiasUPC/HFTree/d32c37ab268e1492812aecf1e46c856e/HeavyFlavor_2816_2_dDB.root
/mnt/hadoop/store/user/wxie/PAMinBiasUPC/HFTree/d32c37ab268e1492812aecf1e46c856e/HeavyFlavor_2817_1_cFC.root
/mnt/hadoop/store/user/wxie/PAMinBiasUPC/HFTree/d32c37ab268e1492812aecf1e46c856e/HeavyFlavor_2818_3_v1R.root
/mnt/hadoop/store/user/wxie/PAMinBiasUPC/HFTree/d32c37ab268e1492812aecf1e46c856e/HeavyFlavor_2819_2_NPb.root
/mnt/hadoop/store/user/wxie/PAMinBiasUPC/HFTree/d32c37ab268e1492812aecf1e46c856e/HeavyFlavor_2820_2_w8E.root
/mnt/hadoop/store/user/wxie/PAMinBiasUPC/HFTree/d32c37ab268e1492812aecf1e46c856e/HeavyFlavor_2821_2_PEN.root
/mnt/hadoop/store/user/wxie/PAMinBiasUPC/HFTree/d32c37ab268e1492812aecf1e46c856e/HeavyFlavor_2822_2_9i1.root
/mnt/hadoop/store/user/wxie/PAMinBiasUPC/HFTree/d32c37ab268e1492812aecf1e46c856e/HeavyFlavor_2823_2_ZxB.root
/mnt/hadoop/store/user/wxie/PAMinBiasUPC/HFTree/d32c37ab268e1492812aecf1e46c856e/HeavyFlavor_2824_1_ZbC.root
/mnt/hadoop/store/user/wxie/PAMinBiasUPC/HFTree/d32c37ab268e1492812aecf1e46c856e/HeavyFlavor_2825_1_jOk.root
/mnt/hadoop/store/user/wxie/PAMinBiasUPC/HFTree/d32c37ab268e1492812aecf1e46c856e/HeavyFlavor_2826_1_jvq.root
/mnt/hadoop/store/user/wxie/PAMinBiasUPC/HFTree/d32c37ab268e1492812aecf1e46c856e/HeavyFlavor_2827_2_q7o.root
/mnt/hadoop/store/user/wxie/PAMinBiasUPC/HFTree/d32c37ab268e1492812aecf1e46c856e/HeavyFlavor_2828_2_wxZ.root
/mnt/hadoop/store/user/wxie/PAMinBiasUPC/HFTree/d32c37ab268e1492812aecf1e46c856e/HeavyFlavor_2829_1_cpO.root
/mnt/hadoop/store/user/wxie/PAMinBiasUPC/HFTree/d32c37ab268e1492812aecf1e46c856e/HeavyFlavor_2830_2_ZOB.root
/mnt/hadoop/store/user/wxie/PAMinBiasUPC/HFTree/d32c37ab268e1492812aecf1e46c856e/HeavyFlavor_2831_1_e2m.root
/mnt/hadoop/store/user/wxie/PAMinBiasUPC/HFTree/d32c37ab268e1492812aecf1e46c856e/HeavyFlavor_2832_1_i5w.root
/mnt/hadoop/store/user/wxie/PAMinBiasUPC/HFTree/d32c37ab268e1492812aecf1e46c856e/HeavyFlavor_2833_1_iEm.root
/mnt/hadoop/store/user/wxie/PAMinBiasUPC/HFTree/d32c37ab268e1492812aecf1e46c856e/HeavyFlavor_2834_1_9F7.root
/mnt/hadoop/store/user/wxie/PAMinBiasUPC/HFTree/d32c37ab268e1492812aecf1e46c856e/HeavyFlavor_2835_1_1fC.root
/mnt/hadoop/store/user/wxie/PAMinBiasUPC/HFTree/d32c37ab268e1492812aecf1e46c856e/HeavyFlavor_2836_2_lLe.root
/mnt/hadoop/store/user/wxie/PAMinBiasUPC/HFTree/d32c37ab268e1492812aecf1e46c856e/HeavyFlavor_2837_1_MEs.root
/mnt/hadoop/store/user/wxie/PAMinBiasUPC/HFTree/d32c37ab268e1492812aecf1e46c856e/HeavyFlavor_2838_1_JNJ.root
/mnt/hadoop/store/user/wxie/PAMinBiasUPC/HFTree/d32c37ab268e1492812aecf1e46c856e/HeavyFlavor_2839_2_O1V.root
/mnt/hadoop/store/user/wxie/PAMinBiasUPC/HFTree/d32c37ab268e1492812aecf1e46c856e/HeavyFlavor_2840_1_jkT.root
/mnt/hadoop/store/user/wxie/PAMinBiasUPC/HFTree/d32c37ab268e1492812aecf1e46c856e/HeavyFlavor_2841_1_Tm5.root
/mnt/hadoop/store/user/wxie/PAMinBiasUPC/HFTree/d32c37ab268e1492812aecf1e46c856e/HeavyFlavor_2842_1_Kxu.root
/mnt/hadoop/store/user/wxie/PAMinBiasUPC/HFTree/d32c37ab268e1492812aecf1e46c856e/HeavyFlavor_2843_1_nRg.root
/mnt/hadoop/store/user/wxie/PAMinBiasUPC/HFTree/d32c37ab268e1492812aecf1e46c856e/HeavyFlavor_2844_1_b2V.root
/mnt/hadoop/store/user/wxie/PAMinBiasUPC/HFTree/d32c37ab268e1492812aecf1e46c856e/HeavyFlavor_2845_2_n4W.root
/mnt/hadoop/store/user/wxie/PAMinBiasUPC/HFTree/d32c37ab268e1492812aecf1e46c856e/HeavyFlavor_2846_2_6q1.root
/mnt/hadoop/store/user/wxie/PAMinBiasUPC/HFTree/d32c37ab268e1492812aecf1e46c856e/HeavyFlavor_2847_1_gpC.root
/mnt/hadoop/store/user/wxie/PAMinBiasUPC/HFTree/d32c37ab268e1492812aecf1e46c856e/HeavyFlavor_2848_2_Hzh.root
/mnt/hadoop/store/user/wxie/PAMinBiasUPC/HFTree/d32c37ab268e1492812aecf1e46c856e/HeavyFlavor_2849_1_csT.root
/mnt/hadoop/store/user/wxie/PAMinBiasUPC/HFTree/d32c37ab268e1492812aecf1e46c856e/HeavyFlavor_2850_2_UhM.root
/mnt/hadoop/store/user/wxie/PAMinBiasUPC/HFTree/d32c37ab268e1492812aecf1e46c856e/HeavyFlavor_2851_2_wva.root
/mnt/hadoop/store/user/wxie/PAMinBiasUPC/HFTree/d32c37ab268e1492812aecf1e46c856e/HeavyFlavor_2852_2_naR.root
/mnt/hadoop/store/user/wxie/PAMinBiasUPC/HFTree/d32c37ab268e1492812aecf1e46c856e/HeavyFlavor_2853_1_fGH.root
/mnt/hadoop/store/user/wxie/PAMinBiasUPC/HFTree/d32c37ab268e1492812aecf1e46c856e/HeavyFlavor_2854_2_wNo.root
/mnt/hadoop/store/user/wxie/PAMinBiasUPC/HFTree/d32c37ab268e1492812aecf1e46c856e/HeavyFlavor_2855_1_Aw1.root
/mnt/hadoop/store/user/wxie/PAMinBiasUPC/HFTree/d32c37ab268e1492812aecf1e46c856e/HeavyFlavor_2856_2_c4N.root
/mnt/hadoop/store/user/wxie/PAMinBiasUPC/HFTree/d32c37ab268e1492812aecf1e46c856e/HeavyFlavor_2857_1_wtF.root
/mnt/hadoop/store/user/wxie/PAMinBiasUPC/HFTree/d32c37ab268e1492812aecf1e46c856e/HeavyFlavor_2858_2_MnJ.root
/mnt/hadoop/store/user/wxie/PAMinBiasUPC/HFTree/d32c37ab268e1492812aecf1e46c856e/HeavyFlavor_2859_1_RnY.root
/mnt/hadoop/store/user/wxie/PAMinBiasUPC/HFTree/d32c37ab268e1492812aecf1e46c856e/HeavyFlavor_2860_2_ltt.root
/mnt/hadoop/store/user/wxie/PAMinBiasUPC/HFTree/d32c37ab268e1492812aecf1e46c856e/HeavyFlavor_2861_1_r5Z.root
/mnt/hadoop/store/user/wxie/PAMinBiasUPC/HFTree/d32c37ab268e1492812aecf1e46c856e/HeavyFlavor_2862_1_qBB.root
/mnt/hadoop/store/user/wxie/PAMinBiasUPC/HFTree/d32c37ab268e1492812aecf1e46c856e/HeavyFlavor_2863_1_LbL.root
/mnt/hadoop/store/user/wxie/PAMinBiasUPC/HFTree/d32c37ab268e1492812aecf1e46c856e/HeavyFlavor_2864_1_mri.root
/mnt/hadoop/store/user/wxie/PAMinBiasUPC/HFTree/d32c37ab268e1492812aecf1e46c856e/HeavyFlavor_2865_2_OPY.root
/mnt/hadoop/store/user/wxie/PAMinBiasUPC/HFTree/d32c37ab268e1492812aecf1e46c856e/HeavyFlavor_2866_2_26I.root
/mnt/hadoop/store/user/wxie/PAMinBiasUPC/HFTree/d32c37ab268e1492812aecf1e46c856e/HeavyFlavor_2867_2_DGE.root
/mnt/hadoop/store/user/wxie/PAMinBiasUPC/HFTree/d32c37ab268e1492812aecf1e46c856e/HeavyFlavor_2868_2_oBH.root
/mnt/hadoop/store/user/wxie/PAMinBiasUPC/HFTree/d32c37ab268e1492812aecf1e46c856e/HeavyFlavor_2869_2_ah1.root
/mnt/hadoop/store/user/wxie/PAMinBiasUPC/HFTree/d32c37ab268e1492812aecf1e46c856e/HeavyFlavor_2870_1_sgE.root
/mnt/hadoop/store/user/wxie/PAMinBiasUPC/HFTree/d32c37ab268e1492812aecf1e46c856e/HeavyFlavor_2871_2_3V8.root
/mnt/hadoop/store/user/wxie/PAMinBiasUPC/HFTree/d32c37ab268e1492812aecf1e46c856e/HeavyFlavor_2872_1_LQK.root
/mnt/hadoop/store/user/wxie/PAMinBiasUPC/HFTree/d32c37ab268e1492812aecf1e46c856e/HeavyFlavor_2873_2_a9E.root
/mnt/hadoop/store/user/wxie/PAMinBiasUPC/HFTree/d32c37ab268e1492812aecf1e46c856e/HeavyFlavor_2874_1_dlT.root
/mnt/hadoop/store/user/wxie/PAMinBiasUPC/HFTree/d32c37ab268e1492812aecf1e46c856e/HeavyFlavor_2875_2_zh3.root
/mnt/hadoop/store/user/wxie/PAMinBiasUPC/HFTree/d32c37ab268e1492812aecf1e46c856e/HeavyFlavor_2876_2_cuM.root
/mnt/hadoop/store/user/wxie/PAMinBiasUPC/HFTree/d32c37ab268e1492812aecf1e46c856e/HeavyFlavor_2877_2_C8u.root
/mnt/hadoop/store/user/wxie/PAMinBiasUPC/HFTree/d32c37ab268e1492812aecf1e46c856e/HeavyFlavor_2878_1_ljk.root
/mnt/hadoop/store/user/wxie/PAMinBiasUPC/HFTree/d32c37ab268e1492812aecf1e46c856e/HeavyFlavor_2879_2_FhN.root
/mnt/hadoop/store/user/wxie/PAMinBiasUPC/HFTree/d32c37ab268e1492812aecf1e46c856e/HeavyFlavor_2880_1_CWT.root
/mnt/hadoop/store/user/wxie/PAMinBiasUPC/HFTree/d32c37ab268e1492812aecf1e46c856e/HeavyFlavor_2881_1_ehI.root
/mnt/hadoop/store/user/wxie/PAMinBiasUPC/HFTree/d32c37ab268e1492812aecf1e46c856e/HeavyFlavor_2882_1_OBs.root
/mnt/hadoop/store/user/wxie/PAMinBiasUPC/HFTree/d32c37ab268e1492812aecf1e46c856e/HeavyFlavor_2883_1_HdQ.root
/mnt/hadoop/store/user/wxie/PAMinBiasUPC/HFTree/d32c37ab268e1492812aecf1e46c856e/HeavyFlavor_2884_2_tM4.root
/mnt/hadoop/store/user/wxie/PAMinBiasUPC/HFTree/d32c37ab268e1492812aecf1e46c856e/HeavyFlavor_2885_1_bW4.root
/mnt/hadoop/store/user/wxie/PAMinBiasUPC/HFTree/d32c37ab268e1492812aecf1e46c856e/HeavyFlavor_2886_1_cP5.root
/mnt/hadoop/store/user/wxie/PAMinBiasUPC/HFTree/d32c37ab268e1492812aecf1e46c856e/HeavyFlavor_2887_1_jgh.root
/mnt/hadoop/store/user/wxie/PAMinBiasUPC/HFTree/d32c37ab268e1492812aecf1e46c856e/HeavyFlavor_2888_1_sM6.root
/mnt/hadoop/store/user/wxie/PAMinBiasUPC/HFTree/d32c37ab268e1492812aecf1e46c856e/HeavyFlavor_2889_1_cPc.root
/mnt/hadoop/store/user/wxie/PAMinBiasUPC/HFTree/d32c37ab268e1492812aecf1e46c856e/HeavyFlavor_2890_1_Fv0.root
/mnt/hadoop/store/user/wxie/PAMinBiasUPC/HFTree/d32c37ab268e1492812aecf1e46c856e/HeavyFlavor_2891_2_LCE.root
/mnt/hadoop/store/user/wxie/PAMinBiasUPC/HFTree/d32c37ab268e1492812aecf1e46c856e/HeavyFlavor_2892_2_GAl.root
/mnt/hadoop/store/user/wxie/PAMinBiasUPC/HFTree/d32c37ab268e1492812aecf1e46c856e/HeavyFlavor_2893_2_nS5.root
/mnt/hadoop/store/user/wxie/PAMinBiasUPC/HFTree/d32c37ab268e1492812aecf1e46c856e/HeavyFlavor_2894_1_sIp.root
/mnt/hadoop/store/user/wxie/PAMinBiasUPC/HFTree/d32c37ab268e1492812aecf1e46c856e/HeavyFlavor_2895_2_J0f.root
/mnt/hadoop/store/user/wxie/PAMinBiasUPC/HFTree/d32c37ab268e1492812aecf1e46c856e/HeavyFlavor_2896_1_0rm.root
/mnt/hadoop/store/user/wxie/PAMinBiasUPC/HFTree/d32c37ab268e1492812aecf1e46c856e/HeavyFlavor_2897_1_DXR.root
/mnt/hadoop/store/user/wxie/PAMinBiasUPC/HFTree/d32c37ab268e1492812aecf1e46c856e/HeavyFlavor_2898_1_Vo3.root
/mnt/hadoop/store/user/wxie/PAMinBiasUPC/HFTree/d32c37ab268e1492812aecf1e46c856e/HeavyFlavor_2899_2_dma.root
/mnt/hadoop/store/user/wxie/PAMinBiasUPC/HFTree/d32c37ab268e1492812aecf1e46c856e/HeavyFlavor_2900_1_fBr.root
/mnt/hadoop/store/user/wxie/PAMinBiasUPC/HFTree/d32c37ab268e1492812aecf1e46c856e/HeavyFlavor_2901_1_8l7.root
/mnt/hadoop/store/user/wxie/PAMinBiasUPC/HFTree/d32c37ab268e1492812aecf1e46c856e/HeavyFlavor_2902_1_afd.root
/mnt/hadoop/store/user/wxie/PAMinBiasUPC/HFTree/d32c37ab268e1492812aecf1e46c856e/HeavyFlavor_2903_1_7VV.root
/mnt/hadoop/store/user/wxie/PAMinBiasUPC/HFTree/d32c37ab268e1492812aecf1e46c856e/HeavyFlavor_2904_2_gv4.root
/mnt/hadoop/store/user/wxie/PAMinBiasUPC/HFTree/d32c37ab268e1492812aecf1e46c856e/HeavyFlavor_2905_1_KML.root
/mnt/hadoop/store/user/wxie/PAMinBiasUPC/HFTree/d32c37ab268e1492812aecf1e46c856e/HeavyFlavor_2906_1_UXR.root
/mnt/hadoop/store/user/wxie/PAMinBiasUPC/HFTree/d32c37ab268e1492812aecf1e46c856e/HeavyFlavor_2907_2_uGi.root
/mnt/hadoop/store/user/wxie/PAMinBiasUPC/HFTree/d32c37ab268e1492812aecf1e46c856e/HeavyFlavor_2908_1_PLf.root
/mnt/hadoop/store/user/wxie/PAMinBiasUPC/HFTree/d32c37ab268e1492812aecf1e46c856e/HeavyFlavor_2909_1_txa.root
/mnt/hadoop/store/user/wxie/PAMinBiasUPC/HFTree/d32c37ab268e1492812aecf1e46c856e/HeavyFlavor_2910_1_tgT.root
/mnt/hadoop/store/user/wxie/PAMinBiasUPC/HFTree/d32c37ab268e1492812aecf1e46c856e/HeavyFlavor_2911_1_3Dh.root
/mnt/hadoop/store/user/wxie/PAMinBiasUPC/HFTree/d32c37ab268e1492812aecf1e46c856e/HeavyFlavor_2912_2_jMx.root
/mnt/hadoop/store/user/wxie/PAMinBiasUPC/HFTree/d32c37ab268e1492812aecf1e46c856e/HeavyFlavor_2913_1_124.root
/mnt/hadoop/store/user/wxie/PAMinBiasUPC/HFTree/d32c37ab268e1492812aecf1e46c856e/HeavyFlavor_2914_1_rEI.root
/mnt/hadoop/store/user/wxie/PAMinBiasUPC/HFTree/d32c37ab268e1492812aecf1e46c856e/HeavyFlavor_2915_2_JAi.root
/mnt/hadoop/store/user/wxie/PAMinBiasUPC/HFTree/d32c37ab268e1492812aecf1e46c856e/HeavyFlavor_2916_1_Nho.root
/mnt/hadoop/store/user/wxie/PAMinBiasUPC/HFTree/d32c37ab268e1492812aecf1e46c856e/HeavyFlavor_2917_1_Rh1.root
/mnt/hadoop/store/user/wxie/PAMinBiasUPC/HFTree/d32c37ab268e1492812aecf1e46c856e/HeavyFlavor_2918_1_rv9.root
/mnt/hadoop/store/user/wxie/PAMinBiasUPC/HFTree/d32c37ab268e1492812aecf1e46c856e/HeavyFlavor_2919_2_HVN.root
/mnt/hadoop/store/user/wxie/PAMinBiasUPC/HFTree/d32c37ab268e1492812aecf1e46c856e/HeavyFlavor_2920_1_ABg.root
/mnt/hadoop/store/user/wxie/PAMinBiasUPC/HFTree/d32c37ab268e1492812aecf1e46c856e/HeavyFlavor_2921_1_wQY.root
/mnt/hadoop/store/user/wxie/PAMinBiasUPC/HFTree/d32c37ab268e1492812aecf1e46c856e/HeavyFlavor_2922_1_eBA.root
/mnt/hadoop/store/user/wxie/PAMinBiasUPC/HFTree/d32c37ab268e1492812aecf1e46c856e/HeavyFlavor_2923_1_Tj5.root
/mnt/hadoop/store/user/wxie/PAMinBiasUPC/HFTree/d32c37ab268e1492812aecf1e46c856e/HeavyFlavor_2924_1_tPg.root
/mnt/hadoop/store/user/wxie/PAMinBiasUPC/HFTree/d32c37ab268e1492812aecf1e46c856e/HeavyFlavor_2925_2_4Ux.root
/mnt/hadoop/store/user/wxie/PAMinBiasUPC/HFTree/d32c37ab268e1492812aecf1e46c856e/HeavyFlavor_2926_4_6nI.root
/mnt/hadoop/store/user/wxie/PAMinBiasUPC/HFTree/d32c37ab268e1492812aecf1e46c856e/HeavyFlavor_2927_1_dho.root
/mnt/hadoop/store/user/wxie/PAMinBiasUPC/HFTree/d32c37ab268e1492812aecf1e46c856e/HeavyFlavor_2928_1_t5c.root
/mnt/hadoop/store/user/wxie/PAMinBiasUPC/HFTree/d32c37ab268e1492812aecf1e46c856e/HeavyFlavor_2929_1_8qX.root
/mnt/hadoop/store/user/wxie/PAMinBiasUPC/HFTree/d32c37ab268e1492812aecf1e46c856e/HeavyFlavor_2930_1_7wG.root
/mnt/hadoop/store/user/wxie/PAMinBiasUPC/HFTree/d32c37ab268e1492812aecf1e46c856e/HeavyFlavor_2931_1_SyS.root
/mnt/hadoop/store/user/wxie/PAMinBiasUPC/HFTree/d32c37ab268e1492812aecf1e46c856e/HeavyFlavor_2932_1_trr.root
/mnt/hadoop/store/user/wxie/PAMinBiasUPC/HFTree/d32c37ab268e1492812aecf1e46c856e/HeavyFlavor_2933_1_ztV.root
/mnt/hadoop/store/user/wxie/PAMinBiasUPC/HFTree/d32c37ab268e1492812aecf1e46c856e/HeavyFlavor_2934_2_Lmy.root
/mnt/hadoop/store/user/wxie/PAMinBiasUPC/HFTree/d32c37ab268e1492812aecf1e46c856e/HeavyFlavor_2935_1_lcd.root
/mnt/hadoop/store/user/wxie/PAMinBiasUPC/HFTree/d32c37ab268e1492812aecf1e46c856e/HeavyFlavor_2936_1_Fm0.root
/mnt/hadoop/store/user/wxie/PAMinBiasUPC/HFTree/d32c37ab268e1492812aecf1e46c856e/HeavyFlavor_2937_2_8gG.root
/mnt/hadoop/store/user/wxie/PAMinBiasUPC/HFTree/d32c37ab268e1492812aecf1e46c856e/HeavyFlavor_2938_2_SUm.root
/mnt/hadoop/store/user/wxie/PAMinBiasUPC/HFTree/d32c37ab268e1492812aecf1e46c856e/HeavyFlavor_2939_1_cMi.root
/mnt/hadoop/store/user/wxie/PAMinBiasUPC/HFTree/d32c37ab268e1492812aecf1e46c856e/HeavyFlavor_2940_1_O9p.root
/mnt/hadoop/store/user/wxie/PAMinBiasUPC/HFTree/d32c37ab268e1492812aecf1e46c856e/HeavyFlavor_2941_2_5sp.root
/mnt/hadoop/store/user/wxie/PAMinBiasUPC/HFTree/d32c37ab268e1492812aecf1e46c856e/HeavyFlavor_2942_1_EH8.root
/mnt/hadoop/store/user/wxie/PAMinBiasUPC/HFTree/d32c37ab268e1492812aecf1e46c856e/HeavyFlavor_2943_1_TSh.root
/mnt/hadoop/store/user/wxie/PAMinBiasUPC/HFTree/d32c37ab268e1492812aecf1e46c856e/HeavyFlavor_2944_2_eO0.root
/mnt/hadoop/store/user/wxie/PAMinBiasUPC/HFTree/d32c37ab268e1492812aecf1e46c856e/HeavyFlavor_2945_2_ATU.root
/mnt/hadoop/store/user/wxie/PAMinBiasUPC/HFTree/d32c37ab268e1492812aecf1e46c856e/HeavyFlavor_2946_1_VKX.root
/mnt/hadoop/store/user/wxie/PAMinBiasUPC/HFTree/d32c37ab268e1492812aecf1e46c856e/HeavyFlavor_2947_1_UVF.root
/mnt/hadoop/store/user/wxie/PAMinBiasUPC/HFTree/d32c37ab268e1492812aecf1e46c856e/HeavyFlavor_2948_1_s4Y.root
/mnt/hadoop/store/user/wxie/PAMinBiasUPC/HFTree/d32c37ab268e1492812aecf1e46c856e/HeavyFlavor_2949_2_Yty.root
/mnt/hadoop/store/user/wxie/PAMinBiasUPC/HFTree/d32c37ab268e1492812aecf1e46c856e/HeavyFlavor_2950_2_dXf.root
/mnt/hadoop/store/user/wxie/PAMinBiasUPC/HFTree/d32c37ab268e1492812aecf1e46c856e/HeavyFlavor_2951_1_RAv.root
/mnt/hadoop/store/user/wxie/PAMinBiasUPC/HFTree/d32c37ab268e1492812aecf1e46c856e/HeavyFlavor_2952_2_M1O.root
/mnt/hadoop/store/user/wxie/PAMinBiasUPC/HFTree/d32c37ab268e1492812aecf1e46c856e/HeavyFlavor_2953_1_VV9.root
/mnt/hadoop/store/user/wxie/PAMinBiasUPC/HFTree/d32c37ab268e1492812aecf1e46c856e/HeavyFlavor_2954_2_YWR.root
/mnt/hadoop/store/user/wxie/PAMinBiasUPC/HFTree/d32c37ab268e1492812aecf1e46c856e/HeavyFlavor_2955_1_axV.root
/mnt/hadoop/store/user/wxie/PAMinBiasUPC/HFTree/d32c37ab268e1492812aecf1e46c856e/HeavyFlavor_2956_2_qsV.root
/mnt/hadoop/store/user/wxie/PAMinBiasUPC/HFTree/d32c37ab268e1492812aecf1e46c856e/HeavyFlavor_2957_1_1nO.root
/mnt/hadoop/store/user/wxie/PAMinBiasUPC/HFTree/d32c37ab268e1492812aecf1e46c856e/HeavyFlavor_2958_2_A22.root
/mnt/hadoop/store/user/wxie/PAMinBiasUPC/HFTree/d32c37ab268e1492812aecf1e46c856e/HeavyFlavor_2959_2_SoI.root
/mnt/hadoop/store/user/wxie/PAMinBiasUPC/HFTree/d32c37ab268e1492812aecf1e46c856e/HeavyFlavor_2960_1_sVM.root
/mnt/hadoop/store/user/wxie/PAMinBiasUPC/HFTree/d32c37ab268e1492812aecf1e46c856e/HeavyFlavor_2961_1_S9U.root
/mnt/hadoop/store/user/wxie/PAMinBiasUPC/HFTree/d32c37ab268e1492812aecf1e46c856e/HeavyFlavor_2962_1_3EE.root
/mnt/hadoop/store/user/wxie/PAMinBiasUPC/HFTree/d32c37ab268e1492812aecf1e46c856e/HeavyFlavor_2963_1_DzA.root
/mnt/hadoop/store/user/wxie/PAMinBiasUPC/HFTree/d32c37ab268e1492812aecf1e46c856e/HeavyFlavor_2964_2_ZxW.root
/mnt/hadoop/store/user/wxie/PAMinBiasUPC/HFTree/d32c37ab268e1492812aecf1e46c856e/HeavyFlavor_2965_1_PKg.root
/mnt/hadoop/store/user/wxie/PAMinBiasUPC/HFTree/d32c37ab268e1492812aecf1e46c856e/HeavyFlavor_2966_1_cDM.root
/mnt/hadoop/store/user/wxie/PAMinBiasUPC/HFTree/d32c37ab268e1492812aecf1e46c856e/HeavyFlavor_2967_1_qX6.root
/mnt/hadoop/store/user/wxie/PAMinBiasUPC/HFTree/d32c37ab268e1492812aecf1e46c856e/HeavyFlavor_2968_2_hzc.root
/mnt/hadoop/store/user/wxie/PAMinBiasUPC/HFTree/d32c37ab268e1492812aecf1e46c856e/HeavyFlavor_2969_1_2Yh.root
/mnt/hadoop/store/user/wxie/PAMinBiasUPC/HFTree/d32c37ab268e1492812aecf1e46c856e/HeavyFlavor_2970_2_tsD.root
/mnt/hadoop/store/user/wxie/PAMinBiasUPC/HFTree/d32c37ab268e1492812aecf1e46c856e/HeavyFlavor_2971_1_JUR.root
/mnt/hadoop/store/user/wxie/PAMinBiasUPC/HFTree/d32c37ab268e1492812aecf1e46c856e/HeavyFlavor_2972_1_uvk.root
/mnt/hadoop/store/user/wxie/PAMinBiasUPC/HFTree/d32c37ab268e1492812aecf1e46c856e/HeavyFlavor_2973_2_eeq.root
/mnt/hadoop/store/user/wxie/PAMinBiasUPC/HFTree/d32c37ab268e1492812aecf1e46c856e/HeavyFlavor_2974_2_Ubr.root
/mnt/hadoop/store/user/wxie/PAMinBiasUPC/HFTree/d32c37ab268e1492812aecf1e46c856e/HeavyFlavor_2975_2_FwG.root
/mnt/hadoop/store/user/wxie/PAMinBiasUPC/HFTree/d32c37ab268e1492812aecf1e46c856e/HeavyFlavor_2976_1_eJU.root
/mnt/hadoop/store/user/wxie/PAMinBiasUPC/HFTree/d32c37ab268e1492812aecf1e46c856e/HeavyFlavor_2977_2_TkP.root
/mnt/hadoop/store/user/wxie/PAMinBiasUPC/HFTree/d32c37ab268e1492812aecf1e46c856e/HeavyFlavor_2978_1_mlp.root
/mnt/hadoop/store/user/wxie/PAMinBiasUPC/HFTree/d32c37ab268e1492812aecf1e46c856e/HeavyFlavor_2979_1_Elc.root
/mnt/hadoop/store/user/wxie/PAMinBiasUPC/HFTree/d32c37ab268e1492812aecf1e46c856e/HeavyFlavor_2980_2_3gx.root
/mnt/hadoop/store/user/wxie/PAMinBiasUPC/HFTree/d32c37ab268e1492812aecf1e46c856e/HeavyFlavor_2981_1_LzA.root
/mnt/hadoop/store/user/wxie/PAMinBiasUPC/HFTree/d32c37ab268e1492812aecf1e46c856e/HeavyFlavor_2982_2_eyY.root
/mnt/hadoop/store/user/wxie/PAMinBiasUPC/HFTree/d32c37ab268e1492812aecf1e46c856e/HeavyFlavor_2983_1_mha.root
/mnt/hadoop/store/user/wxie/PAMinBiasUPC/HFTree/d32c37ab268e1492812aecf1e46c856e/HeavyFlavor_2984_1_E7s.root
/mnt/hadoop/store/user/wxie/PAMinBiasUPC/HFTree/d32c37ab268e1492812aecf1e46c856e/HeavyFlavor_2985_2_aSM.root
/mnt/hadoop/store/user/wxie/PAMinBiasUPC/HFTree/d32c37ab268e1492812aecf1e46c856e/HeavyFlavor_2986_1_B7V.root
/mnt/hadoop/store/user/wxie/PAMinBiasUPC/HFTree/d32c37ab268e1492812aecf1e46c856e/HeavyFlavor_2987_2_SMn.root
/mnt/hadoop/store/user/wxie/PAMinBiasUPC/HFTree/d32c37ab268e1492812aecf1e46c856e/HeavyFlavor_2988_2_JIe.root
